bash-3.2$ cd ${HOME}/opt/ncs_2.2.0
bash-3.2$ source bin/activate
(ncs_2.2.0) bash-3.2$ 
(ncs_2.2.0) bash-3.2$ pip3 install west
Collecting west
  Downloading west-0.14.0-py3-none-any.whl (88 kB)
     |████████████████████████████████| 88 kB 1.5 MB/s 
Collecting colorama
  Downloading colorama-0.4.6-py2.py3-none-any.whl (25 kB)
Collecting PyYAML>=5.1
  Downloading PyYAML-6.0-cp39-cp39-macosx_10_9_x86_64.whl (197 kB)
     |████████████████████████████████| 197 kB 2.0 MB/s 
Requirement already satisfied: setuptools in ./lib/python3.9/site-packages (from west) (58.0.4)
Collecting packaging
  Downloading packaging-23.0-py3-none-any.whl (42 kB)
     |████████████████████████████████| 42 kB 1.4 MB/s 
Collecting pykwalify
  Downloading pykwalify-1.8.0-py2.py3-none-any.whl (24 kB)
Collecting ruamel.yaml>=0.16.0
  Downloading ruamel.yaml-0.17.21-py3-none-any.whl (109 kB)
     |████████████████████████████████| 109 kB 2.5 MB/s 
Collecting docopt>=0.6.2
  Downloading docopt-0.6.2.tar.gz (25 kB)
Collecting python-dateutil>=2.8.0
  Downloading python_dateutil-2.8.2-py2.py3-none-any.whl (247 kB)
     |████████████████████████████████| 247 kB 2.3 MB/s 
Collecting six>=1.5
  Downloading six-1.16.0-py2.py3-none-any.whl (11 kB)
Collecting ruamel.yaml.clib>=0.2.6
  Downloading ruamel.yaml.clib-0.2.7-cp39-cp39-macosx_10_9_x86_64.whl (150 kB)
     |████████████████████████████████| 150 kB 2.2 MB/s 
Using legacy 'setup.py install' for docopt, since package 'wheel' is not installed.
Installing collected packages: six, ruamel.yaml.clib, ruamel.yaml, python-dateutil, docopt, PyYAML, pykwalify, packaging, colorama, west
    Running setup.py install for docopt ... done
Successfully installed PyYAML-6.0 colorama-0.4.6 docopt-0.6.2 packaging-23.0 pykwalify-1.8.0 python-dateutil-2.8.2 ruamel.yaml-0.17.21 ruamel.yaml.clib-0.2.7 six-1.16.0 west-0.14.0
WARNING: You are using pip version 21.2.4; however, version 23.0 is available.
You should consider upgrading via the '/Users/makmorit/opt/ncs_2.2.0/bin/python3 -m pip install --upgrade pip' command.
(ncs_2.2.0) bash-3.2$ 
