ZEPHYR_BASE=/Users/makmorit/opt/ncs_1.9.1/zephyr (origin: env)
-- west flash: rebuilding
cmake version 3.22.3 is OK; minimum version is 3.13.1
Running CMake: /usr/local/bin/cmake --build build_signed
[0/4] Performing build step for 'hci_rpmsg_subimage'
ninja: no work to do.
-- west flash: using runner nrfjprog
runners.nrfjprog: nrfjprog --ids
Using board 960160943
-- runners.nrfjprog: Flashing file: /Users/makmorit/GitHub/onecard-fido/nRF5340_app/peripheral_sc_only/build_signed/zephyr/merged_domains.hex
-- runners.nrfjprog: /Users/makmorit/GitHub/onecard-fido/nRF5340_app/peripheral_sc_only/build_signed/zephyr/merged_domains.hex targets both nRF53 coprocessors; splitting it into: /Users/makmorit/GitHub/onecard-fido/nRF5340_app/peripheral_sc_only/build_signed/zephyr/GENERATED_CP_NETWORK_merged_domains.hex and /Users/makmorit/GitHub/onecard-fido/nRF5340_app/peripheral_sc_only/build_signed/zephyr/GENERATED_CP_APPLICATION_merged_domains.hex
runners.nrfjprog: nrfjprog --program /Users/makmorit/GitHub/onecard-fido/nRF5340_app/peripheral_sc_only/build_signed/zephyr/GENERATED_CP_NETWORK_merged_domains.hex --sectorerase -f NRF53 --snr 960160943 --coprocessor CP_NETWORK
Parsing image file.
WARNING: A programming operation has been performed without --verify.
WARNING: Programming can fail without error.
runners.nrfjprog: nrfjprog --program /Users/makmorit/GitHub/onecard-fido/nRF5340_app/peripheral_sc_only/build_signed/zephyr/GENERATED_CP_APPLICATION_merged_domains.hex --sectorerase -f NRF53 --snr 960160943 --coprocessor CP_APPLICATION
Parsing image file.
WARNING: A programming operation has been performed without --verify.
WARNING: Programming can fail without error.
runners.nrfjprog: nrfjprog --pinreset -f NRF53 --snr 960160943
Applying pin reset.
-- runners.nrfjprog: Board with serial number 960160943 flashed successfully.
