bash-3.2$ cd ${HOME}/opt/ncs_1.8.0-rc2;source bin/activate
(ncs_1.8.0-rc2) bash-3.2$ pwd
/Users/makmorit/opt/ncs_1.8.0-rc2
(ncs_1.8.0-rc2) bash-3.2$
(ncs_1.8.0-rc2) bash-3.2$ pip3 install west
Collecting west
  Downloading https://files.pythonhosted.org/packages/8e/0c/9f8ee26eb8b27b3aae9e2a2b6ec7cd72ba119c234548ceee184c2df700a2/west-0.12.0-py3-none-any.whl (84kB)
    100% |████████████████████████████████| 92kB 1.4MB/s
Requirement already satisfied: setuptools in ./lib/python3.7/site-packages (from west) (40.8.0)
Collecting pykwalify (from west)
  Using cached https://files.pythonhosted.org/packages/1f/fd/ac2161cce19fd67a18c269073f8e86292b5511acec6f8ef6eab88615d032/pykwalify-1.8.0-py2.py3-none-any.whl
Collecting PyYAML>=5.1 (from west)
  Downloading https://files.pythonhosted.org/packages/9d/f6/7e91fbb58c9ee528759aea5892e062cccb426720c5830ddcce92eba00ff1/PyYAML-6.0-cp37-cp37m-macosx_10_9_x86_64.whl (189kB)
    100% |████████████████████████████████| 194kB 3.9MB/s
Collecting packaging (from west)
  Downloading https://files.pythonhosted.org/packages/05/8e/8de486cbd03baba4deef4142bd643a3e7bbe954a784dc1bb17142572d127/packaging-21.3-py3-none-any.whl (40kB)
    100% |████████████████████████████████| 40kB 3.0MB/s
Collecting colorama (from west)
  Using cached https://files.pythonhosted.org/packages/44/98/5b86278fbbf250d239ae0ecb724f8572af1c91f4a11edf4d36a206189440/colorama-0.4.4-py2.py3-none-any.whl
Collecting docopt>=0.6.2 (from pykwalify->west)
  Using cached https://files.pythonhosted.org/packages/a2/55/8f8cab2afd404cf578136ef2cc5dfb50baa1761b68c9da1fb1e4eed343c9/docopt-0.6.2.tar.gz
Collecting ruamel.yaml>=0.16.0 (from pykwalify->west)
  Downloading https://files.pythonhosted.org/packages/cb/30/2d76730ade03303d1c4deb0742a4fbe374e072a4eeb9e1d08f5140f7ddd2/ruamel.yaml-0.17.20-py3-none-any.whl (109kB)
    100% |████████████████████████████████| 112kB 3.3MB/s
Collecting python-dateutil>=2.8.0 (from pykwalify->west)
  Downloading https://files.pythonhosted.org/packages/36/7a/87837f39d0296e723bb9b62bbb257d0355c7f6128853c78955f57342a56d/python_dateutil-2.8.2-py2.py3-none-any.whl (247kB)
    100% |████████████████████████████████| 256kB 3.8MB/s
Collecting pyparsing!=3.0.5,>=2.0.2 (from packaging->west)
  Downloading https://files.pythonhosted.org/packages/80/c1/23fd82ad3121656b585351aba6c19761926bb0db2ebed9e4ff09a43a3fcc/pyparsing-3.0.7-py3-none-any.whl (98kB)
    100% |████████████████████████████████| 102kB 7.8MB/s
Collecting ruamel.yaml.clib>=0.2.6; platform_python_implementation == "CPython" and python_version < "3.11" (from ruamel.yaml>=0.16.0->pykwalify->west)
  Downloading https://files.pythonhosted.org/packages/d1/17/630d1d28e0fc442115280f3928b8a2b78a47b5c75bb619d16bfc4d046a69/ruamel.yaml.clib-0.2.6-cp37-cp37m-macosx_10_9_x86_64.whl (140kB)
    100% |████████████████████████████████| 143kB 2.9MB/s
Collecting six>=1.5 (from python-dateutil>=2.8.0->pykwalify->west)
  Using cached https://files.pythonhosted.org/packages/d9/5a/e7c31adbe875f2abbb91bd84cf2dc52d792b5a01506781dbcf25c91daf11/six-1.16.0-py2.py3-none-any.whl
Installing collected packages: docopt, ruamel.yaml.clib, ruamel.yaml, six, python-dateutil, pykwalify, PyYAML, pyparsing, packaging, colorama, west
  Running setup.py install for docopt ... done
Successfully installed PyYAML-6.0 colorama-0.4.4 docopt-0.6.2 packaging-21.3 pykwalify-1.8.0 pyparsing-3.0.7 python-dateutil-2.8.2 ruamel.yaml-0.17.20 ruamel.yaml.clib-0.2.6 six-1.16.0 west-0.12.0
You are using pip version 19.0.3, however version 21.3.1 is available.
You should consider upgrading via the 'pip install --upgrade pip' command.
(ncs_1.8.0-rc2) bash-3.2$
(ncs_1.8.0-rc2) bash-3.2$ west init -m https://github.com/nrfconnect/sdk-nrf --mr v1.8.0-rc2
=== Initializing in /Users/makmorit/opt/ncs_1.8.0-rc2
--- Cloning manifest repository from https://github.com/nrfconnect/sdk-nrf, rev. v1.8.0-rc2
Cloning into '/Users/makmorit/opt/ncs_1.8.0-rc2/.west/manifest-tmp'...
remote: Enumerating objects: 95047, done.
remote: Counting objects: 100% (95/95), done.
remote: Compressing objects: 100% (91/91), done.
remote: Total 95047 (delta 50), reused 20 (delta 4), pack-reused 94952
Receiving objects: 100% (95047/95047), 51.67 MiB | 8.04 MiB/s, done.
Resolving deltas: 100% (70089/70089), done.
Note: switching to '8f8ada6a128cd944f54efe75fe1d62ddb7844d2a'.

You are in 'detached HEAD' state. You can look around, make experimental
changes and commit them, and you can discard any commits you make in this
state without impacting any branches by switching back to a branch.

If you want to create a new branch to retain commits you create, you may
do so (now or later) by using -c with the switch command. Example:

  git switch -c <new-branch-name>

Or undo this operation with:

  git switch -

Turn off this advice by setting config variable advice.detachedHead to false

--- setting manifest.path to nrf
=== Initialized. Now run "west update" inside /Users/makmorit/opt/ncs_1.8.0-rc2.
(ncs_1.8.0-rc2) bash-3.2$
(ncs_1.8.0-rc2) bash-3.2$ west update
=== updating zephyr (zephyr):
--- zephyr: initializing
Initialized empty Git repository in /Users/makmorit/opt/ncs_1.8.0-rc2/zephyr/.git/
--- zephyr: fetching, need revision v2.7.0-ncs1-rc2
remote: Enumerating objects: 613143, done.
remote: Total 613143 (delta 0), reused 0 (delta 0), pack-reused 613143
Receiving objects: 100% (613143/613143), 396.86 MiB | 8.14 MiB/s, done.
Resolving deltas: 100% (471426/471426), done.
From https://github.com/nrfconnect/sdk-zephyr
 * tag               v2.7.0-ncs1-rc2           -> FETCH_HEAD
 * [new tag]         v1.13.99-ncs1             -> v1.13.99-ncs1
 * [new tag]         v1.13.99-ncs1-rc1         -> v1.13.99-ncs1-rc1
 * [new tag]         v1.13.99-ncs2             -> v1.13.99-ncs2
 * [new tag]         v1.13.99-ncs2-rc1         -> v1.13.99-ncs2-rc1
 * [new tag]         v1.13.99-ncs2-rc2         -> v1.13.99-ncs2-rc2
 * [new tag]         v1.14.99-ncs1             -> v1.14.99-ncs1
 * [new tag]         v1.14.99-ncs1-rc1         -> v1.14.99-ncs1-rc1
 * [new tag]         v1.14.99-ncs1-rc2         -> v1.14.99-ncs1-rc2
 * [new tag]         v1.14.99-ncs2             -> v1.14.99-ncs2
 * [new tag]         v1.14.99-ncs2-rc1         -> v1.14.99-ncs2-rc1
 * [new tag]         v1.14.99-ncs2-rc2         -> v1.14.99-ncs2-rc2
 * [new tag]         v1.14.99-ncs2-rc3         -> v1.14.99-ncs2-rc3
 * [new tag]         v1.14.99-ncs2-rc4         -> v1.14.99-ncs2-rc4
 * [new tag]         v1.14.99-ncs3-snapshot1   -> v1.14.99-ncs3-snapshot1
 * [new tag]         v1.14.99-ncs3-snapshot2   -> v1.14.99-ncs3-snapshot2
 * [new tag]         v2.0.99-ncs1              -> v2.0.99-ncs1
 * [new tag]         v2.0.99-ncs1-rc1          -> v2.0.99-ncs1-rc1
 * [new tag]         v2.0.99-ncs1-rc2          -> v2.0.99-ncs1-rc2
 * [new tag]         v2.0.99-ncs1-rc3          -> v2.0.99-ncs1-rc3
 * [new tag]         v2.0.99-ncs1-snapshot1    -> v2.0.99-ncs1-snapshot1
 * [new tag]         v2.1.0-ncs1-snapshot1     -> v2.1.0-ncs1-snapshot1
 * [new tag]         v2.1.99-ncs1              -> v2.1.99-ncs1
 * [new tag]         v2.1.99-ncs1-rc1          -> v2.1.99-ncs1-rc1
 * [new tag]         v2.1.99-ncs1-rc2          -> v2.1.99-ncs1-rc2
 * [new tag]         v2.1.99-ncs1-snapshot1    -> v2.1.99-ncs1-snapshot1
 * [new tag]         v2.3.0-rc1-ncs1           -> v2.3.0-rc1-ncs1
 * [new tag]         v2.3.0-rc1-ncs1-rc1       -> v2.3.0-rc1-ncs1-rc1
 * [new tag]         v2.3.0-rc1-ncs1-rc2       -> v2.3.0-rc1-ncs1-rc2
 * [new tag]         v2.3.0-rc1-ncs1-rc3       -> v2.3.0-rc1-ncs1-rc3
 * [new tag]         v2.3.0-rc1-ncs1-snapshot1 -> v2.3.0-rc1-ncs1-snapshot1
 * [new tag]         v2.3.0-rc1-ncs2           -> v2.3.0-rc1-ncs2
 * [new tag]         v2.3.0-rc1-ncs3           -> v2.3.0-rc1-ncs3
 * [new tag]         v2.4.0-ncs1               -> v2.4.0-ncs1
 * [new tag]         v2.4.0-ncs1-rc1           -> v2.4.0-ncs1-rc1
 * [new tag]         v2.4.0-ncs1-rc2           -> v2.4.0-ncs1-rc2
 * [new tag]         v2.4.0-ncs1-snapshot1     -> v2.4.0-ncs1-snapshot1
 * [new tag]         v2.4.0-ncs2               -> v2.4.0-ncs2
 * [new tag]         v2.4.0-ncs2-rc1           -> v2.4.0-ncs2-rc1
 * [new tag]         v2.4.99-ncs1              -> v2.4.99-ncs1
 * [new tag]         v2.4.99-ncs1-rc1          -> v2.4.99-ncs1-rc1
 * [new tag]         v2.4.99-ncs1-snapshot1    -> v2.4.99-ncs1-snapshot1
 * [new tag]         v2.4.99-ncs2              -> v2.4.99-ncs2
 * [new tag]         v2.4.99-ncs2-1            -> v2.4.99-ncs2-1
 * [new tag]         v2.4.99-ncs2-rc1          -> v2.4.99-ncs2-rc1
 * [new tag]         v2.6.0-ncs1-rc3           -> v2.6.0-ncs1-rc3
 * [new tag]         v2.6.0-rc1-ncs1           -> v2.6.0-rc1-ncs1
 * [new tag]         v2.6.0-rc1-ncs1-rc1       -> v2.6.0-rc1-ncs1-rc1
 * [new tag]         v2.6.0-rc1-ncs1-snapshot1 -> v2.6.0-rc1-ncs1-snapshot1
 * [new tag]         v2.6.99-ncs1              -> v2.6.99-ncs1
 * [new tag]         v2.6.99-ncs1-1            -> v2.6.99-ncs1-1
 * [new tag]         v2.6.99-ncs1-rc1          -> v2.6.99-ncs1-rc1
 * [new tag]         v2.6.99-ncs1-rc2          -> v2.6.99-ncs1-rc2
 * [new tag]         v2.6.99-ncs1-snapshot1    -> v2.6.99-ncs1-snapshot1
 * [new tag]         v2.7.0-ncs1               -> v2.7.0-ncs1
 * [new tag]         v2.7.0-ncs1-rc1           -> v2.7.0-ncs1-rc1
 * [new tag]         v2.7.0-ncs1-rc2           -> v2.7.0-ncs1-rc2
 * [new tag]         v2.7.0-ncs1-snapshot1     -> v2.7.0-ncs1-snapshot1
Updating files: 100% (17706/17706), done.
HEAD is now at a652410da5 [nrf fromtree] Bluetooth: Adds preprocessor to L2CAP tester app
HEAD is now at a652410da5 [nrf fromtree] Bluetooth: Adds preprocessor to L2CAP tester app
=== updating mcuboot (bootloader/mcuboot):
--- mcuboot: initializing
Initialized empty Git repository in /Users/makmorit/opt/ncs_1.8.0-rc2/bootloader/mcuboot/.git/
--- mcuboot: fetching, need revision v1.7.99-ncs4-rc2
remote: Enumerating objects: 14562, done.
remote: Counting objects: 100% (2327/2327), done.
remote: Compressing objects: 100% (849/849), done.
remote: Total 14562 (delta 1637), reused 2023 (delta 1428), pack-reused 12235
Receiving objects: 100% (14562/14562), 4.54 MiB | 2.88 MiB/s, done.
Resolving deltas: 100% (9697/9697), done.
From https://github.com/nrfconnect/sdk-mcuboot
 * tag               v1.7.99-ncs4-rc2       -> FETCH_HEAD
 * [new tag]         v1.2.99-ncs1           -> v1.2.99-ncs1
 * [new tag]         v1.2.99-ncs1-rc1       -> v1.2.99-ncs1-rc1
 * [new tag]         v1.2.99-ncs2           -> v1.2.99-ncs2
 * [new tag]         v1.2.99-ncs2-rc1       -> v1.2.99-ncs2-rc1
 * [new tag]         v1.2.99-ncs2-rc2       -> v1.2.99-ncs2-rc2
 * [new tag]         v1.3.99-ncs1           -> v1.3.99-ncs1
 * [new tag]         v1.3.99-ncs1-rc1       -> v1.3.99-ncs1-rc1
 * [new tag]         v1.3.99-ncs1-rc2       -> v1.3.99-ncs1-rc2
 * [new tag]         v1.3.99-ncs2           -> v1.3.99-ncs2
 * [new tag]         v1.3.99-ncs2-rc1       -> v1.3.99-ncs2-rc1
 * [new tag]         v1.3.99-ncs2-rc2       -> v1.3.99-ncs2-rc2
 * [new tag]         v1.3.99-ncs2-rc3       -> v1.3.99-ncs2-rc3
 * [new tag]         v1.3.99-ncs2-rc4       -> v1.3.99-ncs2-rc4
 * [new tag]         v1.3.99-ncs3-snapshot1 -> v1.3.99-ncs3-snapshot1
 * [new tag]         v1.3.99-ncs3-snapshot2 -> v1.3.99-ncs3-snapshot2
 * [new tag]         v1.4.99-ncs1           -> v1.4.99-ncs1
 * [new tag]         v1.4.99-ncs1-rc1       -> v1.4.99-ncs1-rc1
 * [new tag]         v1.4.99-ncs1-rc2       -> v1.4.99-ncs1-rc2
 * [new tag]         v1.4.99-ncs1-rc3       -> v1.4.99-ncs1-rc3
 * [new tag]         v1.4.99-ncs1-snapshot1 -> v1.4.99-ncs1-snapshot1
 * [new tag]         v1.4.99-ncs2           -> v1.4.99-ncs2
 * [new tag]         v1.4.99-ncs2-rc1       -> v1.4.99-ncs2-rc1
 * [new tag]         v1.4.99-ncs2-rc2       -> v1.4.99-ncs2-rc2
 * [new tag]         v1.4.99-ncs2-snapshot1 -> v1.4.99-ncs2-snapshot1
 * [new tag]         v1.5.99-ncs1-rc1       -> v1.5.99-ncs1-rc1
 * [new tag]         v1.5.99-ncs1-rc2       -> v1.5.99-ncs1-rc2
 * [new tag]         v1.5.99-ncs1-rc3       -> v1.5.99-ncs1-rc3
 * [new tag]         v1.5.99-ncs1-snapshot1 -> v1.5.99-ncs1-snapshot1
 * [new tag]         v1.6.0-rc2-ncs1        -> v1.6.0-rc2-ncs1
 * [new tag]         v1.6.99-ncs1           -> v1.6.99-ncs1
 * [new tag]         v1.6.99-ncs1-rc1       -> v1.6.99-ncs1-rc1
 * [new tag]         v1.6.99-ncs1-rc2       -> v1.6.99-ncs1-rc2
 * [new tag]         v1.6.99-ncs1-snapshot1 -> v1.6.99-ncs1-snapshot1
 * [new tag]         v1.7.0-ncs1-rc1        -> v1.7.0-ncs1-rc1
 * [new tag]         v1.7.0-ncs1-rc3        -> v1.7.0-ncs1-rc3
 * [new tag]         v1.7.0-ncs1-snapshot1  -> v1.7.0-ncs1-snapshot1
 * [new tag]         v1.7.2                 -> v1.7.2
 * [new tag]         v1.7.99-ncs1           -> v1.7.99-ncs1
 * [new tag]         v1.7.99-ncs1-1         -> v1.7.99-ncs1-1
 * [new tag]         v1.7.99-ncs1-rc1       -> v1.7.99-ncs1-rc1
 * [new tag]         v1.7.99-ncs2           -> v1.7.99-ncs2
 * [new tag]         v1.7.99-ncs2-snapshot1 -> v1.7.99-ncs2-snapshot1
 * [new tag]         v1.7.99-ncs3           -> v1.7.99-ncs3
 * [new tag]         v1.7.99-ncs3-1         -> v1.7.99-ncs3-1
 * [new tag]         v1.7.99-ncs3-rc1       -> v1.7.99-ncs3-rc1
 * [new tag]         v1.7.99-ncs3-rc2       -> v1.7.99-ncs3-rc2
 * [new tag]         v1.7.99-ncs4           -> v1.7.99-ncs4
 * [new tag]         v1.7.99-ncs4-rc1       -> v1.7.99-ncs4-rc1
 * [new tag]         v1.7.99-ncs4-rc2       -> v1.7.99-ncs4-rc2
HEAD is now at 94f4758 fixup! [nrf noup] treewide: add NCS partition manager support
HEAD is now at 94f4758 fixup! [nrf noup] treewide: add NCS partition manager support
=== updating nrfxlib (nrfxlib):
--- nrfxlib: initializing
Initialized empty Git repository in /Users/makmorit/opt/ncs_1.8.0-rc2/nrfxlib/.git/
--- nrfxlib: fetching, need revision v1.8.0-rc2
remote: Enumerating objects: 14116, done.
remote: Total 14116 (delta 0), reused 0 (delta 0), pack-reused 14116
Receiving objects: 100% (14116/14116), 137.57 MiB | 8.00 MiB/s, done.
Resolving deltas: 100% (8560/8560), done.
From https://github.com/nrfconnect/sdk-nrfxlib
 * tag               v1.8.0-rc2 -> FETCH_HEAD
 * [new tag]         v0.1.0     -> v0.1.0
 * [new tag]         v0.1.0-rc1 -> v0.1.0-rc1
 * [new tag]         v0.3.0     -> v0.3.0
 * [new tag]         v0.3.0-rc1 -> v0.3.0-rc1
 * [new tag]         v0.3.0-rc2 -> v0.3.0-rc2
 * [new tag]         v0.4.0     -> v0.4.0
 * [new tag]         v0.4.0-rc1 -> v0.4.0-rc1
 * [new tag]         v0.4.0-rc2 -> v0.4.0-rc2
 * [new tag]         v1.0.0     -> v1.0.0
 * [new tag]         v1.0.0-rc1 -> v1.0.0-rc1
 * [new tag]         v1.0.0-rc2 -> v1.0.0-rc2
 * [new tag]         v1.0.0-rc3 -> v1.0.0-rc3
 * [new tag]         v1.0.0-rc4 -> v1.0.0-rc4
 * [new tag]         v1.1.0     -> v1.1.0
 * [new tag]         v1.1.0-rc1 -> v1.1.0-rc1
 * [new tag]         v1.1.0-rc2 -> v1.1.0-rc2
 * [new tag]         v1.1.0-rc3 -> v1.1.0-rc3
 * [new tag]         v1.2.0     -> v1.2.0
 * [new tag]         v1.2.0-rc1 -> v1.2.0-rc1
 * [new tag]         v1.2.0-rc2 -> v1.2.0-rc2
 * [new tag]         v1.2.1     -> v1.2.1
 * [new tag]         v1.3.0     -> v1.3.0
 * [new tag]         v1.3.0-rc1 -> v1.3.0-rc1
 * [new tag]         v1.3.0-rc2 -> v1.3.0-rc2
 * [new tag]         v1.3.0-rc3 -> v1.3.0-rc3
 * [new tag]         v1.3.1     -> v1.3.1
 * [new tag]         v1.4.0     -> v1.4.0
 * [new tag]         v1.4.0-rc1 -> v1.4.0-rc1
 * [new tag]         v1.4.1     -> v1.4.1
 * [new tag]         v1.4.2     -> v1.4.2
 * [new tag]         v1.5.0     -> v1.5.0
 * [new tag]         v1.5.0-rc1 -> v1.5.0-rc1
 * [new tag]         v1.5.1     -> v1.5.1
 * [new tag]         v1.5.1-rc1 -> v1.5.1-rc1
 * [new tag]         v1.5.2     -> v1.5.2
 * [new tag]         v1.6.0     -> v1.6.0
 * [new tag]         v1.6.0-rc3 -> v1.6.0-rc3
 * [new tag]         v1.6.1     -> v1.6.1
 * [new tag]         v1.7.0     -> v1.7.0
 * [new tag]         v1.7.0-rc1 -> v1.7.0-rc1
 * [new tag]         v1.7.0-rc2 -> v1.7.0-rc2
 * [new tag]         v1.7.1     -> v1.7.1
 * [new tag]         v1.8.0     -> v1.8.0
 * [new tag]         v1.8.0-rc1 -> v1.8.0-rc1
 * [new tag]         v1.8.0-rc2 -> v1.8.0-rc2
HEAD is now at 501d6b3 nrf_802154: rev dad0eae1feea407b99904c9918d3709c49d018db
HEAD is now at 501d6b3 nrf_802154: rev dad0eae1feea407b99904c9918d3709c49d018db
=== updating trusted-firmware-m (modules/tee/tfm):
--- trusted-firmware-m: initializing
Initialized empty Git repository in /Users/makmorit/opt/ncs_1.8.0-rc2/modules/tee/tfm/.git/
--- trusted-firmware-m: fetching, need revision v1.3.99-ncs3-rc2
remote: Enumerating objects: 18052, done.
remote: Counting objects: 100% (3034/3034), done.
remote: Compressing objects: 100% (1804/1804), done.
remote: Total 18052 (delta 2233), reused 1230 (delta 1230), pack-reused 15018
Receiving objects: 100% (18052/18052), 35.78 MiB | 7.90 MiB/s, done.
Resolving deltas: 100% (9532/9532), done.
From https://github.com/nrfconnect/sdk-trusted-firmware-m
 * tag               v1.3.99-ncs3-rc2       -> FETCH_HEAD
 * [new tag]         v1.2.99-ncs1           -> v1.2.99-ncs1
 * [new tag]         v1.2.99-ncs1-1         -> v1.2.99-ncs1-1
 * [new tag]         v1.2.99-ncs1-rc1       -> v1.2.99-ncs1-rc1
 * [new tag]         v1.3.99-ncs1           -> v1.3.99-ncs1
 * [new tag]         v1.3.99-ncs1-rc1       -> v1.3.99-ncs1-rc1
 * [new tag]         v1.3.99-ncs1-rc3       -> v1.3.99-ncs1-rc3
 * [new tag]         v1.3.99-ncs1-snapshot1 -> v1.3.99-ncs1-snapshot1
 * [new tag]         v1.3.99-ncs1-snapshot2 -> v1.3.99-ncs1-snapshot2
 * [new tag]         v1.3.99-ncs2           -> v1.3.99-ncs2
 * [new tag]         v1.3.99-ncs2-1         -> v1.3.99-ncs2-1
 * [new tag]         v1.3.99-ncs2-rc1       -> v1.3.99-ncs2-rc1
 * [new tag]         v1.3.99-ncs2-rc2       -> v1.3.99-ncs2-rc2
 * [new tag]         v1.3.99-ncs3           -> v1.3.99-ncs3
 * [new tag]         v1.3.99-ncs3-rc1       -> v1.3.99-ncs3-rc1
 * [new tag]         v1.3.99-ncs3-rc2       -> v1.3.99-ncs3-rc2
HEAD is now at 336ef5f1 [nrf fromtree] trusted-firmware-m: Disable SECURE_UART1
HEAD is now at 336ef5f1 [nrf fromtree] trusted-firmware-m: Disable SECURE_UART1
=== updating tfm-mcuboot (modules/tee/tfm-mcuboot):
--- tfm-mcuboot: initializing
Initialized empty Git repository in /Users/makmorit/opt/ncs_1.8.0-rc2/modules/tee/tfm-mcuboot/.git/
--- tfm-mcuboot: fetching, need revision v1.7.2
remote: Enumerating objects: 14562, done.
remote: Counting objects: 100% (2327/2327), done.
remote: Compressing objects: 100% (849/849), done.
remote: Total 14562 (delta 1637), reused 2023 (delta 1428), pack-reused 12235
Receiving objects: 100% (14562/14562), 4.54 MiB | 2.47 MiB/s, done.
Resolving deltas: 100% (9697/9697), done.
From https://github.com/nrfconnect/sdk-mcuboot
 * tag               v1.7.2                 -> FETCH_HEAD
 * [new tag]         v1.2.99-ncs1           -> v1.2.99-ncs1
 * [new tag]         v1.2.99-ncs1-rc1       -> v1.2.99-ncs1-rc1
 * [new tag]         v1.2.99-ncs2           -> v1.2.99-ncs2
 * [new tag]         v1.2.99-ncs2-rc1       -> v1.2.99-ncs2-rc1
 * [new tag]         v1.2.99-ncs2-rc2       -> v1.2.99-ncs2-rc2
 * [new tag]         v1.3.99-ncs1           -> v1.3.99-ncs1
 * [new tag]         v1.3.99-ncs1-rc1       -> v1.3.99-ncs1-rc1
 * [new tag]         v1.3.99-ncs1-rc2       -> v1.3.99-ncs1-rc2
 * [new tag]         v1.3.99-ncs2           -> v1.3.99-ncs2
 * [new tag]         v1.3.99-ncs2-rc1       -> v1.3.99-ncs2-rc1
 * [new tag]         v1.3.99-ncs2-rc2       -> v1.3.99-ncs2-rc2
 * [new tag]         v1.3.99-ncs2-rc3       -> v1.3.99-ncs2-rc3
 * [new tag]         v1.3.99-ncs2-rc4       -> v1.3.99-ncs2-rc4
 * [new tag]         v1.3.99-ncs3-snapshot1 -> v1.3.99-ncs3-snapshot1
 * [new tag]         v1.3.99-ncs3-snapshot2 -> v1.3.99-ncs3-snapshot2
 * [new tag]         v1.4.99-ncs1           -> v1.4.99-ncs1
 * [new tag]         v1.4.99-ncs1-rc1       -> v1.4.99-ncs1-rc1
 * [new tag]         v1.4.99-ncs1-rc2       -> v1.4.99-ncs1-rc2
 * [new tag]         v1.4.99-ncs1-rc3       -> v1.4.99-ncs1-rc3
 * [new tag]         v1.4.99-ncs1-snapshot1 -> v1.4.99-ncs1-snapshot1
 * [new tag]         v1.4.99-ncs2           -> v1.4.99-ncs2
 * [new tag]         v1.4.99-ncs2-rc1       -> v1.4.99-ncs2-rc1
 * [new tag]         v1.4.99-ncs2-rc2       -> v1.4.99-ncs2-rc2
 * [new tag]         v1.4.99-ncs2-snapshot1 -> v1.4.99-ncs2-snapshot1
 * [new tag]         v1.5.99-ncs1-rc1       -> v1.5.99-ncs1-rc1
 * [new tag]         v1.5.99-ncs1-rc2       -> v1.5.99-ncs1-rc2
 * [new tag]         v1.5.99-ncs1-rc3       -> v1.5.99-ncs1-rc3
 * [new tag]         v1.5.99-ncs1-snapshot1 -> v1.5.99-ncs1-snapshot1
 * [new tag]         v1.6.0-rc2-ncs1        -> v1.6.0-rc2-ncs1
 * [new tag]         v1.6.99-ncs1           -> v1.6.99-ncs1
 * [new tag]         v1.6.99-ncs1-rc1       -> v1.6.99-ncs1-rc1
 * [new tag]         v1.6.99-ncs1-rc2       -> v1.6.99-ncs1-rc2
 * [new tag]         v1.6.99-ncs1-snapshot1 -> v1.6.99-ncs1-snapshot1
 * [new tag]         v1.7.0-ncs1-rc1        -> v1.7.0-ncs1-rc1
 * [new tag]         v1.7.0-ncs1-rc3        -> v1.7.0-ncs1-rc3
 * [new tag]         v1.7.0-ncs1-snapshot1  -> v1.7.0-ncs1-snapshot1
 * [new tag]         v1.7.2                 -> v1.7.2
 * [new tag]         v1.7.99-ncs1           -> v1.7.99-ncs1
 * [new tag]         v1.7.99-ncs1-1         -> v1.7.99-ncs1-1
 * [new tag]         v1.7.99-ncs1-rc1       -> v1.7.99-ncs1-rc1
 * [new tag]         v1.7.99-ncs2           -> v1.7.99-ncs2
 * [new tag]         v1.7.99-ncs2-snapshot1 -> v1.7.99-ncs2-snapshot1
 * [new tag]         v1.7.99-ncs3           -> v1.7.99-ncs3
 * [new tag]         v1.7.99-ncs3-1         -> v1.7.99-ncs3-1
 * [new tag]         v1.7.99-ncs3-rc1       -> v1.7.99-ncs3-rc1
 * [new tag]         v1.7.99-ncs3-rc2       -> v1.7.99-ncs3-rc2
 * [new tag]         v1.7.99-ncs4           -> v1.7.99-ncs4
 * [new tag]         v1.7.99-ncs4-rc1       -> v1.7.99-ncs4-rc1
 * [new tag]         v1.7.99-ncs4-rc2       -> v1.7.99-ncs4-rc2
HEAD is now at 4aa516e Bump versions for v1.7.2
HEAD is now at 4aa516e Bump versions for v1.7.2
=== updating matter (modules/lib/matter):
--- matter: initializing
Initialized empty Git repository in /Users/makmorit/opt/ncs_1.8.0-rc2/modules/lib/matter/.git/
--- matter: fetching, need revision v1.8.0-rc2
remote: Enumerating objects: 101513, done.
remote: Counting objects: 100% (52716/52716), done.
remote: Compressing objects: 100% (11867/11867), done.
remote: Total 101513 (delta 39864), reused 50293 (delta 38366), pack-reused 48797
Receiving objects: 100% (101513/101513), 42.65 MiB | 3.50 MiB/s, done.
Resolving deltas: 100% (76138/76138), done.
From https://github.com/nrfconnect/sdk-connectedhomeip
 * tag               v1.8.0-rc2        -> FETCH_HEAD
 * [new tag]         v1.5.0            -> v1.5.0
 * [new tag]         v1.5.0-rc1        -> v1.5.0-rc1
 * [new tag]         v1.5.1            -> v1.5.1
 * [new tag]         v1.5.1-rc1        -> v1.5.1-rc1
 * [new tag]         v1.5.2            -> v1.5.2
 * [new tag]         v1.6.0            -> v1.6.0
 * [new tag]         v1.6.0-rc3        -> v1.6.0-rc3
 * [new tag]         v1.6.99-20210901  -> v1.6.99-20210901
 * [new tag]         v1.6.99-snapshot1 -> v1.6.99-snapshot1
 * [new tag]         v1.7.0            -> v1.7.0
 * [new tag]         v1.7.0-rc1        -> v1.7.0-rc1
 * [new tag]         v1.7.0-rc2        -> v1.7.0-rc2
 * [new tag]         v1.7.1            -> v1.7.1
 * [new tag]         v1.7.99-20211125  -> v1.7.99-20211125
 * [new tag]         v1.8.0            -> v1.8.0
 * [new tag]         v1.8.0-rc1        -> v1.8.0-rc1
 * [new tag]         v1.8.0-rc2        -> v1.8.0-rc2
HEAD is now at 154748803 [nrf noup] Fix Enhanced Commissioning Window
HEAD is now at 154748803 [nrf noup] Fix Enhanced Commissioning Window
Submodule 'nlio' (https://github.com/nestlabs/nlio.git) registered for path 'third_party/nlio/repo'
Cloning into '/Users/makmorit/opt/ncs_1.8.0-rc2/modules/lib/matter/third_party/nlio/repo'...
Submodule path 'third_party/nlio/repo': checked out '0e725502c2b17bb0a0c22ddd4bcaee9090c8fb5c'
Submodule 'nlassert' (https://github.com/nestlabs/nlassert.git) registered for path 'third_party/nlassert/repo'
Cloning into '/Users/makmorit/opt/ncs_1.8.0-rc2/modules/lib/matter/third_party/nlassert/repo'...
Submodule path 'third_party/nlassert/repo': checked out 'c5892c5ae43830f939ed660ff8ac5f1b91d336d3'
Submodule 'pigweed' (https://github.com/google/pigweed.git) registered for path 'third_party/pigweed/repo'
Cloning into '/Users/makmorit/opt/ncs_1.8.0-rc2/modules/lib/matter/third_party/pigweed/repo'...
Submodule path 'third_party/pigweed/repo': checked out 'f0e9205b4185fdd1409444e5636a8f955a441971'
=== updating cjson (modules/lib/cjson):
--- cjson: initializing
Initialized empty Git repository in /Users/makmorit/opt/ncs_1.8.0-rc2/modules/lib/cjson/.git/
--- cjson: fetching, need revision c6af068b7f05207b28d68880740e4b9ec1e4b50a
remote: Enumerating objects: 3965, done.
remote: Counting objects: 100% (3965/3965), done.
remote: Compressing objects: 100% (1371/1371), done.
remote: Total 3965 (delta 2580), reused 3955 (delta 2571), pack-reused 0
Receiving objects: 100% (3965/3965), 2.30 MiB | 1.85 MiB/s, done.
Resolving deltas: 100% (2580/2580), done.
From https://github.com/nrfconnect/sdk-cjson
 * [new branch]      main       -> refs/west/main
 * [new tag]         v1.7.14    -> v1.7.14
HEAD is now at c6af068 [nrf fromtree] fix: potential memory leak in merge_patch() (#611)
HEAD is now at c6af068 [nrf fromtree] fix: potential memory leak in merge_patch() (#611)
=== updating cmock (test/cmock):
--- cmock: initializing
Initialized empty Git repository in /Users/makmorit/opt/ncs_1.8.0-rc2/test/cmock/.git/
--- cmock: fetching, need revision 9d092898ef26ece140d9225e037274b64d4f851e
remote: Enumerating objects: 5724, done.
remote: Counting objects: 100% (113/113), done.
remote: Compressing objects: 100% (79/79), done.
remote: Total 5724 (delta 54), reused 60 (delta 24), pack-reused 5611
Receiving objects: 100% (5724/5724), 3.60 MiB | 3.04 MiB/s, done.
Resolving deltas: 100% (3883/3883), done.
From https://github.com/ThrowTheSwitch/cmock
 * [new branch]      branch_2_5_1                  -> refs/west/branch_2_5_1
 * [new branch]      feature/only_config_is_shared -> refs/west/feature/only_config_is_shared
 * [new branch]      master                        -> refs/west/master
 * [new branch]      reapply_329                   -> refs/west/reapply_329
 * [new branch]      revert-329-master             -> refs/west/revert-329-master
 * [new branch]      test/switch_to_actions        -> refs/west/test/switch_to_actions
 * [new tag]         v2.4.3                        -> v2.4.3
 * [new tag]         v2.4.4                        -> v2.4.4
 * [new tag]         v2.4.5                        -> v2.4.5
 * [new tag]         v2.4.6                        -> v2.4.6
 * [new tag]         v2.5.0                        -> v2.5.0
 * [new tag]         v2.5.1                        -> v2.5.1
 * [new tag]         v2.5.2                        -> v2.5.2
 * [new tag]         v2.5.3                        -> v2.5.3
HEAD is now at 9d09289 Merge pull request #346 from ThrowTheSwitch/reapply_329
HEAD is now at 9d09289 Merge pull request #346 from ThrowTheSwitch/reapply_329
=== updating unity (test/cmock/vendor/unity):
--- unity: initializing
Initialized empty Git repository in /Users/makmorit/opt/ncs_1.8.0-rc2/test/cmock/vendor/unity/.git/
--- unity: fetching, need revision 74cde089e65c3435ce9aa87d5c69f4f16b7f6ade
remote: Enumerating objects: 5906, done.
remote: Counting objects: 100% (129/129), done.
remote: Compressing objects: 100% (81/81), done.
remote: Total 5906 (delta 65), reused 96 (delta 48), pack-reused 5777
Receiving objects: 100% (5906/5906), 6.63 MiB | 3.07 MiB/s, done.
Resolving deltas: 100% (3649/3649), done.
From https://github.com/ThrowTheSwitch/unity
 * [new branch]      master     -> refs/west/master
 * [new tag]         v2.1.0     -> v2.1.0
 * [new tag]         v2.4.0     -> v2.4.0
 * [new tag]         v2.4.1     -> v2.4.1
 * [new tag]         v2.4.2     -> v2.4.2
 * [new tag]         v2.4.3     -> v2.4.3
 * [new tag]         v2.5.0     -> v2.5.0
 * [new tag]         v2.5.1     -> v2.5.1
 * [new tag]         v2.5.2     -> v2.5.2
HEAD is now at 74cde08 Merge pull request #540 from numaru/master
HEAD is now at 74cde08 Merge pull request #540 from numaru/master
=== updating mbedtls-nrf (mbedtls):
--- mbedtls-nrf: initializing
Initialized empty Git repository in /Users/makmorit/opt/ncs_1.8.0-rc2/mbedtls/.git/
--- mbedtls-nrf: fetching, need revision mbedtls-2.26.0
remote: Enumerating objects: 149117, done.
remote: Total 149117 (delta 0), reused 0 (delta 0), pack-reused 149117
Receiving objects: 100% (149117/149117), 65.40 MiB | 8.43 MiB/s, done.
Resolving deltas: 100% (115262/115262), done.
From https://github.com/ARMmbed/mbedtls
 * tag               mbedtls-2.26.0              -> FETCH_HEAD
 * [new tag]         beta-oob-2                  -> beta-oob-2
 * [new tag]         beta-release                -> beta-release
 * [new tag]         feature-opaque-keys-2.7-rc1 -> feature-opaque-keys-2.7-rc1
 * [new tag]         list                        -> list
 * [new tag]         mbed-alpha3                 -> mbed-alpha3
 * [new tag]         mbed-os-beta                -> mbed-os-beta
 * [new tag]         mbedos-16.01-release        -> mbedos-16.01-release
 * [new tag]         mbedos-16.03-release        -> mbedos-16.03-release
 * [new tag]         mbedos-2016q1-oob1          -> mbedos-2016q1-oob1
 * [new tag]         mbedos-2016q1-oob2          -> mbedos-2016q1-oob2
 * [new tag]         mbedos-2016q1-oob3          -> mbedos-2016q1-oob3
 * [new tag]         mbedos-release-15-11        -> mbedos-release-15-11
 * [new tag]         mbedos-techcon-oob2         -> mbedos-techcon-oob2
 * [new tag]         mbedtls-1.3.10              -> mbedtls-1.3.10
 * [new tag]         mbedtls-1.3.11              -> mbedtls-1.3.11
 * [new tag]         mbedtls-1.3.12              -> mbedtls-1.3.12
 * [new tag]         mbedtls-1.3.13              -> mbedtls-1.3.13
 * [new tag]         mbedtls-1.3.14              -> mbedtls-1.3.14
 * [new tag]         mbedtls-1.3.15              -> mbedtls-1.3.15
 * [new tag]         mbedtls-1.3.16              -> mbedtls-1.3.16
 * [new tag]         mbedtls-1.3.17              -> mbedtls-1.3.17
 * [new tag]         mbedtls-1.3.18              -> mbedtls-1.3.18
 * [new tag]         mbedtls-1.3.19              -> mbedtls-1.3.19
 * [new tag]         mbedtls-1.3.19-rc1          -> mbedtls-1.3.19-rc1
 * [new tag]         mbedtls-1.3.20              -> mbedtls-1.3.20
 * [new tag]         mbedtls-1.3.21              -> mbedtls-1.3.21
 * [new tag]         mbedtls-1.3.21-rc1          -> mbedtls-1.3.21-rc1
 * [new tag]         mbedtls-1.3.22              -> mbedtls-1.3.22
 * [new tag]         mbedtls-1.3.22-rc1          -> mbedtls-1.3.22-rc1
 * [new tag]         mbedtls-1.4-dtls-preview    -> mbedtls-1.4-dtls-preview
 * [new tag]         mbedtls-2.0.0               -> mbedtls-2.0.0
 * [new tag]         mbedtls-2.1.0               -> mbedtls-2.1.0
 * [new tag]         mbedtls-2.1.1               -> mbedtls-2.1.1
 * [new tag]         mbedtls-2.1.10              -> mbedtls-2.1.10
 * [new tag]         mbedtls-2.1.10-rc1          -> mbedtls-2.1.10-rc1
 * [new tag]         mbedtls-2.1.11              -> mbedtls-2.1.11
 * [new tag]         mbedtls-2.1.11-rc1          -> mbedtls-2.1.11-rc1
 * [new tag]         mbedtls-2.1.12              -> mbedtls-2.1.12
 * [new tag]         mbedtls-2.1.13              -> mbedtls-2.1.13
 * [new tag]         mbedtls-2.1.14              -> mbedtls-2.1.14
 * [new tag]         mbedtls-2.1.15              -> mbedtls-2.1.15
 * [new tag]         mbedtls-2.1.16              -> mbedtls-2.1.16
 * [new tag]         mbedtls-2.1.17              -> mbedtls-2.1.17
 * [new tag]         mbedtls-2.1.18              -> mbedtls-2.1.18
 * [new tag]         mbedtls-2.1.2               -> mbedtls-2.1.2
 * [new tag]         mbedtls-2.1.3               -> mbedtls-2.1.3
 * [new tag]         mbedtls-2.1.4               -> mbedtls-2.1.4
 * [new tag]         mbedtls-2.1.5               -> mbedtls-2.1.5
 * [new tag]         mbedtls-2.1.6               -> mbedtls-2.1.6
 * [new tag]         mbedtls-2.1.7               -> mbedtls-2.1.7
 * [new tag]         mbedtls-2.1.7-rc1           -> mbedtls-2.1.7-rc1
 * [new tag]         mbedtls-2.1.8               -> mbedtls-2.1.8
 * [new tag]         mbedtls-2.1.9               -> mbedtls-2.1.9
 * [new tag]         mbedtls-2.1.9-rc1           -> mbedtls-2.1.9-rc1
 * [new tag]         mbedtls-2.10.0              -> mbedtls-2.10.0
 * [new tag]         mbedtls-2.11.0              -> mbedtls-2.11.0
 * [new tag]         mbedtls-2.12.0              -> mbedtls-2.12.0
 * [new tag]         mbedtls-2.13.0              -> mbedtls-2.13.0
 * [new tag]         mbedtls-2.13.1              -> mbedtls-2.13.1
 * [new tag]         mbedtls-2.14.0              -> mbedtls-2.14.0
 * [new tag]         mbedtls-2.14.1              -> mbedtls-2.14.1
 * [new tag]         mbedtls-2.15.0              -> mbedtls-2.15.0
 * [new tag]         mbedtls-2.15.1              -> mbedtls-2.15.1
 * [new tag]         mbedtls-2.16.0              -> mbedtls-2.16.0
 * [new tag]         mbedtls-2.16.1              -> mbedtls-2.16.1
 * [new tag]         mbedtls-2.16.10             -> mbedtls-2.16.10
 * [new tag]         mbedtls-2.16.11             -> mbedtls-2.16.11
 * [new tag]         mbedtls-2.16.12             -> mbedtls-2.16.12
 * [new tag]         mbedtls-2.16.2              -> mbedtls-2.16.2
 * [new tag]         mbedtls-2.16.3              -> mbedtls-2.16.3
 * [new tag]         mbedtls-2.16.4              -> mbedtls-2.16.4
 * [new tag]         mbedtls-2.16.5              -> mbedtls-2.16.5
 * [new tag]         mbedtls-2.16.6              -> mbedtls-2.16.6
 * [new tag]         mbedtls-2.16.7              -> mbedtls-2.16.7
 * [new tag]         mbedtls-2.16.8              -> mbedtls-2.16.8
 * [new tag]         mbedtls-2.16.9              -> mbedtls-2.16.9
 * [new tag]         mbedtls-2.17.0              -> mbedtls-2.17.0
 * [new tag]         mbedtls-2.18.0              -> mbedtls-2.18.0
 * [new tag]         mbedtls-2.18.1              -> mbedtls-2.18.1
 * [new tag]         mbedtls-2.19.0              -> mbedtls-2.19.0
 * [new tag]         mbedtls-2.19.0d1            -> mbedtls-2.19.0d1
 * [new tag]         mbedtls-2.19.0d2            -> mbedtls-2.19.0d2
 * [new tag]         mbedtls-2.19.1              -> mbedtls-2.19.1
 * [new tag]         mbedtls-2.2.0               -> mbedtls-2.2.0
 * [new tag]         mbedtls-2.2.1               -> mbedtls-2.2.1
 * [new tag]         mbedtls-2.20.0              -> mbedtls-2.20.0
 * [new tag]         mbedtls-2.20.0d0            -> mbedtls-2.20.0d0
 * [new tag]         mbedtls-2.20.0d1            -> mbedtls-2.20.0d1
 * [new tag]         mbedtls-2.21.0              -> mbedtls-2.21.0
 * [new tag]         mbedtls-2.22.0              -> mbedtls-2.22.0
 * [new tag]         mbedtls-2.22.0d0            -> mbedtls-2.22.0d0
 * [new tag]         mbedtls-2.23.0              -> mbedtls-2.23.0
 * [new tag]         mbedtls-2.24.0              -> mbedtls-2.24.0
 * [new tag]         mbedtls-2.25.0              -> mbedtls-2.25.0
 * [new tag]         mbedtls-2.26.0              -> mbedtls-2.26.0
 * [new tag]         mbedtls-2.27.0              -> mbedtls-2.27.0
 * [new tag]         mbedtls-2.28.0              -> mbedtls-2.28.0
 * [new tag]         mbedtls-2.3.0               -> mbedtls-2.3.0
 * [new tag]         mbedtls-2.4.0               -> mbedtls-2.4.0
 * [new tag]         mbedtls-2.4.1               -> mbedtls-2.4.1
 * [new tag]         mbedtls-2.4.2               -> mbedtls-2.4.2
 * [new tag]         mbedtls-2.4.2-rc1           -> mbedtls-2.4.2-rc1
 * [new tag]         mbedtls-2.5.0               -> mbedtls-2.5.0
 * [new tag]         mbedtls-2.5.0-rc1           -> mbedtls-2.5.0-rc1
 * [new tag]         mbedtls-2.5.1               -> mbedtls-2.5.1
 * [new tag]         mbedtls-2.6.0               -> mbedtls-2.6.0
 * [new tag]         mbedtls-2.6.0-rc1           -> mbedtls-2.6.0-rc1
 * [new tag]         mbedtls-2.6.1               -> mbedtls-2.6.1
 * [new tag]         mbedtls-2.6.1-rc1           -> mbedtls-2.6.1-rc1
 * [new tag]         mbedtls-2.7.0               -> mbedtls-2.7.0
 * [new tag]         mbedtls-2.7.0-rc1           -> mbedtls-2.7.0-rc1
 * [new tag]         mbedtls-2.7.1               -> mbedtls-2.7.1
 * [new tag]         mbedtls-2.7.10              -> mbedtls-2.7.10
 * [new tag]         mbedtls-2.7.11              -> mbedtls-2.7.11
 * [new tag]         mbedtls-2.7.12              -> mbedtls-2.7.12
 * [new tag]         mbedtls-2.7.13              -> mbedtls-2.7.13
 * [new tag]         mbedtls-2.7.14              -> mbedtls-2.7.14
 * [new tag]         mbedtls-2.7.15              -> mbedtls-2.7.15
 * [new tag]         mbedtls-2.7.16              -> mbedtls-2.7.16
 * [new tag]         mbedtls-2.7.17              -> mbedtls-2.7.17
 * [new tag]         mbedtls-2.7.18              -> mbedtls-2.7.18
 * [new tag]         mbedtls-2.7.19              -> mbedtls-2.7.19
 * [new tag]         mbedtls-2.7.2               -> mbedtls-2.7.2
 * [new tag]         mbedtls-2.7.2-rc1           -> mbedtls-2.7.2-rc1
 * [new tag]         mbedtls-2.7.3               -> mbedtls-2.7.3
 * [new tag]         mbedtls-2.7.4               -> mbedtls-2.7.4
 * [new tag]         mbedtls-2.7.5               -> mbedtls-2.7.5
 * [new tag]         mbedtls-2.7.6               -> mbedtls-2.7.6
 * [new tag]         mbedtls-2.7.7               -> mbedtls-2.7.7
 * [new tag]         mbedtls-2.7.8               -> mbedtls-2.7.8
 * [new tag]         mbedtls-2.7.9               -> mbedtls-2.7.9
 * [new tag]         mbedtls-2.8.0               -> mbedtls-2.8.0
 * [new tag]         mbedtls-2.8.0-rc1           -> mbedtls-2.8.0-rc1
 * [new tag]         mbedtls-2.9.0               -> mbedtls-2.9.0
 * [new tag]         mbedtls-3.0.0               -> mbedtls-3.0.0
 * [new tag]         mbedtls-3.0.0p1             -> mbedtls-3.0.0p1
 * [new tag]         mbedtls-3.1.0               -> mbedtls-3.1.0
 * [new tag]         polarssl-0.10.0             -> polarssl-0.10.0
 * [new tag]         polarssl-0.10.1             -> polarssl-0.10.1
 * [new tag]         polarssl-0.11.0             -> polarssl-0.11.0
 * [new tag]         polarssl-0.11.1             -> polarssl-0.11.1
 * [new tag]         polarssl-0.12.0             -> polarssl-0.12.0
 * [new tag]         polarssl-0.12.1             -> polarssl-0.12.1
 * [new tag]         polarssl-0.13.0             -> polarssl-0.13.0
 * [new tag]         polarssl-0.13.1             -> polarssl-0.13.1
 * [new tag]         polarssl-0.14.0             -> polarssl-0.14.0
 * [new tag]         polarssl-0.14.1             -> polarssl-0.14.1
 * [new tag]         polarssl-0.14.2             -> polarssl-0.14.2
 * [new tag]         polarssl-0.14.3             -> polarssl-0.14.3
 * [new tag]         polarssl-0.99-pre1          -> polarssl-0.99-pre1
 * [new tag]         polarssl-0.99-pre2          -> polarssl-0.99-pre2
 * [new tag]         polarssl-0.99-pre3          -> polarssl-0.99-pre3
 * [new tag]         polarssl-0.99-pre4          -> polarssl-0.99-pre4
 * [new tag]         polarssl-0.99-pre5          -> polarssl-0.99-pre5
 * [new tag]         polarssl-1.0.0              -> polarssl-1.0.0
 * [new tag]         polarssl-1.1.0              -> polarssl-1.1.0
 * [new tag]         polarssl-1.1.0-rc0          -> polarssl-1.1.0-rc0
 * [new tag]         polarssl-1.1.0-rc1          -> polarssl-1.1.0-rc1
 * [new tag]         polarssl-1.1.1              -> polarssl-1.1.1
 * [new tag]         polarssl-1.1.2              -> polarssl-1.1.2
 * [new tag]         polarssl-1.1.3              -> polarssl-1.1.3
 * [new tag]         polarssl-1.1.4              -> polarssl-1.1.4
 * [new tag]         polarssl-1.1.5              -> polarssl-1.1.5
 * [new tag]         polarssl-1.1.6              -> polarssl-1.1.6
 * [new tag]         polarssl-1.1.7              -> polarssl-1.1.7
 * [new tag]         polarssl-1.1.8              -> polarssl-1.1.8
 * [new tag]         polarssl-1.2.0              -> polarssl-1.2.0
 * [new tag]         polarssl-1.2.0-pre1         -> polarssl-1.2.0-pre1
 * [new tag]         polarssl-1.2.1              -> polarssl-1.2.1
 * [new tag]         polarssl-1.2.10             -> polarssl-1.2.10
 * [new tag]         polarssl-1.2.11             -> polarssl-1.2.11
 * [new tag]         polarssl-1.2.12             -> polarssl-1.2.12
 * [new tag]         polarssl-1.2.13             -> polarssl-1.2.13
 * [new tag]         polarssl-1.2.14             -> polarssl-1.2.14
 * [new tag]         polarssl-1.2.15             -> polarssl-1.2.15
 * [new tag]         polarssl-1.2.16             -> polarssl-1.2.16
 * [new tag]         polarssl-1.2.17             -> polarssl-1.2.17
 * [new tag]         polarssl-1.2.18             -> polarssl-1.2.18
 * [new tag]         polarssl-1.2.19             -> polarssl-1.2.19
 * [new tag]         polarssl-1.2.2              -> polarssl-1.2.2
 * [new tag]         polarssl-1.2.3              -> polarssl-1.2.3
 * [new tag]         polarssl-1.2.4              -> polarssl-1.2.4
 * [new tag]         polarssl-1.2.5              -> polarssl-1.2.5
 * [new tag]         polarssl-1.2.6              -> polarssl-1.2.6
 * [new tag]         polarssl-1.2.7              -> polarssl-1.2.7
 * [new tag]         polarssl-1.2.8              -> polarssl-1.2.8
 * [new tag]         polarssl-1.2.9              -> polarssl-1.2.9
 * [new tag]         polarssl-1.3-alpha1         -> polarssl-1.3-alpha1
 * [new tag]         polarssl-1.3.0              -> polarssl-1.3.0
 * [new tag]         polarssl-1.3.0-rc0          -> polarssl-1.3.0-rc0
 * [new tag]         polarssl-1.3.1              -> polarssl-1.3.1
 * [new tag]         polarssl-1.3.2              -> polarssl-1.3.2
 * [new tag]         polarssl-1.3.3              -> polarssl-1.3.3
 * [new tag]         polarssl-1.3.4              -> polarssl-1.3.4
 * [new tag]         polarssl-1.3.5              -> polarssl-1.3.5
 * [new tag]         polarssl-1.3.6              -> polarssl-1.3.6
 * [new tag]         polarssl-1.3.7              -> polarssl-1.3.7
 * [new tag]         polarssl-1.3.8              -> polarssl-1.3.8
 * [new tag]         polarssl-1.3.9              -> polarssl-1.3.9
 * [new tag]         v2.16.10                    -> v2.16.10
 * [new tag]         v2.16.11                    -> v2.16.11
 * [new tag]         v2.16.12                    -> v2.16.12
 * [new tag]         v2.16.7                     -> v2.16.7
 * [new tag]         v2.16.8                     -> v2.16.8
 * [new tag]         v2.16.9                     -> v2.16.9
 * [new tag]         v2.23.0                     -> v2.23.0
 * [new tag]         v2.24.0                     -> v2.24.0
 * [new tag]         v2.25.0                     -> v2.25.0
 * [new tag]         v2.26.0                     -> v2.26.0
 * [new tag]         v2.27.0                     -> v2.27.0
 * [new tag]         v2.28.0                     -> v2.28.0
 * [new tag]         v2.7.16                     -> v2.7.16
 * [new tag]         v2.7.17                     -> v2.7.17
 * [new tag]         v2.7.18                     -> v2.7.18
 * [new tag]         v2.7.19                     -> v2.7.19
 * [new tag]         v3.0.0                      -> v3.0.0
 * [new tag]         v3.1.0                      -> v3.1.0
 * [new tag]         yotta-2.2.1                 -> yotta-2.2.1
 * [new tag]         yotta-2.2.2                 -> yotta-2.2.2
 * [new tag]         yotta-2.2.3                 -> yotta-2.2.3
 * [new tag]         yotta-2.3.0                 -> yotta-2.3.0
 * [new tag]         yotta-2.3.1                 -> yotta-2.3.1
 * [new tag]         yotta-2.3.2                 -> yotta-2.3.2
HEAD is now at e483a77c8 Merge pull request #816 from ARMmbed/development
HEAD is now at e483a77c8 Merge pull request #816 from ARMmbed/development
=== updating Alexa-Gadgets-Embedded-Sample-Code (modules/alexa-embedded):
--- Alexa-Gadgets-Embedded-Sample-Code: initializing
Initialized empty Git repository in /Users/makmorit/opt/ncs_1.8.0-rc2/modules/alexa-embedded/.git/
--- Alexa-Gadgets-Embedded-Sample-Code: fetching, need revision face92d8c62184832793f518bb1f19379538c5c1
remote: Enumerating objects: 208, done.
remote: Total 208 (delta 0), reused 0 (delta 0), pack-reused 208
Receiving objects: 100% (208/208), 117.57 KiB | 1.13 MiB/s, done.
Resolving deltas: 100% (82/82), done.
From https://github.com/alexa/Alexa-Gadgets-Embedded-Sample-Code
 * [new branch]      master     -> refs/west/master
HEAD is now at face92d Update firmware.options signature_size from 48 to 65
HEAD is now at face92d Update firmware.options signature_size from 48 to 65
=== updating mbed-cloud-client (modules/lib/pelion-dm):
--- mbed-cloud-client: initializing
Initialized empty Git repository in /Users/makmorit/opt/ncs_1.8.0-rc2/modules/lib/pelion-dm/.git/
--- mbed-cloud-client: fetching, need revision 4.10.0
remote: Enumerating objects: 7956, done.
remote: Counting objects: 100% (1500/1500), done.
remote: Compressing objects: 100% (880/880), done.
remote: Total 7956 (delta 796), reused 1031 (delta 550), pack-reused 6456
Receiving objects: 100% (7956/7956), 7.14 MiB | 5.66 MiB/s, done.
Resolving deltas: 100% (4415/4415), done.
From https://github.com/PelionIoT/mbed-cloud-client
 * tag               4.10.0          -> FETCH_HEAD
 * [new tag]         1.3.0           -> 1.3.0
 * [new tag]         1.3.0-GA        -> 1.3.0-GA
 * [new tag]         1.3.1           -> 1.3.1
 * [new tag]         1.3.1.1         -> 1.3.1.1
 * [new tag]         1.3.2           -> 1.3.2
 * [new tag]         1.3.3           -> 1.3.3
 * [new tag]         1.4.0           -> 1.4.0
 * [new tag]         1.5.0           -> 1.5.0
 * [new tag]         2.0.0           -> 2.0.0
 * [new tag]         2.0.1           -> 2.0.1
 * [new tag]         2.0.1.1         -> 2.0.1.1
 * [new tag]         2.1.0           -> 2.1.0
 * [new tag]         2.1.1           -> 2.1.1
 * [new tag]         2.2.0           -> 2.2.0
 * [new tag]         2.2.1           -> 2.2.1
 * [new tag]         3.0.0           -> 3.0.0
 * [new tag]         3.1.0           -> 3.1.0
 * [new tag]         3.1.1           -> 3.1.1
 * [new tag]         3.2.0           -> 3.2.0
 * [new tag]         3.3.0           -> 3.3.0
 * [new tag]         3.4.0           -> 3.4.0
 * [new tag]         4.0.0           -> 4.0.0
 * [new tag]         4.1.0           -> 4.1.0
 * [new tag]         4.10.0          -> 4.10.0
 * [new tag]         4.11.0          -> 4.11.0
 * [new tag]         4.11.1          -> 4.11.1
 * [new tag]         4.11.2          -> 4.11.2
 * [new tag]         4.2.0           -> 4.2.0
 * [new tag]         4.2.1           -> 4.2.1
 * [new tag]         4.3.0           -> 4.3.0
 * [new tag]         4.4.0           -> 4.4.0
 * [new tag]         4.5.0           -> 4.5.0
 * [new tag]         4.5.0-multicast -> 4.5.0-multicast
 * [new tag]         4.6.0           -> 4.6.0
 * [new tag]         4.6.0-multicast -> 4.6.0-multicast
 * [new tag]         4.6.0-wisun     -> 4.6.0-wisun
 * [new tag]         4.6.1-multicast -> 4.6.1-multicast
 * [new tag]         4.6.2-multicast -> 4.6.2-multicast
 * [new tag]         4.7.0           -> 4.7.0
 * [new tag]         4.7.1           -> 4.7.1
 * [new tag]         4.7.1-multicast -> 4.7.1-multicast
 * [new tag]         4.7.2-multicast -> 4.7.2-multicast
 * [new tag]         4.8.0           -> 4.8.0
 * [new tag]         4.8.1-multicast -> 4.8.1-multicast
 * [new tag]         4.9.0           -> 4.9.0
 * [new tag]         4.9.1           -> 4.9.1
HEAD is now at d7edc52 Merge pull request #89 from PelionIoT/release-4.10.0
HEAD is now at d7edc52 Merge pull request #89 from PelionIoT/release-4.10.0
=== updating cddl-gen (modules/lib/cddl-gen):
--- cddl-gen: initializing
Initialized empty Git repository in /Users/makmorit/opt/ncs_1.8.0-rc2/modules/lib/cddl-gen/.git/
--- cddl-gen: fetching, need revision 24f1b2b0c64c694b7f9ac1b7eab60b39236ca0bf
remote: Enumerating objects: 2160, done.
remote: Counting objects: 100% (1171/1171), done.
remote: Compressing objects: 100% (547/547), done.
remote: Total 2160 (delta 744), reused 812 (delta 525), pack-reused 989
Receiving objects: 100% (2160/2160), 612.24 KiB | 1.15 MiB/s, done.
Resolving deltas: 100% (1217/1217), done.
From https://github.com/NordicSemiconductor/cddl-gen
 * [new branch]      main              -> refs/west/main
 * [new tag]         0.1.0             -> 0.1.0
 * [new tag]         0.2.0             -> 0.2.0
 * [new tag]         0.3.0             -> 0.3.0
 * [new tag]         deprecated-master -> deprecated-master
 * [new tag]         inital-pr         -> inital-pr
 * [new tag]         old-structure     -> old-structure
HEAD is now at 24f1b2b module: leverage external module definition
HEAD is now at 24f1b2b module: leverage external module definition
=== updating memfault-firmware-sdk (modules/lib/memfault-firmware-sdk):
--- memfault-firmware-sdk: initializing
Initialized empty Git repository in /Users/makmorit/opt/ncs_1.8.0-rc2/modules/lib/memfault-firmware-sdk/.git/
--- memfault-firmware-sdk: fetching, need revision 0.27.3
remote: Enumerating objects: 4677, done.
remote: Counting objects: 100% (24/24), done.
remote: Compressing objects: 100% (20/20), done.
remote: Total 4677 (delta 0), reused 9 (delta 0), pack-reused 4653
Receiving objects: 100% (4677/4677), 1.67 MiB | 2.15 MiB/s, done.
Resolving deltas: 100% (2388/2388), done.
From https://github.com/memfault/memfault-firmware-sdk
 * tag               0.27.3     -> FETCH_HEAD
 * [new tag]         0.0.10     -> 0.0.10
 * [new tag]         0.0.11     -> 0.0.11
 * [new tag]         0.0.12     -> 0.0.12
 * [new tag]         0.0.13     -> 0.0.13
 * [new tag]         0.0.14     -> 0.0.14
 * [new tag]         0.0.15     -> 0.0.15
 * [new tag]         0.0.16     -> 0.0.16
 * [new tag]         0.0.17     -> 0.0.17
 * [new tag]         0.0.18     -> 0.0.18
 * [new tag]         0.0.2      -> 0.0.2
 * [new tag]         0.0.3      -> 0.0.3
 * [new tag]         0.0.4      -> 0.0.4
 * [new tag]         0.0.5      -> 0.0.5
 * [new tag]         0.0.6      -> 0.0.6
 * [new tag]         0.0.7      -> 0.0.7
 * [new tag]         0.0.8      -> 0.0.8
 * [new tag]         0.0.9      -> 0.0.9
 * [new tag]         0.1.0      -> 0.1.0
 * [new tag]         0.10.0     -> 0.10.0
 * [new tag]         0.10.1     -> 0.10.1
 * [new tag]         0.11.0     -> 0.11.0
 * [new tag]         0.11.1     -> 0.11.1
 * [new tag]         0.11.2     -> 0.11.2
 * [new tag]         0.11.3     -> 0.11.3
 * [new tag]         0.11.4     -> 0.11.4
 * [new tag]         0.12.0     -> 0.12.0
 * [new tag]         0.13.0     -> 0.13.0
 * [new tag]         0.13.1     -> 0.13.1
 * [new tag]         0.14.0     -> 0.14.0
 * [new tag]         0.15.0     -> 0.15.0
 * [new tag]         0.16.0     -> 0.16.0
 * [new tag]         0.16.1     -> 0.16.1
 * [new tag]         0.17.0     -> 0.17.0
 * [new tag]         0.17.1     -> 0.17.1
 * [new tag]         0.18.0     -> 0.18.0
 * [new tag]         0.19.0     -> 0.19.0
 * [new tag]         0.2.0      -> 0.2.0
 * [new tag]         0.2.1      -> 0.2.1
 * [new tag]         0.2.2      -> 0.2.2
 * [new tag]         0.2.3      -> 0.2.3
 * [new tag]         0.2.4      -> 0.2.4
 * [new tag]         0.2.5      -> 0.2.5
 * [new tag]         0.20.0     -> 0.20.0
 * [new tag]         0.20.1     -> 0.20.1
 * [new tag]         0.20.2     -> 0.20.2
 * [new tag]         0.21.0     -> 0.21.0
 * [new tag]         0.21.1     -> 0.21.1
 * [new tag]         0.22.0     -> 0.22.0
 * [new tag]         0.23.0     -> 0.23.0
 * [new tag]         0.24.0     -> 0.24.0
 * [new tag]         0.24.1     -> 0.24.1
 * [new tag]         0.24.2     -> 0.24.2
 * [new tag]         0.25.0     -> 0.25.0
 * [new tag]         0.26.0     -> 0.26.0
 * [new tag]         0.26.1     -> 0.26.1
 * [new tag]         0.27.0     -> 0.27.0
 * [new tag]         0.27.1     -> 0.27.1
 * [new tag]         0.27.2     -> 0.27.2
 * [new tag]         0.27.3     -> 0.27.3
 * [new tag]         0.28.0     -> 0.28.0
 * [new tag]         0.28.1     -> 0.28.1
 * [new tag]         0.3.0      -> 0.3.0
 * [new tag]         0.3.1      -> 0.3.1
 * [new tag]         0.3.2      -> 0.3.2
 * [new tag]         0.3.3      -> 0.3.3
 * [new tag]         0.3.4      -> 0.3.4
 * [new tag]         0.4.0      -> 0.4.0
 * [new tag]         0.4.1      -> 0.4.1
 * [new tag]         0.4.2      -> 0.4.2
 * [new tag]         0.5.0      -> 0.5.0
 * [new tag]         0.5.1      -> 0.5.1
 * [new tag]         0.6.0      -> 0.6.0
 * [new tag]         0.6.1      -> 0.6.1
 * [new tag]         0.7.0      -> 0.7.0
 * [new tag]         0.7.1      -> 0.7.1
 * [new tag]         0.7.2      -> 0.7.2
 * [new tag]         0.7.3      -> 0.7.3
 * [new tag]         0.8.0      -> 0.8.0
 * [new tag]         0.8.1      -> 0.8.1
 * [new tag]         0.8.2      -> 0.8.2
 * [new tag]         0.9.0      -> 0.9.0
 * [new tag]         0.9.1      -> 0.9.1
 * [new tag]         0.9.2      -> 0.9.2
 * [new tag]         0.9.3      -> 0.9.3
HEAD is now at 8585f81 Memfault Firmware SDK 0.27.3 (Build 347225)
HEAD is now at 8585f81 Memfault Firmware SDK 0.27.3 (Build 347225)
=== updating canopennode (modules/lib/canopennode):
--- canopennode: initializing
Initialized empty Git repository in /Users/makmorit/opt/ncs_1.8.0-rc2/modules/lib/canopennode/.git/
--- canopennode: fetching, need revision f167efe85c8c7de886f1bc47f9173cfb8a346bb5
remote: Enumerating objects: 1893, done.
remote: Counting objects: 100% (1893/1893), done.
remote: Compressing objects: 100% (547/547), done.
remote: Total 1893 (delta 1369), reused 1863 (delta 1342), pack-reused 0
Receiving objects: 100% (1893/1893), 1.05 MiB | 1.29 MiB/s, done.
Resolving deltas: 100% (1369/1369), done.
From https://github.com/zephyrproject-rtos/canopennode
 * [new branch]      master            -> refs/west/master
 * [new branch]      zephyr            -> refs/west/zephyr
 * [new tag]         zephyr-snapshot-1 -> zephyr-snapshot-1
HEAD is now at f167efe zephyr: move build configuration into zephyr repository
HEAD is now at f167efe zephyr: move build configuration into zephyr repository
=== updating civetweb (modules/lib/civetweb):
--- civetweb: initializing
Initialized empty Git repository in /Users/makmorit/opt/ncs_1.8.0-rc2/modules/lib/civetweb/.git/
--- civetweb: fetching, need revision 094aeb41bb93e9199d24d665ee43e9e05d6d7b1c
remote: Enumerating objects: 23027, done.
remote: Total 23027 (delta 0), reused 0 (delta 0), pack-reused 23027
Receiving objects: 100% (23027/23027), 26.33 MiB | 5.97 MiB/s, done.
Resolving deltas: 100% (14907/14907), done.
From https://github.com/zephyrproject-rtos/civetweb
 * [new branch]      1.9                 -> refs/west/1.9
 * [new branch]      master              -> refs/west/master
 * [new branch]      wip-ssl-error-queue -> refs/west/wip-ssl-error-queue
 * [new branch]      zephyr              -> refs/west/zephyr
 * [new tag]         v1.1                -> v1.1
 * [new tag]         v1.10               -> v1.10
 * [new tag]         v1.11               -> v1.11
 * [new tag]         v1.2                -> v1.2
 * [new tag]         v1.3                -> v1.3
 * [new tag]         v1.4                -> v1.4
 * [new tag]         v1.5                -> v1.5
 * [new tag]         v1.6                -> v1.6
 * [new tag]         v1.7                -> v1.7
 * [new tag]         v1.8                -> v1.8
 * [new tag]         v1.9                -> v1.9
 * [new tag]         v1.9.1              -> v1.9.1
HEAD is now at 094aeb41 cmake: relax minimum version requirements
HEAD is now at 094aeb41 cmake: relax minimum version requirements
=== updating cmsis (modules/hal/cmsis):
--- cmsis: initializing
Initialized empty Git repository in /Users/makmorit/opt/ncs_1.8.0-rc2/modules/hal/cmsis/.git/
--- cmsis: fetching, need revision b0612c97c1401feeb4160add6462c3627fe90fc7
remote: Enumerating objects: 1287, done.
remote: Counting objects: 100% (1287/1287), done.
remote: Compressing objects: 100% (434/434), done.
remote: Total 1287 (delta 896), reused 1218 (delta 846), pack-reused 0
Receiving objects: 100% (1287/1287), 2.78 MiB | 2.72 MiB/s, done.
Resolving deltas: 100% (896/896), done.
From https://github.com/zephyrproject-rtos/cmsis
 * [new branch]      master     -> refs/west/master
HEAD is now at b0612c9 DSP: Integrate CMSIS-DSP 1.9.0 (CMSIS 5.8.0)
HEAD is now at b0612c9 DSP: Integrate CMSIS-DSP 1.9.0 (CMSIS 5.8.0)
=== updating edtt (tools/edtt):
--- edtt: initializing
Initialized empty Git repository in /Users/makmorit/opt/ncs_1.8.0-rc2/tools/edtt/.git/
--- edtt: fetching, need revision 31badfbbd04f2948e3df6ebf329f930317550961
remote: Enumerating objects: 970, done.
remote: Counting objects: 100% (970/970), done.
remote: Compressing objects: 100% (390/390), done.
remote: Total 970 (delta 720), reused 826 (delta 576), pack-reused 0
Receiving objects: 100% (970/970), 447.00 KiB | 1.71 MiB/s, done.
Resolving deltas: 100% (720/720), done.
From https://github.com/zephyrproject-rtos/edtt
 * [new branch]      le-audio      -> refs/west/le-audio
 * [new branch]      public_master -> refs/west/public_master
HEAD is now at 31badfb Fix Data Length Procedure tests to skip IUT unsupported parameters
HEAD is now at 31badfb Fix Data Length Procedure tests to skip IUT unsupported parameters
=== updating fatfs (modules/fs/fatfs):
--- fatfs: initializing
Initialized empty Git repository in /Users/makmorit/opt/ncs_1.8.0-rc2/modules/fs/fatfs/.git/
--- fatfs: fetching, need revision 94fcd6bfb3801ac0a5e12ea2f52187e0a688b90e
remote: Enumerating objects: 151, done.
remote: Counting objects: 100% (42/42), done.
remote: Compressing objects: 100% (29/29), done.
remote: Total 151 (delta 16), reused 25 (delta 13), pack-reused 109
Receiving objects: 100% (151/151), 1.44 MiB | 2.11 MiB/s, done.
Resolving deltas: 100% (72/72), done.
From https://github.com/zephyrproject-rtos/fatfs
 * [new branch]      master       -> refs/west/master
 * [new branch]      v1.14-branch -> refs/west/v1.14-branch
HEAD is now at 94fcd6b fs: Update driver to version 0.14b
HEAD is now at 94fcd6b fs: Update driver to version 0.14b
=== updating hal_nordic (modules/hal/nordic):
--- hal_nordic: initializing
Initialized empty Git repository in /Users/makmorit/opt/ncs_1.8.0-rc2/modules/hal/nordic/.git/
--- hal_nordic: fetching, need revision cad21db72a61b8dde0aabf95301dfd9dee119018
remote: Enumerating objects: 4529, done.
remote: Counting objects: 100% (1206/1206), done.
remote: Compressing objects: 100% (817/817), done.
remote: Total 4529 (delta 563), reused 836 (delta 362), pack-reused 3323
Receiving objects: 100% (4529/4529), 5.49 MiB | 3.38 MiB/s, done.
Resolving deltas: 100% (3084/3084), done.
From https://github.com/zephyrproject-rtos/hal_nordic
 * [new branch]      master           -> refs/west/master
 * [new branch]      topic-nrfx-2.0.0 -> refs/west/topic-nrfx-2.0.0
 * [new branch]      v1.14-branch     -> refs/west/v1.14-branch
HEAD is now at cad21db drivers: nrfx_usbreg: clear events on initialization
HEAD is now at cad21db drivers: nrfx_usbreg: clear events on initialization
=== updating hal_st (modules/hal/st):
--- hal_st: initializing
Initialized empty Git repository in /Users/makmorit/opt/ncs_1.8.0-rc2/modules/hal/st/.git/
--- hal_st: fetching, need revision 575de9d461aa6f430cf62c58a053675377e700f3
remote: Enumerating objects: 7828, done.
remote: Counting objects: 100% (479/479), done.
remote: Compressing objects: 100% (245/245), done.
remote: Total 7828 (delta 219), reused 366 (delta 118), pack-reused 7349
Receiving objects: 100% (7828/7828), 23.73 MiB | 5.56 MiB/s, done.
Resolving deltas: 100% (6278/6278), done.
From https://github.com/zephyrproject-rtos/hal_st
 * [new branch]      master       -> refs/west/master
 * [new branch]      v1.14-branch -> refs/west/v1.14-branch
HEAD is now at 575de9d sensor/stmemsc: Align stmemsc i/f to v2.00
HEAD is now at 575de9d sensor/stmemsc: Align stmemsc i/f to v2.00
=== updating libmetal (modules/hal/libmetal):
--- libmetal: initializing
Initialized empty Git repository in /Users/makmorit/opt/ncs_1.8.0-rc2/modules/hal/libmetal/.git/
--- libmetal: fetching, need revision 39d049d4ae68e6f6d595fce7de1dcfc1024fb4eb
remote: Enumerating objects: 683, done.
remote: Counting objects: 100% (246/246), done.
remote: Compressing objects: 100% (174/174), done.
remote: Total 683 (delta 115), reused 128 (delta 72), pack-reused 437
Receiving objects: 100% (683/683), 226.67 KiB | 850.00 KiB/s, done.
Resolving deltas: 100% (337/337), done.
From https://github.com/zephyrproject-rtos/libmetal
 * [new branch]      master       -> refs/west/master
 * [new branch]      v1.14-branch -> refs/west/v1.14-branch
HEAD is now at 39d049d lib: update libmetal to release v2021.04.0 + VERSION path fix
HEAD is now at 39d049d lib: update libmetal to release v2021.04.0 + VERSION path fix
=== updating littlefs (modules/fs/littlefs):
--- littlefs: initializing
Initialized empty Git repository in /Users/makmorit/opt/ncs_1.8.0-rc2/modules/fs/littlefs/.git/
--- littlefs: fetching, need revision 9e4498d1c73009acd84bb36036ee5e2869112a6c
remote: Enumerating objects: 2492, done.
remote: Counting objects: 100% (288/288), done.
remote: Compressing objects: 100% (126/126), done.
remote: Total 2492 (delta 175), reused 254 (delta 154), pack-reused 2204
Receiving objects: 100% (2492/2492), 1.26 MiB | 1.24 MiB/s, done.
Resolving deltas: 100% (1734/1734), done.
From https://github.com/zephyrproject-rtos/littlefs
 * [new branch]      zephyr          -> refs/west/zephyr
 * [new tag]         littlefs-v2.1.0 -> littlefs-v2.1.0
 * [new tag]         littlefs-v2.1.1 -> littlefs-v2.1.1
 * [new tag]         littlefs-v2.1.2 -> littlefs-v2.1.2
 * [new tag]         littlefs-v2.1.3 -> littlefs-v2.1.3
 * [new tag]         littlefs-v2.1.4 -> littlefs-v2.1.4
 * [new tag]         littlefs-v2.2.0 -> littlefs-v2.2.0
HEAD is now at 9e4498d lfs_util: fix log declaration when logging is disabled
HEAD is now at 9e4498d lfs_util: fix log declaration when logging is disabled
=== updating loramac-node (modules/lib/loramac-node):
--- loramac-node: initializing
Initialized empty Git repository in /Users/makmorit/opt/ncs_1.8.0-rc2/modules/lib/loramac-node/.git/
--- loramac-node: fetching, need revision 12019623bbad9eb54fe51066847a7cbd4b4eac57
remote: Enumerating objects: 24077, done.
remote: Counting objects: 100% (5184/5184), done.
remote: Compressing objects: 100% (1312/1312), done.
remote: Total 24077 (delta 3393), reused 4847 (delta 3189), pack-reused 18893
Receiving objects: 100% (24077/24077), 23.06 MiB | 6.54 MiB/s, done.
Resolving deltas: 100% (15930/15930), done.
From https://github.com/zephyrproject-rtos/loramac-node
 * [new branch]      zephyr        -> refs/west/zephyr
 * [new branch]      zephyr-v2.6   -> refs/west/zephyr-v2.6
 * [new tag]         4.4.2-rc.4    -> 4.4.2-rc.4
 * [new tag]         V3.4          -> V3.4
 * [new tag]         v2.0          -> v2.0
 * [new tag]         v2.1          -> v2.1
 * [new tag]         v2.2          -> v2.2
 * [new tag]         v2.3.RC1      -> v2.3.RC1
 * [new tag]         v2.3.RC2      -> v2.3.RC2
 * [new tag]         v3.0          -> v3.0
 * [new tag]         v3.1          -> v3.1
 * [new tag]         v3.2          -> v3.2
 * [new tag]         v3.3          -> v3.3
 * [new tag]         v3.4.1        -> v3.4.1
 * [new tag]         v4.0.0        -> v4.0.0
 * [new tag]         v4.1.0        -> v4.1.0
 * [new tag]         v4.2.0        -> v4.2.0
 * [new tag]         v4.3.0        -> v4.3.0
 * [new tag]         v4.3.1        -> v4.3.1
 * [new tag]         v4.3.2        -> v4.3.2
 * [new tag]         v4.4.0        -> v4.4.0
 * [new tag]         v4.4.1        -> v4.4.1
 * [new tag]         v4.4.2        -> v4.4.2
 * [new tag]         v4.4.2-rc.1   -> v4.4.2-rc.1
 * [new tag]         v4.4.2-rc.2   -> v4.4.2-rc.2
 * [new tag]         v4.4.2-rc.3   -> v4.4.2-rc.3
 * [new tag]         v4.4.2-rc.5   -> v4.4.2-rc.5
 * [new tag]         v4.4.2-rc.6   -> v4.4.2-rc.6
 * [new tag]         v4.4.2-rc.7   -> v4.4.2-rc.7
 * [new tag]         v4.4.3        -> v4.4.3
 * [new tag]         v4.4.3_zephyr -> v4.4.3_zephyr
HEAD is now at 12019623 zephyr: radio: sx127x: override buffer read/write functions
HEAD is now at 12019623 zephyr: radio: sx127x: override buffer read/write functions
=== updating lvgl (modules/lib/gui/lvgl):
--- lvgl: initializing
Initialized empty Git repository in /Users/makmorit/opt/ncs_1.8.0-rc2/modules/lib/gui/lvgl/.git/
--- lvgl: fetching, need revision 783c1f78c8e39751fe89d0883c8bce7336f55e94
remote: Enumerating objects: 36573, done.
remote: Counting objects: 100% (2645/2645), done.
remote: Compressing objects: 100% (132/132), done.
remote: Total 36573 (delta 2549), reused 2513 (delta 2513), pack-reused 33928
Receiving objects: 100% (36573/36573), 31.14 MiB | 6.31 MiB/s, done.
Resolving deltas: 100% (29555/29555), done.
From https://github.com/zephyrproject-rtos/lvgl
 * [new branch]      master     -> refs/west/master
 * [new branch]      zephyr     -> refs/west/zephyr
HEAD is now at 783c1f78 cmake: added missing file ext to lv_font_dejavu_16_persian_hebrew.c
HEAD is now at 783c1f78 cmake: added missing file ext to lv_font_dejavu_16_persian_hebrew.c
=== updating lz4 (modules/lib/lz4):
--- lz4: initializing
Initialized empty Git repository in /Users/makmorit/opt/ncs_1.8.0-rc2/modules/lib/lz4/.git/
--- lz4: fetching, need revision 8e303c264fc21c2116dc612658003a22e933124d
remote: Enumerating objects: 12359, done.
remote: Counting objects: 100% (8/8), done.
remote: Compressing objects: 100% (6/6), done.
remote: Total 12359 (delta 1), reused 3 (delta 1), pack-reused 12351
Receiving objects: 100% (12359/12359), 5.51 MiB | 3.00 MiB/s, done.
Resolving deltas: 100% (8655/8655), done.
From https://github.com/zephyrproject-rtos/lz4
 * [new branch]      Makefile        -> refs/west/Makefile
 * [new branch]      Makefile_export -> refs/west/Makefile_export
 * [new branch]      coverity_scan   -> refs/west/coverity_scan
 * [new branch]      dev             -> refs/west/dev
 * [new branch]      gh-pages        -> refs/west/gh-pages
 * [new branch]      install_ln      -> refs/west/install_ln
 * [new branch]      lz4io           -> refs/west/lz4io
 * [new branch]      release         -> refs/west/release
 * [new branch]      vs2005          -> refs/west/vs2005
 * [new branch]      zephyr          -> refs/west/zephyr
 * [new tag]         lz4-r130        -> lz4-r130
 * [new tag]         r116            -> r116
 * [new tag]         r117            -> r117
 * [new tag]         r118            -> r118
 * [new tag]         r119            -> r119
 * [new tag]         r120            -> r120
 * [new tag]         r121            -> r121
 * [new tag]         r122            -> r122
 * [new tag]         r123            -> r123
 * [new tag]         r124            -> r124
 * [new tag]         r125            -> r125
 * [new tag]         r126            -> r126
 * [new tag]         r127            -> r127
 * [new tag]         r128            -> r128
 * [new tag]         r129            -> r129
 * [new tag]         r130            -> r130
 * [new tag]         r131            -> r131
 * [new tag]         rc129v0         -> rc129v0
 * [new tag]         v1.7.3          -> v1.7.3
 * [new tag]         v1.7.4          -> v1.7.4
 * [new tag]         v1.7.4.2        -> v1.7.4.2
 * [new tag]         v1.7.5          -> v1.7.5
 * [new tag]         v1.8.0          -> v1.8.0
 * [new tag]         v1.8.1          -> v1.8.1
 * [new tag]         v1.8.1.2        -> v1.8.1.2
 * [new tag]         v1.8.2          -> v1.8.2
 * [new tag]         v1.8.3          -> v1.8.3
 * [new tag]         v1.9.0          -> v1.9.0
 * [new tag]         v1.9.1          -> v1.9.1
 * [new tag]         v1.9.2          -> v1.9.2
 * [new tag]         v1.9.3          -> v1.9.3
HEAD is now at 8e303c2 zephyr: make this repo a zephyr module
HEAD is now at 8e303c2 zephyr: make this repo a zephyr module
=== updating mbedtls (modules/crypto/mbedtls):
--- mbedtls: initializing
Initialized empty Git repository in /Users/makmorit/opt/ncs_1.8.0-rc2/modules/crypto/mbedtls/.git/
--- mbedtls: fetching, need revision 5765cb7f75a9973ae9232d438e361a9d7bbc49e7
remote: Enumerating objects: 108619, done.
remote: Counting objects: 100% (749/749), done.
remote: Compressing objects: 100% (302/302), done.
remote: Total 108619 (delta 429), reused 651 (delta 421), pack-reused 107870
Receiving objects: 100% (108619/108619), 50.85 MiB | 8.44 MiB/s, done.
Resolving deltas: 100% (84053/84053), done.
From https://github.com/zephyrproject-rtos/mbedtls
 * [new branch]      master                    -> refs/west/master
 * [new branch]      mbedtls_move_zephyr_files -> refs/west/mbedtls_move_zephyr_files
 * [new branch]      tls-2.26-branch           -> refs/west/tls-2.26-branch
 * [new branch]      v1.14-branch              -> refs/west/v1.14-branch
 * [new branch]      zephyr                    -> refs/west/zephyr
 * [new tag]         v3.0.0                    -> v3.0.0
HEAD is now at 5765cb7f7 mbedtls: update README with laterst version information
HEAD is now at 5765cb7f7 mbedtls: update README with laterst version information
=== updating mcumgr (modules/lib/mcumgr):
--- mcumgr: initializing
Initialized empty Git repository in /Users/makmorit/opt/ncs_1.8.0-rc2/modules/lib/mcumgr/.git/
--- mcumgr: fetching, need revision 657deb658e317ac2a5302675154b21f2666d5ec9
remote: Enumerating objects: 843, done.
remote: Counting objects: 100% (290/290), done.
remote: Compressing objects: 100% (139/139), done.
remote: Total 843 (delta 128), reused 242 (delta 104), pack-reused 553
Receiving objects: 100% (843/843), 243.15 KiB | 984.00 KiB/s, done.
Resolving deltas: 100% (395/395), done.
From https://github.com/zephyrproject-rtos/mcumgr
 * [new branch]      backport-upstream-137-to-v2.7-branch -> refs/west/backport-upstream-137-to-v2.7-branch
 * [new branch]      master                               -> refs/west/master
 * [new branch]      v1.14-branch                         -> refs/west/v1.14-branch
 * [new branch]      v2.7-branch                          -> refs/west/v2.7-branch
HEAD is now at 657deb6 snapshot: Update mcumgr to commit 75d6f6ea from the upstream
HEAD is now at 657deb6 snapshot: Update mcumgr to commit 75d6f6ea from the upstream
=== updating mipi-sys-t (modules/debug/mipi-sys-t):
--- mipi-sys-t: initializing
Initialized empty Git repository in /Users/makmorit/opt/ncs_1.8.0-rc2/modules/debug/mipi-sys-t/.git/
--- mipi-sys-t: fetching, need revision 75e671550ac1acb502f315fe4952514dc73f7bfb
remote: Enumerating objects: 178, done.
remote: Counting objects: 100% (178/178), done.
remote: Compressing objects: 100% (122/122), done.
remote: Total 178 (delta 47), reused 165 (delta 37), pack-reused 0
Receiving objects: 100% (178/178), 413.65 KiB | 1.01 MiB/s, done.
Resolving deltas: 100% (47/47), done.
From https://github.com/zephyrproject-rtos/mipi-sys-t
 * [new branch]      zephyr     -> refs/west/zephyr
HEAD is now at 75e6715 zephyr: move platform.h to zephyr tree
HEAD is now at 75e6715 zephyr: move platform.h to zephyr tree
=== updating nanopb (modules/lib/nanopb):
--- nanopb: initializing
Initialized empty Git repository in /Users/makmorit/opt/ncs_1.8.0-rc2/modules/lib/nanopb/.git/
--- nanopb: fetching, need revision d148bd26718e4c10414f07a7eb1bd24c62e56c5d
remote: Enumerating objects: 7786, done.
remote: Counting objects: 100% (202/202), done.
remote: Compressing objects: 100% (110/110), done.
remote: Total 7786 (delta 100), reused 184 (delta 88), pack-reused 7584
Receiving objects: 100% (7786/7786), 3.92 MiB | 2.48 MiB/s, done.
Resolving deltas: 100% (5033/5033), done.
From https://github.com/zephyrproject-rtos/nanopb
 * [new branch]      cifuzz_test4           -> refs/west/cifuzz_test4
 * [new branch]      dev_dynamic_nanopb_pb2 -> refs/west/dev_dynamic_nanopb_pb2
 * [new branch]      dev_markdown_docs      -> refs/west/dev_markdown_docs
 * [new branch]      maintenance_0.1        -> refs/west/maintenance_0.1
 * [new branch]      maintenance_0.2        -> refs/west/maintenance_0.2
 * [new branch]      maintenance_0.3        -> refs/west/maintenance_0.3
 * [new branch]      master                 -> refs/west/master
 * [new branch]      zephyr                 -> refs/west/zephyr
 * [new tag]         0.2.9.5                -> 0.2.9.5
 * [new tag]         0.3.6                  -> 0.3.6
 * [new tag]         0.3.7                  -> 0.3.7
 * [new tag]         0.3.8                  -> 0.3.8
 * [new tag]         0.3.9                  -> 0.3.9
 * [new tag]         0.3.9.1                -> 0.3.9.1
 * [new tag]         0.3.9.2                -> 0.3.9.2
 * [new tag]         0.3.9.3                -> 0.3.9.3
 * [new tag]         0.3.9.4                -> 0.3.9.4
 * [new tag]         0.3.9.5                -> 0.3.9.5
 * [new tag]         0.3.9.6                -> 0.3.9.6
 * [new tag]         0.3.9.7                -> 0.3.9.7
 * [new tag]         0.3.9.8                -> 0.3.9.8
 * [new tag]         0.4.0                  -> 0.4.0
 * [new tag]         0.4.1                  -> 0.4.1
 * [new tag]         0.4.2                  -> 0.4.2
 * [new tag]         0.4.3                  -> 0.4.3
 * [new tag]         0.4.4                  -> 0.4.4
 * [new tag]         0.4.5                  -> 0.4.5
 * [new tag]         nanopb-0.1.0           -> nanopb-0.1.0
 * [new tag]         nanopb-0.1.1           -> nanopb-0.1.1
 * [new tag]         nanopb-0.1.2           -> nanopb-0.1.2
 * [new tag]         nanopb-0.1.3           -> nanopb-0.1.3
 * [new tag]         nanopb-0.1.4           -> nanopb-0.1.4
 * [new tag]         nanopb-0.1.5           -> nanopb-0.1.5
 * [new tag]         nanopb-0.1.6           -> nanopb-0.1.6
 * [new tag]         nanopb-0.1.7           -> nanopb-0.1.7
 * [new tag]         nanopb-0.1.8           -> nanopb-0.1.8
 * [new tag]         nanopb-0.1.9           -> nanopb-0.1.9
 * [new tag]         nanopb-0.1.9.1         -> nanopb-0.1.9.1
 * [new tag]         nanopb-0.2.0           -> nanopb-0.2.0
 * [new tag]         nanopb-0.2.1           -> nanopb-0.2.1
 * [new tag]         nanopb-0.2.2           -> nanopb-0.2.2
 * [new tag]         nanopb-0.2.3           -> nanopb-0.2.3
 * [new tag]         nanopb-0.2.4           -> nanopb-0.2.4
 * [new tag]         nanopb-0.2.5           -> nanopb-0.2.5
 * [new tag]         nanopb-0.2.6           -> nanopb-0.2.6
 * [new tag]         nanopb-0.2.7           -> nanopb-0.2.7
 * [new tag]         nanopb-0.2.8           -> nanopb-0.2.8
 * [new tag]         nanopb-0.2.9           -> nanopb-0.2.9
 * [new tag]         nanopb-0.2.9.1         -> nanopb-0.2.9.1
 * [new tag]         nanopb-0.2.9.2         -> nanopb-0.2.9.2
 * [new tag]         nanopb-0.2.9.3         -> nanopb-0.2.9.3
 * [new tag]         nanopb-0.2.9.4         -> nanopb-0.2.9.4
 * [new tag]         nanopb-0.2.9.5         -> nanopb-0.2.9.5
 * [new tag]         nanopb-0.3.0           -> nanopb-0.3.0
 * [new tag]         nanopb-0.3.1           -> nanopb-0.3.1
 * [new tag]         nanopb-0.3.2           -> nanopb-0.3.2
 * [new tag]         nanopb-0.3.3           -> nanopb-0.3.3
 * [new tag]         nanopb-0.3.4           -> nanopb-0.3.4
 * [new tag]         nanopb-0.3.5           -> nanopb-0.3.5
 * [new tag]         nanopb-0.3.6           -> nanopb-0.3.6
 * [new tag]         nanopb-0.3.7           -> nanopb-0.3.7
 * [new tag]         nanopb-0.3.8           -> nanopb-0.3.8
 * [new tag]         nanopb-0.3.9           -> nanopb-0.3.9
 * [new tag]         nanopb-0.3.9.1         -> nanopb-0.3.9.1
 * [new tag]         nanopb-0.3.9.2         -> nanopb-0.3.9.2
 * [new tag]         nanopb-0.3.9.3         -> nanopb-0.3.9.3
 * [new tag]         nanopb-0.3.9.4         -> nanopb-0.3.9.4
 * [new tag]         nanopb-0.3.9.5         -> nanopb-0.3.9.5
 * [new tag]         nanopb-0.3.9.6         -> nanopb-0.3.9.6
 * [new tag]         nanopb-0.3.9.7         -> nanopb-0.3.9.7
 * [new tag]         nanopb-0.3.9.8         -> nanopb-0.3.9.8
 * [new tag]         nanopb-0.4.0           -> nanopb-0.4.0
 * [new tag]         nanopb-0.4.0-dev       -> nanopb-0.4.0-dev
 * [new tag]         nanopb-0.4.1           -> nanopb-0.4.1
 * [new tag]         nanopb-0.4.2           -> nanopb-0.4.2
 * [new tag]         nanopb-0.4.3           -> nanopb-0.4.3
 * [new tag]         nanopb-0.4.4           -> nanopb-0.4.4
 * [new tag]         nanopb-0.4.5           -> nanopb-0.4.5
HEAD is now at d148bd2 Add zephyr module support
HEAD is now at d148bd2 Add zephyr module support
=== updating net-tools (tools/net-tools):
--- net-tools: initializing
Initialized empty Git repository in /Users/makmorit/opt/ncs_1.8.0-rc2/tools/net-tools/.git/
--- net-tools: fetching, need revision f49bd1354616fae4093bf36e5eaee43c51a55127
remote: Enumerating objects: 1489, done.
remote: Counting objects: 100% (41/41), done.
remote: Compressing objects: 100% (29/29), done.
remote: Total 1489 (delta 20), reused 20 (delta 12), pack-reused 1448
Receiving objects: 100% (1489/1489), 2.60 MiB | 2.47 MiB/s, done.
Resolving deltas: 100% (518/518), done.
From https://github.com/zephyrproject-rtos/net-tools
 * [new branch]      master     -> refs/west/master
HEAD is now at f49bd13 net-capture: Listen captured traffic and save to pcap file
HEAD is now at f49bd13 net-capture: Listen captured traffic and save to pcap file
=== updating nrf_hw_models (modules/bsim_hw_models/nrf_hw_models):
--- nrf_hw_models: initializing
Initialized empty Git repository in /Users/makmorit/opt/ncs_1.8.0-rc2/modules/bsim_hw_models/nrf_hw_models/.git/
--- nrf_hw_models: fetching, need revision a47e326ca772ddd14cc3b9d4ca30a9ab44ecca16
remote: Enumerating objects: 528, done.
remote: Counting objects: 100% (528/528), done.
remote: Compressing objects: 100% (292/292), done.
remote: Total 528 (delta 277), reused 470 (delta 222), pack-reused 0
Receiving objects: 100% (528/528), 269.26 KiB | 1.79 MiB/s, done.
Resolving deltas: 100% (277/277), done.
From https://github.com/zephyrproject-rtos/nrf_hw_models
 * [new branch]      master     -> refs/west/master
HEAD is now at a47e326 HW_models: NRF_RTC: Fix compare event missed when interrupt disabled
HEAD is now at a47e326 HW_models: NRF_RTC: Fix compare event missed when interrupt disabled
=== updating open-amp (modules/lib/open-amp):
--- open-amp: initializing
Initialized empty Git repository in /Users/makmorit/opt/ncs_1.8.0-rc2/modules/lib/open-amp/.git/
--- open-amp: fetching, need revision 6010f0523cbc75f551d9256cf782f173177acdef
remote: Enumerating objects: 356, done.
remote: Counting objects: 100% (99/99), done.
remote: Compressing objects: 100% (60/60), done.
remote: Total 356 (delta 38), reused 70 (delta 32), pack-reused 257
Receiving objects: 100% (356/356), 1.52 MiB | 1.79 MiB/s, done.
Resolving deltas: 100% (135/135), done.
From https://github.com/zephyrproject-rtos/open-amp
 * [new branch]      master       -> refs/west/master
 * [new branch]      v1.14-branch -> refs/west/v1.14-branch
HEAD is now at 6010f05 lib: update open-amp lib to release v2021.04.0
HEAD is now at 6010f05 lib: update open-amp lib to release v2021.04.0
=== updating openthread (modules/lib/openthread):
--- openthread: initializing
Initialized empty Git repository in /Users/makmorit/opt/ncs_1.8.0-rc2/modules/lib/openthread/.git/
--- openthread: fetching, need revision 69eb7030c5eb479e2d387408f7b3814c58963804
remote: Enumerating objects: 86906, done.
remote: Counting objects: 100% (20012/20012), done.
remote: Compressing objects: 100% (5964/5964), done.
remote: Total 86906 (delta 16140), reused 17106 (delta 13910), pack-reused 66894
Receiving objects: 100% (86906/86906), 77.72 MiB | 7.32 MiB/s, done.
Resolving deltas: 100% (69265/69265), done.
From https://github.com/zephyrproject-rtos/openthread
 * [new branch]      master     -> refs/west/master
 * [new branch]      zephyr     -> refs/west/zephyr
HEAD is now at 69eb7030c Merge pull request #56 from edmont/pr/ot-upmerge-20211111
HEAD is now at 69eb7030c Merge pull request #56 from edmont/pr/ot-upmerge-20211111
=== updating segger (modules/debug/segger):
--- segger: initializing
Initialized empty Git repository in /Users/makmorit/opt/ncs_1.8.0-rc2/modules/debug/segger/.git/
--- segger: fetching, need revision 3a52ab222133193802d3c3b4d21730b9b1f1d2f6
remote: Enumerating objects: 192, done.
remote: Counting objects: 100% (50/50), done.
remote: Compressing objects: 100% (35/35), done.
remote: Total 192 (delta 14), reused 40 (delta 13), pack-reused 142
Receiving objects: 100% (192/192), 143.52 KiB | 1.34 MiB/s, done.
Resolving deltas: 100% (85/85), done.
From https://github.com/zephyrproject-rtos/segger
 * [new branch]      master       -> refs/west/master
 * [new branch]      v1.14-branch -> refs/west/v1.14-branch
HEAD is now at 3a52ab2 config: Use zephyr provided options
HEAD is now at 3a52ab2 config: Use zephyr provided options
=== updating tinycbor (modules/lib/tinycbor):
--- tinycbor: initializing
Initialized empty Git repository in /Users/makmorit/opt/ncs_1.8.0-rc2/modules/lib/tinycbor/.git/
--- tinycbor: fetching, need revision 40daca97b478989884bffb5226e9ab73ca54b8c4
remote: Enumerating objects: 1807, done.
remote: Total 1807 (delta 0), reused 0 (delta 0), pack-reused 1807
Receiving objects: 100% (1807/1807), 1.15 MiB | 1.61 MiB/s, done.
Resolving deltas: 100% (1143/1143), done.
From https://github.com/zephyrproject-rtos/tinycbor
 * [new branch]      dev          -> refs/west/dev
 * [new branch]      gh-pages     -> refs/west/gh-pages
 * [new branch]      master       -> refs/west/master
 * [new branch]      v1.14-branch -> refs/west/v1.14-branch
 * [new branch]      zephyr       -> refs/west/zephyr
 * [new tag]         v0.1         -> v0.1
 * [new tag]         v0.2         -> v0.2
 * [new tag]         v0.2.1       -> v0.2.1
 * [new tag]         v0.3         -> v0.3
 * [new tag]         v0.3.1       -> v0.3.1
 * [new tag]         v0.3.2       -> v0.3.2
 * [new tag]         v0.4         -> v0.4
 * [new tag]         v0.4.1       -> v0.4.1
 * [new tag]         v0.4.2       -> v0.4.2
 * [new tag]         v0.5-beta1   -> v0.5-beta1
 * [new tag]         v0.5.0       -> v0.5.0
HEAD is now at 40daca9 zephyr: Remove TINYCBOR from interface libraries
HEAD is now at 40daca9 zephyr: Remove TINYCBOR from interface libraries
=== updating tinycrypt (modules/crypto/tinycrypt):
--- tinycrypt: initializing
Initialized empty Git repository in /Users/makmorit/opt/ncs_1.8.0-rc2/modules/crypto/tinycrypt/.git/
--- tinycrypt: fetching, need revision 3e9a49d2672ec01435ffbf0d788db6d95ef28de0
remote: Enumerating objects: 46, done.
remote: Counting objects: 100% (46/46), done.
remote: Compressing objects: 100% (30/30), done.
remote: Total 46 (delta 11), reused 46 (delta 11), pack-reused 0
Unpacking objects: 100% (46/46), done.
From https://github.com/zephyrproject-rtos/tinycrypt
 * [new branch]      master     -> refs/west/master
HEAD is now at 3e9a49d cmake: Fix conditional in root CMakeLists.txt
HEAD is now at 3e9a49d cmake: Fix conditional in root CMakeLists.txt
=== updating TraceRecorderSource (modules/debug/TraceRecorder):
--- TraceRecorderSource: initializing
Initialized empty Git repository in /Users/makmorit/opt/ncs_1.8.0-rc2/modules/debug/TraceRecorder/.git/
--- TraceRecorderSource: fetching, need revision 36c577727642457b0db7274298a4b96558374832
remote: Enumerating objects: 818, done.
remote: Counting objects: 100% (818/818), done.
remote: Compressing objects: 100% (374/374), done.
remote: Total 818 (delta 466), reused 700 (delta 356), pack-reused 0
Receiving objects: 100% (818/818), 506.62 KiB | 1.10 MiB/s, done.
Resolving deltas: 100% (466/466), done.
From https://github.com/zephyrproject-rtos/TraceRecorderSource
 * [new branch]      main       -> refs/west/main
 * [new branch]      up2        -> refs/west/up2
 * [new branch]      zephyr     -> refs/west/zephyr
HEAD is now at 36c5777 Merge remote-tracking branch 'upstream/main' into zephyr
HEAD is now at 36c5777 Merge remote-tracking branch 'upstream/main' into zephyr
(ncs_1.8.0-rc2) bash-3.2$
(ncs_1.8.0-rc2) bash-3.2$ PATH=${PATH}:/Applications/CMake.app/Contents/bin
(ncs_1.8.0-rc2) bash-3.2$ west zephyr-export
Zephyr (/Users/makmorit/opt/ncs_1.8.0-rc2/zephyr/share/zephyr-package/cmake)
has been added to the user package registry in:
~/.cmake/packages/Zephyr

ZephyrUnittest (/Users/makmorit/opt/ncs_1.8.0-rc2/zephyr/share/zephyrunittest-package/cmake)
has been added to the user package registry in:
~/.cmake/packages/ZephyrUnittest

(ncs_1.8.0-rc2) bash-3.2$ echo $?
0
(ncs_1.8.0-rc2) bash-3.2$
(ncs_1.8.0-rc2) bash-3.2$ pwd
/Users/makmorit/opt/ncs_1.8.0-rc2
(ncs_1.8.0-rc2) bash-3.2$ ls -al
total 8
drwxr-xr-x  15 makmorit  staff   480  1 25 10:06 .
drwxr-xr-x  12 makmorit  staff   384  1 25 10:03 ..
drwxr-xr-x   3 makmorit  staff    96  1 25 10:04 .west
drwxr-xr-x  14 makmorit  staff   448  1 25 10:03 bin
drwxr-xr-x   3 makmorit  staff    96  1 25 10:05 bootloader
drwxr-xr-x   2 makmorit  staff    64  1 25 10:03 include
drwxr-xr-x   3 makmorit  staff    96  1 25 10:03 lib
drwxr-xr-x  28 makmorit  staff   896  1 25 10:06 mbedtls
drwxr-xr-x  10 makmorit  staff   320  1 25 10:07 modules
drwxr-xr-x  34 makmorit  staff  1088  1 25 10:04 nrf
drwxr-xr-x  27 makmorit  staff   864  1 25 10:05 nrfxlib
-rw-r--r--   1 makmorit  staff   111  1 25 10:03 pyvenv.cfg
drwxr-xr-x   3 makmorit  staff    96  1 25 10:06 test
drwxr-xr-x   4 makmorit  staff   128  1 25 10:07 tools
drwxr-xr-x  46 makmorit  staff  1472  1 25 10:05 zephyr
(ncs_1.8.0-rc2) bash-3.2$
