bash-3.2$ cd ${HOME}/opt/ncs_1.8.99;source bin/activate
(ncs_1.8.99) bash-3.2$
(ncs_1.8.99) bash-3.2$
(ncs_1.8.99) bash-3.2$ pip3 install west
Collecting west
  Using cached https://files.pythonhosted.org/packages/8e/0c/9f8ee26eb8b27b3aae9e2a2b6ec7cd72ba119c234548ceee184c2df700a2/west-0.12.0-py3-none-any.whl
Collecting pykwalify (from west)
  Using cached https://files.pythonhosted.org/packages/1f/fd/ac2161cce19fd67a18c269073f8e86292b5511acec6f8ef6eab88615d032/pykwalify-1.8.0-py2.py3-none-any.whl
Requirement already satisfied: setuptools in ./lib/python3.7/site-packages (from west) (40.8.0)
Collecting colorama (from west)
  Using cached https://files.pythonhosted.org/packages/44/98/5b86278fbbf250d239ae0ecb724f8572af1c91f4a11edf4d36a206189440/colorama-0.4.4-py2.py3-none-any.whl
Collecting packaging (from west)
  Using cached https://files.pythonhosted.org/packages/05/8e/8de486cbd03baba4deef4142bd643a3e7bbe954a784dc1bb17142572d127/packaging-21.3-py3-none-any.whl
Collecting PyYAML>=5.1 (from west)
  Using cached https://files.pythonhosted.org/packages/9d/f6/7e91fbb58c9ee528759aea5892e062cccb426720c5830ddcce92eba00ff1/PyYAML-6.0-cp37-cp37m-macosx_10_9_x86_64.whl
Collecting python-dateutil>=2.8.0 (from pykwalify->west)
  Using cached https://files.pythonhosted.org/packages/36/7a/87837f39d0296e723bb9b62bbb257d0355c7f6128853c78955f57342a56d/python_dateutil-2.8.2-py2.py3-none-any.whl
Collecting ruamel.yaml>=0.16.0 (from pykwalify->west)
  Using cached https://files.pythonhosted.org/packages/cb/30/2d76730ade03303d1c4deb0742a4fbe374e072a4eeb9e1d08f5140f7ddd2/ruamel.yaml-0.17.20-py3-none-any.whl
Collecting docopt>=0.6.2 (from pykwalify->west)
  Using cached https://files.pythonhosted.org/packages/a2/55/8f8cab2afd404cf578136ef2cc5dfb50baa1761b68c9da1fb1e4eed343c9/docopt-0.6.2.tar.gz
Collecting pyparsing!=3.0.5,>=2.0.2 (from packaging->west)
  Using cached https://files.pythonhosted.org/packages/80/c1/23fd82ad3121656b585351aba6c19761926bb0db2ebed9e4ff09a43a3fcc/pyparsing-3.0.7-py3-none-any.whl
Collecting six>=1.5 (from python-dateutil>=2.8.0->pykwalify->west)
  Using cached https://files.pythonhosted.org/packages/d9/5a/e7c31adbe875f2abbb91bd84cf2dc52d792b5a01506781dbcf25c91daf11/six-1.16.0-py2.py3-none-any.whl
Collecting ruamel.yaml.clib>=0.2.6; platform_python_implementation == "CPython" and python_version < "3.11" (from ruamel.yaml>=0.16.0->pykwalify->west)
  Using cached https://files.pythonhosted.org/packages/d1/17/630d1d28e0fc442115280f3928b8a2b78a47b5c75bb619d16bfc4d046a69/ruamel.yaml.clib-0.2.6-cp37-cp37m-macosx_10_9_x86_64.whl
Installing collected packages: six, python-dateutil, ruamel.yaml.clib, ruamel.yaml, docopt, pykwalify, colorama, pyparsing, packaging, PyYAML, west
  Running setup.py install for docopt ... done
Successfully installed PyYAML-6.0 colorama-0.4.4 docopt-0.6.2 packaging-21.3 pykwalify-1.8.0 pyparsing-3.0.7 python-dateutil-2.8.2 ruamel.yaml-0.17.20 ruamel.yaml.clib-0.2.6 six-1.16.0 west-0.12.0
You are using pip version 19.0.3, however version 22.0.3 is available.
You should consider upgrading via the 'pip install --upgrade pip' command.
(ncs_1.8.99) bash-3.2$ west init -m https://github.com/nrfconnect/sdk-nrf
=== Initializing in /Users/makmorit/opt/ncs_1.8.99
--- Cloning manifest repository from https://github.com/nrfconnect/sdk-nrf
Cloning into '/Users/makmorit/opt/ncs_1.8.99/.west/manifest-tmp'...
remote: Enumerating objects: 97976, done.
remote: Total 97976 (delta 0), reused 0 (delta 0), pack-reused 97976
Receiving objects: 100% (97976/97976), 55.01 MiB | 4.66 MiB/s, done.
Resolving deltas: 100% (72373/72373), done.
--- setting manifest.path to nrf
=== Initialized. Now run "west update" inside /Users/makmorit/opt/ncs_1.8.99.
(ncs_1.8.99) bash-3.2$ west update
=== updating zephyr (zephyr):
--- zephyr: initializing
Initialized empty Git repository in /Users/makmorit/opt/ncs_1.8.99/zephyr/.git/
--- zephyr: fetching, need revision v2.7.99-ncs1-rc1
remote: Enumerating objects: 642346, done.
remote: Counting objects: 100% (135/135), done.
remote: Compressing objects: 100% (105/105), done.
remote: Total 642346 (delta 38), reused 87 (delta 28), pack-reused 642211
Receiving objects: 100% (642346/642346), 408.67 MiB | 8.34 MiB/s, done.
Resolving deltas: 100% (494366/494366), done.
From https://github.com/nrfconnect/sdk-zephyr
 * tag               v2.7.99-ncs1-rc1          -> FETCH_HEAD
 * [new tag]         v1.13.99-ncs1             -> v1.13.99-ncs1
 * [new tag]         v1.13.99-ncs1-rc1         -> v1.13.99-ncs1-rc1
 * [new tag]         v1.13.99-ncs2             -> v1.13.99-ncs2
 * [new tag]         v1.13.99-ncs2-rc1         -> v1.13.99-ncs2-rc1
 * [new tag]         v1.13.99-ncs2-rc2         -> v1.13.99-ncs2-rc2
 * [new tag]         v1.14.99-ncs1             -> v1.14.99-ncs1
 * [new tag]         v1.14.99-ncs1-rc1         -> v1.14.99-ncs1-rc1
 * [new tag]         v1.14.99-ncs1-rc2         -> v1.14.99-ncs1-rc2
 * [new tag]         v1.14.99-ncs2             -> v1.14.99-ncs2
 * [new tag]         v1.14.99-ncs2-rc1         -> v1.14.99-ncs2-rc1
 * [new tag]         v1.14.99-ncs2-rc2         -> v1.14.99-ncs2-rc2
 * [new tag]         v1.14.99-ncs2-rc3         -> v1.14.99-ncs2-rc3
 * [new tag]         v1.14.99-ncs2-rc4         -> v1.14.99-ncs2-rc4
 * [new tag]         v1.14.99-ncs3-snapshot1   -> v1.14.99-ncs3-snapshot1
 * [new tag]         v1.14.99-ncs3-snapshot2   -> v1.14.99-ncs3-snapshot2
 * [new tag]         v2.0.99-ncs1              -> v2.0.99-ncs1
 * [new tag]         v2.0.99-ncs1-rc1          -> v2.0.99-ncs1-rc1
 * [new tag]         v2.0.99-ncs1-rc2          -> v2.0.99-ncs1-rc2
 * [new tag]         v2.0.99-ncs1-rc3          -> v2.0.99-ncs1-rc3
 * [new tag]         v2.0.99-ncs1-snapshot1    -> v2.0.99-ncs1-snapshot1
 * [new tag]         v2.1.0-ncs1-snapshot1     -> v2.1.0-ncs1-snapshot1
 * [new tag]         v2.1.99-ncs1              -> v2.1.99-ncs1
 * [new tag]         v2.1.99-ncs1-rc1          -> v2.1.99-ncs1-rc1
 * [new tag]         v2.1.99-ncs1-rc2          -> v2.1.99-ncs1-rc2
 * [new tag]         v2.1.99-ncs1-snapshot1    -> v2.1.99-ncs1-snapshot1
 * [new tag]         v2.3.0-rc1-ncs1           -> v2.3.0-rc1-ncs1
 * [new tag]         v2.3.0-rc1-ncs1-rc1       -> v2.3.0-rc1-ncs1-rc1
 * [new tag]         v2.3.0-rc1-ncs1-rc2       -> v2.3.0-rc1-ncs1-rc2
 * [new tag]         v2.3.0-rc1-ncs1-rc3       -> v2.3.0-rc1-ncs1-rc3
 * [new tag]         v2.3.0-rc1-ncs1-snapshot1 -> v2.3.0-rc1-ncs1-snapshot1
 * [new tag]         v2.3.0-rc1-ncs2           -> v2.3.0-rc1-ncs2
 * [new tag]         v2.3.0-rc1-ncs3           -> v2.3.0-rc1-ncs3
 * [new tag]         v2.4.0-ncs1               -> v2.4.0-ncs1
 * [new tag]         v2.4.0-ncs1-rc1           -> v2.4.0-ncs1-rc1
 * [new tag]         v2.4.0-ncs1-rc2           -> v2.4.0-ncs1-rc2
 * [new tag]         v2.4.0-ncs1-snapshot1     -> v2.4.0-ncs1-snapshot1
 * [new tag]         v2.4.0-ncs2               -> v2.4.0-ncs2
 * [new tag]         v2.4.0-ncs2-rc1           -> v2.4.0-ncs2-rc1
 * [new tag]         v2.4.99-ncs1              -> v2.4.99-ncs1
 * [new tag]         v2.4.99-ncs1-rc1          -> v2.4.99-ncs1-rc1
 * [new tag]         v2.4.99-ncs1-snapshot1    -> v2.4.99-ncs1-snapshot1
 * [new tag]         v2.4.99-ncs2              -> v2.4.99-ncs2
 * [new tag]         v2.4.99-ncs2-1            -> v2.4.99-ncs2-1
 * [new tag]         v2.4.99-ncs2-rc1          -> v2.4.99-ncs2-rc1
 * [new tag]         v2.6.0-ncs1-rc3           -> v2.6.0-ncs1-rc3
 * [new tag]         v2.6.0-rc1-ncs1           -> v2.6.0-rc1-ncs1
 * [new tag]         v2.6.0-rc1-ncs1-rc1       -> v2.6.0-rc1-ncs1-rc1
 * [new tag]         v2.6.0-rc1-ncs1-snapshot1 -> v2.6.0-rc1-ncs1-snapshot1
 * [new tag]         v2.6.99-ncs1              -> v2.6.99-ncs1
 * [new tag]         v2.6.99-ncs1-1            -> v2.6.99-ncs1-1
 * [new tag]         v2.6.99-ncs1-rc1          -> v2.6.99-ncs1-rc1
 * [new tag]         v2.6.99-ncs1-rc2          -> v2.6.99-ncs1-rc2
 * [new tag]         v2.6.99-ncs1-snapshot1    -> v2.6.99-ncs1-snapshot1
 * [new tag]         v2.7.0-ncs1               -> v2.7.0-ncs1
 * [new tag]         v2.7.0-ncs1-rc1           -> v2.7.0-ncs1-rc1
 * [new tag]         v2.7.0-ncs1-rc2           -> v2.7.0-ncs1-rc2
 * [new tag]         v2.7.0-ncs1-snapshot1     -> v2.7.0-ncs1-snapshot1
 * [new tag]         v2.7.0-ncs1-snapshot2     -> v2.7.0-ncs1-snapshot2
 * [new tag]         v2.7.99-ncs1-rc1          -> v2.7.99-ncs1-rc1
Updating files: 100% (18959/18959), done.
HEAD is now at f081631c95 [nrf noup] mbedtls: Disable configurations in Kconfig.tls-generic
HEAD is now at f081631c95 [nrf noup] mbedtls: Disable configurations in Kconfig.tls-generic
=== updating mcuboot (bootloader/mcuboot):
--- mcuboot: initializing
Initialized empty Git repository in /Users/makmorit/opt/ncs_1.8.99/bootloader/mcuboot/.git/
--- mcuboot: fetching, need revision v1.8.99-ncs1-rc1
remote: Enumerating objects: 16292, done.
remote: Counting objects: 100% (4057/4057), done.
remote: Compressing objects: 100% (1356/1356), done.
remote: Total 16292 (delta 2798), reused 3686 (delta 2580), pack-reused 12235
Receiving objects: 100% (16292/16292), 5.00 MiB | 2.81 MiB/s, done.
Resolving deltas: 100% (10856/10856), done.
From https://github.com/nrfconnect/sdk-mcuboot
 * tag               v1.8.99-ncs1-rc1       -> FETCH_HEAD
 * [new tag]         v1.2.99-ncs1           -> v1.2.99-ncs1
 * [new tag]         v1.2.99-ncs1-rc1       -> v1.2.99-ncs1-rc1
 * [new tag]         v1.2.99-ncs2           -> v1.2.99-ncs2
 * [new tag]         v1.2.99-ncs2-rc1       -> v1.2.99-ncs2-rc1
 * [new tag]         v1.2.99-ncs2-rc2       -> v1.2.99-ncs2-rc2
 * [new tag]         v1.3.99-ncs1           -> v1.3.99-ncs1
 * [new tag]         v1.3.99-ncs1-rc1       -> v1.3.99-ncs1-rc1
 * [new tag]         v1.3.99-ncs1-rc2       -> v1.3.99-ncs1-rc2
 * [new tag]         v1.3.99-ncs2           -> v1.3.99-ncs2
 * [new tag]         v1.3.99-ncs2-rc1       -> v1.3.99-ncs2-rc1
 * [new tag]         v1.3.99-ncs2-rc2       -> v1.3.99-ncs2-rc2
 * [new tag]         v1.3.99-ncs2-rc3       -> v1.3.99-ncs2-rc3
 * [new tag]         v1.3.99-ncs2-rc4       -> v1.3.99-ncs2-rc4
 * [new tag]         v1.3.99-ncs3-snapshot1 -> v1.3.99-ncs3-snapshot1
 * [new tag]         v1.3.99-ncs3-snapshot2 -> v1.3.99-ncs3-snapshot2
 * [new tag]         v1.4.99-ncs1           -> v1.4.99-ncs1
 * [new tag]         v1.4.99-ncs1-rc1       -> v1.4.99-ncs1-rc1
 * [new tag]         v1.4.99-ncs1-rc2       -> v1.4.99-ncs1-rc2
 * [new tag]         v1.4.99-ncs1-rc3       -> v1.4.99-ncs1-rc3
 * [new tag]         v1.4.99-ncs1-snapshot1 -> v1.4.99-ncs1-snapshot1
 * [new tag]         v1.4.99-ncs2           -> v1.4.99-ncs2
 * [new tag]         v1.4.99-ncs2-rc1       -> v1.4.99-ncs2-rc1
 * [new tag]         v1.4.99-ncs2-rc2       -> v1.4.99-ncs2-rc2
 * [new tag]         v1.4.99-ncs2-snapshot1 -> v1.4.99-ncs2-snapshot1
 * [new tag]         v1.5.99-ncs1-rc1       -> v1.5.99-ncs1-rc1
 * [new tag]         v1.5.99-ncs1-rc2       -> v1.5.99-ncs1-rc2
 * [new tag]         v1.5.99-ncs1-rc3       -> v1.5.99-ncs1-rc3
 * [new tag]         v1.5.99-ncs1-snapshot1 -> v1.5.99-ncs1-snapshot1
 * [new tag]         v1.6.0-rc2-ncs1        -> v1.6.0-rc2-ncs1
 * [new tag]         v1.6.99-ncs1           -> v1.6.99-ncs1
 * [new tag]         v1.6.99-ncs1-rc1       -> v1.6.99-ncs1-rc1
 * [new tag]         v1.6.99-ncs1-rc2       -> v1.6.99-ncs1-rc2
 * [new tag]         v1.6.99-ncs1-snapshot1 -> v1.6.99-ncs1-snapshot1
 * [new tag]         v1.7.0-ncs1-rc1        -> v1.7.0-ncs1-rc1
 * [new tag]         v1.7.0-ncs1-rc3        -> v1.7.0-ncs1-rc3
 * [new tag]         v1.7.0-ncs1-snapshot1  -> v1.7.0-ncs1-snapshot1
 * [new tag]         v1.7.2                 -> v1.7.2
 * [new tag]         v1.7.99-ncs1           -> v1.7.99-ncs1
 * [new tag]         v1.7.99-ncs1-1         -> v1.7.99-ncs1-1
 * [new tag]         v1.7.99-ncs1-rc1       -> v1.7.99-ncs1-rc1
 * [new tag]         v1.7.99-ncs2           -> v1.7.99-ncs2
 * [new tag]         v1.7.99-ncs2-snapshot1 -> v1.7.99-ncs2-snapshot1
 * [new tag]         v1.7.99-ncs3           -> v1.7.99-ncs3
 * [new tag]         v1.7.99-ncs3-1         -> v1.7.99-ncs3-1
 * [new tag]         v1.7.99-ncs3-rc1       -> v1.7.99-ncs3-rc1
 * [new tag]         v1.7.99-ncs3-rc2       -> v1.7.99-ncs3-rc2
 * [new tag]         v1.7.99-ncs4           -> v1.7.99-ncs4
 * [new tag]         v1.7.99-ncs4-rc1       -> v1.7.99-ncs4-rc1
 * [new tag]         v1.7.99-ncs4-rc2       -> v1.7.99-ncs4-rc2
 * [new tag]         v1.8.99-ncs1-rc1       -> v1.8.99-ncs1-rc1
HEAD is now at 5fd4ff5 [nrf noup] boot: zephyr: Enable zeroize ALT func
HEAD is now at 5fd4ff5 [nrf noup] boot: zephyr: Enable zeroize ALT func
=== updating mbedtls-nrf (mbedtls):
--- mbedtls-nrf: initializing
Initialized empty Git repository in /Users/makmorit/opt/ncs_1.8.99/mbedtls/.git/
--- mbedtls-nrf: fetching, need revision cefdd9954bcc92c08ce2ba41d87b57c29b73482b
remote: Enumerating objects: 107946, done.
remote: Counting objects: 100% (72/72), done.
remote: Compressing objects: 100% (44/44), done.
remote: Total 107946 (delta 31), reused 47 (delta 26), pack-reused 107874
Receiving objects: 100% (107946/107946), 49.73 MiB | 6.96 MiB/s, done.
Resolving deltas: 100% (83689/83689), done.
From https://github.com/nrfconnect/sdk-mbedtls
 * [new branch]      3_0_0          -> refs/west/3_0_0
 * [new branch]      development    -> refs/west/development
 * [new tag]         mbedtls-2.26.0 -> mbedtls-2.26.0
HEAD is now at cefdd9954 [nrf noup] Add driver_wrapper call for derivation
HEAD is now at cefdd9954 [nrf noup] Add driver_wrapper call for derivation
=== updating nrfxlib (nrfxlib):
--- nrfxlib: initializing
Initialized empty Git repository in /Users/makmorit/opt/ncs_1.8.99/nrfxlib/.git/
--- nrfxlib: fetching, need revision v1.9.0-rc1
remote: Enumerating objects: 16083, done.
remote: Counting objects: 100% (119/119), done.
remote: Compressing objects: 100% (69/69), done.
remote: Total 16083 (delta 55), reused 87 (delta 50), pack-reused 15964
Receiving objects: 100% (16083/16083), 148.32 MiB | 10.42 MiB/s, done.
Resolving deltas: 100% (9883/9883), done.
From https://github.com/nrfconnect/sdk-nrfxlib
 * tag               v1.9.0-rc1 -> FETCH_HEAD
 * [new tag]         v0.1.0     -> v0.1.0
 * [new tag]         v0.1.0-rc1 -> v0.1.0-rc1
 * [new tag]         v0.3.0     -> v0.3.0
 * [new tag]         v0.3.0-rc1 -> v0.3.0-rc1
 * [new tag]         v0.3.0-rc2 -> v0.3.0-rc2
 * [new tag]         v0.4.0     -> v0.4.0
 * [new tag]         v0.4.0-rc1 -> v0.4.0-rc1
 * [new tag]         v0.4.0-rc2 -> v0.4.0-rc2
 * [new tag]         v1.0.0     -> v1.0.0
 * [new tag]         v1.0.0-rc1 -> v1.0.0-rc1
 * [new tag]         v1.0.0-rc2 -> v1.0.0-rc2
 * [new tag]         v1.0.0-rc3 -> v1.0.0-rc3
 * [new tag]         v1.0.0-rc4 -> v1.0.0-rc4
 * [new tag]         v1.1.0     -> v1.1.0
 * [new tag]         v1.1.0-rc1 -> v1.1.0-rc1
 * [new tag]         v1.1.0-rc2 -> v1.1.0-rc2
 * [new tag]         v1.1.0-rc3 -> v1.1.0-rc3
 * [new tag]         v1.2.0     -> v1.2.0
 * [new tag]         v1.2.0-rc1 -> v1.2.0-rc1
 * [new tag]         v1.2.0-rc2 -> v1.2.0-rc2
 * [new tag]         v1.2.1     -> v1.2.1
 * [new tag]         v1.3.0     -> v1.3.0
 * [new tag]         v1.3.0-rc1 -> v1.3.0-rc1
 * [new tag]         v1.3.0-rc2 -> v1.3.0-rc2
 * [new tag]         v1.3.0-rc3 -> v1.3.0-rc3
 * [new tag]         v1.3.1     -> v1.3.1
 * [new tag]         v1.4.0     -> v1.4.0
 * [new tag]         v1.4.0-rc1 -> v1.4.0-rc1
 * [new tag]         v1.4.1     -> v1.4.1
 * [new tag]         v1.4.2     -> v1.4.2
 * [new tag]         v1.5.0     -> v1.5.0
 * [new tag]         v1.5.0-rc1 -> v1.5.0-rc1
 * [new tag]         v1.5.1     -> v1.5.1
 * [new tag]         v1.5.1-rc1 -> v1.5.1-rc1
 * [new tag]         v1.5.2     -> v1.5.2
 * [new tag]         v1.6.0     -> v1.6.0
 * [new tag]         v1.6.0-rc3 -> v1.6.0-rc3
 * [new tag]         v1.6.1     -> v1.6.1
 * [new tag]         v1.7.0     -> v1.7.0
 * [new tag]         v1.7.0-rc1 -> v1.7.0-rc1
 * [new tag]         v1.7.0-rc2 -> v1.7.0-rc2
 * [new tag]         v1.7.1     -> v1.7.1
 * [new tag]         v1.8.0     -> v1.8.0
 * [new tag]         v1.8.0-rc1 -> v1.8.0-rc1
 * [new tag]         v1.8.0-rc2 -> v1.8.0-rc2
 * [new tag]         v1.9.0-rc1 -> v1.9.0-rc1
HEAD is now at 5e4a91c nrf_security: Disabling missing accel-key feature in PSA core
HEAD is now at 5e4a91c nrf_security: Disabling missing accel-key feature in PSA core
=== updating trusted-firmware-m (modules/tee/tf-m/trusted-firmware-m):
--- trusted-firmware-m: initializing
Initialized empty Git repository in /Users/makmorit/opt/ncs_1.8.99/modules/tee/tf-m/trusted-firmware-m/.git/
--- trusted-firmware-m: fetching, need revision v1.5.0-ncs1-rc1
remote: Enumerating objects: 52263, done.
remote: Counting objects: 100% (785/785), done.
remote: Compressing objects: 100% (194/194), done.
remote: Total 52263 (delta 654), reused 659 (delta 591), pack-reused 51478
Receiving objects: 100% (52263/52263), 41.64 MiB | 8.31 MiB/s, done.
Resolving deltas: 100% (35086/35086), done.
From https://github.com/nrfconnect/sdk-trusted-firmware-m
 * tag               v1.5.0-ncs1-rc1        -> FETCH_HEAD
 * [new tag]         v1.2.99-ncs1           -> v1.2.99-ncs1
 * [new tag]         v1.2.99-ncs1-1         -> v1.2.99-ncs1-1
 * [new tag]         v1.2.99-ncs1-rc1       -> v1.2.99-ncs1-rc1
 * [new tag]         v1.3.99-ncs1           -> v1.3.99-ncs1
 * [new tag]         v1.3.99-ncs1-rc1       -> v1.3.99-ncs1-rc1
 * [new tag]         v1.3.99-ncs1-rc3       -> v1.3.99-ncs1-rc3
 * [new tag]         v1.3.99-ncs1-snapshot1 -> v1.3.99-ncs1-snapshot1
 * [new tag]         v1.3.99-ncs1-snapshot2 -> v1.3.99-ncs1-snapshot2
 * [new tag]         v1.3.99-ncs2           -> v1.3.99-ncs2
 * [new tag]         v1.3.99-ncs2-1         -> v1.3.99-ncs2-1
 * [new tag]         v1.3.99-ncs2-rc1       -> v1.3.99-ncs2-rc1
 * [new tag]         v1.3.99-ncs2-rc2       -> v1.3.99-ncs2-rc2
 * [new tag]         v1.3.99-ncs3           -> v1.3.99-ncs3
 * [new tag]         v1.3.99-ncs3-rc1       -> v1.3.99-ncs3-rc1
 * [new tag]         v1.3.99-ncs3-rc2       -> v1.3.99-ncs3-rc2
 * [new tag]         v1.5.0-ncs1-rc1        -> v1.5.0-ncs1-rc1
HEAD is now at c64fb593 [nrf fromlist] secure_fw: partitions: Make ITS a weak dependency for ...
HEAD is now at c64fb593 [nrf fromlist] secure_fw: partitions: Make ITS a weak dependency for ...
=== updating tfm-mcuboot (modules/tee/tfm-mcuboot):
--- tfm-mcuboot: initializing
Initialized empty Git repository in /Users/makmorit/opt/ncs_1.8.99/modules/tee/tfm-mcuboot/.git/
--- tfm-mcuboot: fetching, need revision v1.7.2
remote: Enumerating objects: 16292, done.
remote: Counting objects: 100% (4057/4057), done.
remote: Compressing objects: 100% (1357/1357), done.
remote: Total 16292 (delta 2796), reused 3686 (delta 2579), pack-reused 12235
Receiving objects: 100% (16292/16292), 5.00 MiB | 5.06 MiB/s, done.
Resolving deltas: 100% (10854/10854), done.
From https://github.com/nrfconnect/sdk-mcuboot
 * tag               v1.7.2                 -> FETCH_HEAD
 * [new tag]         v1.2.99-ncs1           -> v1.2.99-ncs1
 * [new tag]         v1.2.99-ncs1-rc1       -> v1.2.99-ncs1-rc1
 * [new tag]         v1.2.99-ncs2           -> v1.2.99-ncs2
 * [new tag]         v1.2.99-ncs2-rc1       -> v1.2.99-ncs2-rc1
 * [new tag]         v1.2.99-ncs2-rc2       -> v1.2.99-ncs2-rc2
 * [new tag]         v1.3.99-ncs1           -> v1.3.99-ncs1
 * [new tag]         v1.3.99-ncs1-rc1       -> v1.3.99-ncs1-rc1
 * [new tag]         v1.3.99-ncs1-rc2       -> v1.3.99-ncs1-rc2
 * [new tag]         v1.3.99-ncs2           -> v1.3.99-ncs2
 * [new tag]         v1.3.99-ncs2-rc1       -> v1.3.99-ncs2-rc1
 * [new tag]         v1.3.99-ncs2-rc2       -> v1.3.99-ncs2-rc2
 * [new tag]         v1.3.99-ncs2-rc3       -> v1.3.99-ncs2-rc3
 * [new tag]         v1.3.99-ncs2-rc4       -> v1.3.99-ncs2-rc4
 * [new tag]         v1.3.99-ncs3-snapshot1 -> v1.3.99-ncs3-snapshot1
 * [new tag]         v1.3.99-ncs3-snapshot2 -> v1.3.99-ncs3-snapshot2
 * [new tag]         v1.4.99-ncs1           -> v1.4.99-ncs1
 * [new tag]         v1.4.99-ncs1-rc1       -> v1.4.99-ncs1-rc1
 * [new tag]         v1.4.99-ncs1-rc2       -> v1.4.99-ncs1-rc2
 * [new tag]         v1.4.99-ncs1-rc3       -> v1.4.99-ncs1-rc3
 * [new tag]         v1.4.99-ncs1-snapshot1 -> v1.4.99-ncs1-snapshot1
 * [new tag]         v1.4.99-ncs2           -> v1.4.99-ncs2
 * [new tag]         v1.4.99-ncs2-rc1       -> v1.4.99-ncs2-rc1
 * [new tag]         v1.4.99-ncs2-rc2       -> v1.4.99-ncs2-rc2
 * [new tag]         v1.4.99-ncs2-snapshot1 -> v1.4.99-ncs2-snapshot1
 * [new tag]         v1.5.99-ncs1-rc1       -> v1.5.99-ncs1-rc1
 * [new tag]         v1.5.99-ncs1-rc2       -> v1.5.99-ncs1-rc2
 * [new tag]         v1.5.99-ncs1-rc3       -> v1.5.99-ncs1-rc3
 * [new tag]         v1.5.99-ncs1-snapshot1 -> v1.5.99-ncs1-snapshot1
 * [new tag]         v1.6.0-rc2-ncs1        -> v1.6.0-rc2-ncs1
 * [new tag]         v1.6.99-ncs1           -> v1.6.99-ncs1
 * [new tag]         v1.6.99-ncs1-rc1       -> v1.6.99-ncs1-rc1
 * [new tag]         v1.6.99-ncs1-rc2       -> v1.6.99-ncs1-rc2
 * [new tag]         v1.6.99-ncs1-snapshot1 -> v1.6.99-ncs1-snapshot1
 * [new tag]         v1.7.0-ncs1-rc1        -> v1.7.0-ncs1-rc1
 * [new tag]         v1.7.0-ncs1-rc3        -> v1.7.0-ncs1-rc3
 * [new tag]         v1.7.0-ncs1-snapshot1  -> v1.7.0-ncs1-snapshot1
 * [new tag]         v1.7.2                 -> v1.7.2
 * [new tag]         v1.7.99-ncs1           -> v1.7.99-ncs1
 * [new tag]         v1.7.99-ncs1-1         -> v1.7.99-ncs1-1
 * [new tag]         v1.7.99-ncs1-rc1       -> v1.7.99-ncs1-rc1
 * [new tag]         v1.7.99-ncs2           -> v1.7.99-ncs2
 * [new tag]         v1.7.99-ncs2-snapshot1 -> v1.7.99-ncs2-snapshot1
 * [new tag]         v1.7.99-ncs3           -> v1.7.99-ncs3
 * [new tag]         v1.7.99-ncs3-1         -> v1.7.99-ncs3-1
 * [new tag]         v1.7.99-ncs3-rc1       -> v1.7.99-ncs3-rc1
 * [new tag]         v1.7.99-ncs3-rc2       -> v1.7.99-ncs3-rc2
 * [new tag]         v1.7.99-ncs4           -> v1.7.99-ncs4
 * [new tag]         v1.7.99-ncs4-rc1       -> v1.7.99-ncs4-rc1
 * [new tag]         v1.7.99-ncs4-rc2       -> v1.7.99-ncs4-rc2
 * [new tag]         v1.8.99-ncs1-rc1       -> v1.8.99-ncs1-rc1
HEAD is now at 4aa516e Bump versions for v1.7.2
HEAD is now at 4aa516e Bump versions for v1.7.2
=== updating matter (modules/lib/matter):
--- matter: initializing
Initialized empty Git repository in /Users/makmorit/opt/ncs_1.8.99/modules/lib/matter/.git/
--- matter: fetching, need revision v1.9.0-rc1
remote: Enumerating objects: 127934, done.
remote: Counting objects: 100% (79137/79137), done.
remote: Compressing objects: 100% (16727/16727), done.
remote: Total 127934 (delta 60191), reused 76256 (delta 58236), pack-reused 48797
Receiving objects: 100% (127934/127934), 63.97 MiB | 8.14 MiB/s, done.
Resolving deltas: 100% (96465/96465), done.
From https://github.com/nrfconnect/sdk-connectedhomeip
 * tag               v1.9.0-rc1        -> FETCH_HEAD
 * [new tag]         v1.5.0            -> v1.5.0
 * [new tag]         v1.5.0-rc1        -> v1.5.0-rc1
 * [new tag]         v1.5.1            -> v1.5.1
 * [new tag]         v1.5.1-rc1        -> v1.5.1-rc1
 * [new tag]         v1.5.2            -> v1.5.2
 * [new tag]         v1.6.0            -> v1.6.0
 * [new tag]         v1.6.0-rc3        -> v1.6.0-rc3
 * [new tag]         v1.6.99-20210901  -> v1.6.99-20210901
 * [new tag]         v1.6.99-snapshot1 -> v1.6.99-snapshot1
 * [new tag]         v1.7.0            -> v1.7.0
 * [new tag]         v1.7.0-rc1        -> v1.7.0-rc1
 * [new tag]         v1.7.0-rc2        -> v1.7.0-rc2
 * [new tag]         v1.7.1            -> v1.7.1
 * [new tag]         v1.7.99-20211125  -> v1.7.99-20211125
 * [new tag]         v1.8.0            -> v1.8.0
 * [new tag]         v1.8.0-rc1        -> v1.8.0-rc1
 * [new tag]         v1.8.0-rc2        -> v1.8.0-rc2
 * [new tag]         v1.9.0-rc1        -> v1.9.0-rc1
HEAD is now at af4d00fd5 [nrf noup][SED] Review switching between polling modes - update
HEAD is now at af4d00fd5 [nrf noup][SED] Review switching between polling modes - update
Submodule 'nlio' (https://github.com/nestlabs/nlio.git) registered for path 'third_party/nlio/repo'
Cloning into '/Users/makmorit/opt/ncs_1.8.99/modules/lib/matter/third_party/nlio/repo'...
Submodule path 'third_party/nlio/repo': checked out '0e725502c2b17bb0a0c22ddd4bcaee9090c8fb5c'
Submodule 'nlassert' (https://github.com/nestlabs/nlassert.git) registered for path 'third_party/nlassert/repo'
Cloning into '/Users/makmorit/opt/ncs_1.8.99/modules/lib/matter/third_party/nlassert/repo'...
Submodule path 'third_party/nlassert/repo': checked out 'c5892c5ae43830f939ed660ff8ac5f1b91d336d3'
Submodule 'pigweed' (https://github.com/google/pigweed.git) registered for path 'third_party/pigweed/repo'
Cloning into '/Users/makmorit/opt/ncs_1.8.99/modules/lib/matter/third_party/pigweed/repo'...
Submodule path 'third_party/pigweed/repo': checked out 'f30bce8bf2513e924f461da6f2e7d1f2620a89f3'
=== updating cjson (modules/lib/cjson):
--- cjson: initializing
Initialized empty Git repository in /Users/makmorit/opt/ncs_1.8.99/modules/lib/cjson/.git/
--- cjson: fetching, need revision c6af068b7f05207b28d68880740e4b9ec1e4b50a
remote: Enumerating objects: 3965, done.
remote: Counting objects: 100% (3965/3965), done.
remote: Compressing objects: 100% (1371/1371), done.
remote: Total 3965 (delta 2580), reused 3955 (delta 2571), pack-reused 0
Receiving objects: 100% (3965/3965), 2.30 MiB | 2.34 MiB/s, done.
Resolving deltas: 100% (2580/2580), done.
From https://github.com/nrfconnect/sdk-cjson
 * [new branch]      main       -> refs/west/main
 * [new tag]         v1.7.14    -> v1.7.14
HEAD is now at c6af068 [nrf fromtree] fix: potential memory leak in merge_patch() (#611)
HEAD is now at c6af068 [nrf fromtree] fix: potential memory leak in merge_patch() (#611)
=== updating cmock (test/cmock):
--- cmock: initializing
Initialized empty Git repository in /Users/makmorit/opt/ncs_1.8.99/test/cmock/.git/
--- cmock: fetching, need revision 9d092898ef26ece140d9225e037274b64d4f851e
remote: Enumerating objects: 5724, done.
remote: Counting objects: 100% (113/113), done.
remote: Compressing objects: 100% (79/79), done.
remote: Total 5724 (delta 54), reused 60 (delta 24), pack-reused 5611
Receiving objects: 100% (5724/5724), 3.60 MiB | 3.16 MiB/s, done.
Resolving deltas: 100% (3883/3883), done.
From https://github.com/ThrowTheSwitch/cmock
 * [new branch]      branch_2_5_1                  -> refs/west/branch_2_5_1
 * [new branch]      feature/only_config_is_shared -> refs/west/feature/only_config_is_shared
 * [new branch]      master                        -> refs/west/master
 * [new branch]      reapply_329                   -> refs/west/reapply_329
 * [new branch]      revert-329-master             -> refs/west/revert-329-master
 * [new branch]      test/switch_to_actions        -> refs/west/test/switch_to_actions
 * [new tag]         v2.4.3                        -> v2.4.3
 * [new tag]         v2.4.4                        -> v2.4.4
 * [new tag]         v2.4.5                        -> v2.4.5
 * [new tag]         v2.4.6                        -> v2.4.6
 * [new tag]         v2.5.0                        -> v2.5.0
 * [new tag]         v2.5.1                        -> v2.5.1
 * [new tag]         v2.5.2                        -> v2.5.2
 * [new tag]         v2.5.3                        -> v2.5.3
HEAD is now at 9d09289 Merge pull request #346 from ThrowTheSwitch/reapply_329
HEAD is now at 9d09289 Merge pull request #346 from ThrowTheSwitch/reapply_329
=== updating unity (test/cmock/vendor/unity):
--- unity: initializing
Initialized empty Git repository in /Users/makmorit/opt/ncs_1.8.99/test/cmock/vendor/unity/.git/
--- unity: fetching, need revision 74cde089e65c3435ce9aa87d5c69f4f16b7f6ade
remote: Enumerating objects: 5906, done.
remote: Counting objects: 100% (129/129), done.
remote: Compressing objects: 100% (81/81), done.
remote: Total 5906 (delta 65), reused 96 (delta 48), pack-reused 5777
Receiving objects: 100% (5906/5906), 6.63 MiB | 3.54 MiB/s, done.
Resolving deltas: 100% (3649/3649), done.
From https://github.com/ThrowTheSwitch/unity
 * [new branch]      master     -> refs/west/master
 * [new tag]         v2.1.0     -> v2.1.0
 * [new tag]         v2.4.0     -> v2.4.0
 * [new tag]         v2.4.1     -> v2.4.1
 * [new tag]         v2.4.2     -> v2.4.2
 * [new tag]         v2.4.3     -> v2.4.3
 * [new tag]         v2.5.0     -> v2.5.0
 * [new tag]         v2.5.1     -> v2.5.1
 * [new tag]         v2.5.2     -> v2.5.2
HEAD is now at 74cde08 Merge pull request #540 from numaru/master
HEAD is now at 74cde08 Merge pull request #540 from numaru/master
=== updating Alexa-Gadgets-Embedded-Sample-Code (modules/alexa-embedded):
--- Alexa-Gadgets-Embedded-Sample-Code: initializing
Initialized empty Git repository in /Users/makmorit/opt/ncs_1.8.99/modules/alexa-embedded/.git/
--- Alexa-Gadgets-Embedded-Sample-Code: fetching, need revision face92d8c62184832793f518bb1f19379538c5c1
remote: Enumerating objects: 208, done.
remote: Total 208 (delta 0), reused 0 (delta 0), pack-reused 208
Receiving objects: 100% (208/208), 117.57 KiB | 1.07 MiB/s, done.
Resolving deltas: 100% (82/82), done.
From https://github.com/alexa/Alexa-Gadgets-Embedded-Sample-Code
 * [new branch]      master     -> refs/west/master
HEAD is now at face92d Update firmware.options signature_size from 48 to 65
HEAD is now at face92d Update firmware.options signature_size from 48 to 65
=== updating cddl-gen (modules/lib/cddl-gen):
--- cddl-gen: initializing
Initialized empty Git repository in /Users/makmorit/opt/ncs_1.8.99/modules/lib/cddl-gen/.git/
--- cddl-gen: fetching, need revision 1c2656daa87ebf4cd3c45ee8eafa336260d589bc
remote: Enumerating objects: 2198, done.
remote: Counting objects: 100% (1200/1200), done.
remote: Compressing objects: 100% (573/573), done.
remote: Total 2198 (delta 760), reused 821 (delta 524), pack-reused 998
Receiving objects: 100% (2198/2198), 624.78 KiB | 1.50 MiB/s, done.
Resolving deltas: 100% (1241/1241), done.
From https://github.com/NordicSemiconductor/cddl-gen
 * [new branch]      main              -> refs/west/main
 * [new tag]         0.1.0             -> 0.1.0
 * [new tag]         0.2.0             -> 0.2.0
 * [new tag]         0.3.0             -> 0.3.0
 * [new tag]         deprecated-master -> deprecated-master
 * [new tag]         inital-pr         -> inital-pr
 * [new tag]         old-structure     -> old-structure
HEAD is now at 1c2656d zephyr: module.yml: Change cmake-ext to True
HEAD is now at 1c2656d zephyr: module.yml: Change cmake-ext to True
=== updating memfault-firmware-sdk (modules/lib/memfault-firmware-sdk):
--- memfault-firmware-sdk: initializing
Initialized empty Git repository in /Users/makmorit/opt/ncs_1.8.99/modules/lib/memfault-firmware-sdk/.git/
--- memfault-firmware-sdk: fetching, need revision 0.28.2
remote: Enumerating objects: 4699, done.
remote: Counting objects: 100% (46/46), done.
remote: Compressing objects: 100% (30/30), done.
remote: Total 4699 (delta 8), reused 24 (delta 8), pack-reused 4653
Receiving objects: 100% (4699/4699), 1.74 MiB | 2.17 MiB/s, done.
Resolving deltas: 100% (2347/2347), done.
From https://github.com/memfault/memfault-firmware-sdk
 * tag               0.28.2     -> FETCH_HEAD
 * [new tag]         0.0.10     -> 0.0.10
 * [new tag]         0.0.11     -> 0.0.11
 * [new tag]         0.0.12     -> 0.0.12
 * [new tag]         0.0.13     -> 0.0.13
 * [new tag]         0.0.14     -> 0.0.14
 * [new tag]         0.0.15     -> 0.0.15
 * [new tag]         0.0.16     -> 0.0.16
 * [new tag]         0.0.17     -> 0.0.17
 * [new tag]         0.0.18     -> 0.0.18
 * [new tag]         0.0.2      -> 0.0.2
 * [new tag]         0.0.3      -> 0.0.3
 * [new tag]         0.0.4      -> 0.0.4
 * [new tag]         0.0.5      -> 0.0.5
 * [new tag]         0.0.6      -> 0.0.6
 * [new tag]         0.0.7      -> 0.0.7
 * [new tag]         0.0.8      -> 0.0.8
 * [new tag]         0.0.9      -> 0.0.9
 * [new tag]         0.1.0      -> 0.1.0
 * [new tag]         0.10.0     -> 0.10.0
 * [new tag]         0.10.1     -> 0.10.1
 * [new tag]         0.11.0     -> 0.11.0
 * [new tag]         0.11.1     -> 0.11.1
 * [new tag]         0.11.2     -> 0.11.2
 * [new tag]         0.11.3     -> 0.11.3
 * [new tag]         0.11.4     -> 0.11.4
 * [new tag]         0.12.0     -> 0.12.0
 * [new tag]         0.13.0     -> 0.13.0
 * [new tag]         0.13.1     -> 0.13.1
 * [new tag]         0.14.0     -> 0.14.0
 * [new tag]         0.15.0     -> 0.15.0
 * [new tag]         0.16.0     -> 0.16.0
 * [new tag]         0.16.1     -> 0.16.1
 * [new tag]         0.17.0     -> 0.17.0
 * [new tag]         0.17.1     -> 0.17.1
 * [new tag]         0.18.0     -> 0.18.0
 * [new tag]         0.19.0     -> 0.19.0
 * [new tag]         0.2.0      -> 0.2.0
 * [new tag]         0.2.1      -> 0.2.1
 * [new tag]         0.2.2      -> 0.2.2
 * [new tag]         0.2.3      -> 0.2.3
 * [new tag]         0.2.4      -> 0.2.4
 * [new tag]         0.2.5      -> 0.2.5
 * [new tag]         0.20.0     -> 0.20.0
 * [new tag]         0.20.1     -> 0.20.1
 * [new tag]         0.20.2     -> 0.20.2
 * [new tag]         0.21.0     -> 0.21.0
 * [new tag]         0.21.1     -> 0.21.1
 * [new tag]         0.22.0     -> 0.22.0
 * [new tag]         0.23.0     -> 0.23.0
 * [new tag]         0.24.0     -> 0.24.0
 * [new tag]         0.24.1     -> 0.24.1
 * [new tag]         0.24.2     -> 0.24.2
 * [new tag]         0.25.0     -> 0.25.0
 * [new tag]         0.26.0     -> 0.26.0
 * [new tag]         0.26.1     -> 0.26.1
 * [new tag]         0.27.0     -> 0.27.0
 * [new tag]         0.27.1     -> 0.27.1
 * [new tag]         0.27.2     -> 0.27.2
 * [new tag]         0.27.3     -> 0.27.3
 * [new tag]         0.28.0     -> 0.28.0
 * [new tag]         0.28.1     -> 0.28.1
 * [new tag]         0.28.2     -> 0.28.2
 * [new tag]         0.3.0      -> 0.3.0
 * [new tag]         0.3.1      -> 0.3.1
 * [new tag]         0.3.2      -> 0.3.2
 * [new tag]         0.3.3      -> 0.3.3
 * [new tag]         0.3.4      -> 0.3.4
 * [new tag]         0.4.0      -> 0.4.0
 * [new tag]         0.4.1      -> 0.4.1
 * [new tag]         0.4.2      -> 0.4.2
 * [new tag]         0.5.0      -> 0.5.0
 * [new tag]         0.5.1      -> 0.5.1
 * [new tag]         0.6.0      -> 0.6.0
 * [new tag]         0.6.1      -> 0.6.1
 * [new tag]         0.7.0      -> 0.7.0
 * [new tag]         0.7.1      -> 0.7.1
 * [new tag]         0.7.2      -> 0.7.2
 * [new tag]         0.7.3      -> 0.7.3
 * [new tag]         0.8.0      -> 0.8.0
 * [new tag]         0.8.1      -> 0.8.1
 * [new tag]         0.8.2      -> 0.8.2
 * [new tag]         0.9.0      -> 0.9.0
 * [new tag]         0.9.1      -> 0.9.1
 * [new tag]         0.9.2      -> 0.9.2
 * [new tag]         0.9.3      -> 0.9.3
HEAD is now at 2fe5ba1 Memfault Firmware SDK 0.28.2 (Build 384364)
HEAD is now at 2fe5ba1 Memfault Firmware SDK 0.28.2 (Build 384364)
=== updating openthread (modules/lib/openthread):
--- openthread: initializing
Initialized empty Git repository in /Users/makmorit/opt/ncs_1.8.99/modules/lib/openthread/.git/
--- openthread: fetching, need revision 316ee75ae63bf719411650f386b3c9646dc85ec9
remote: Enumerating objects: 87584, done.
remote: Counting objects: 100% (87584/87584), done.
remote: Compressing objects: 100% (17021/17021), done.
remote: Total 87584 (delta 70786), reused 86664 (delta 69874), pack-reused 0
Receiving objects: 100% (87584/87584), 75.57 MiB | 8.85 MiB/s, done.
Resolving deltas: 100% (70786/70786), done.
From https://github.com/nrfconnect/sdk-openthread
 * [new branch]      for-testing                        -> refs/west/for-testing
 * [new branch]      main                               -> refs/west/main
 * [new branch]      master                             -> refs/west/master
 * [new branch]      v1.7-branch                        -> refs/west/v1.7-branch
 * [new branch]      zephyr                             -> refs/west/zephyr
 * [new tag]         thread-reference-20200818-ncs1-rc1 -> thread-reference-20200818-ncs1-rc1
 * [new tag]         thread-reference-20200818-ncs1-rc3 -> thread-reference-20200818-ncs1-rc3
 * [new tag]         v1.7.0                             -> v1.7.0
 * [new tag]         v1.8.99-snapshot1                  -> v1.8.99-snapshot1
HEAD is now at 316ee75ae Merge pull request #10 from edmont/pr/upmerge-20220131
HEAD is now at 316ee75ae Merge pull request #10 from edmont/pr/upmerge-20220131
=== updating canopennode (modules/lib/canopennode):
--- canopennode: initializing
Initialized empty Git repository in /Users/makmorit/opt/ncs_1.8.99/modules/lib/canopennode/.git/
--- canopennode: fetching, need revision 1052dae561497bef901f931ef75e117c9224aecd
remote: Enumerating objects: 1893, done.
remote: Counting objects: 100% (1893/1893), done.
remote: Compressing objects: 100% (547/547), done.
remote: Total 1893 (delta 1369), reused 1863 (delta 1342), pack-reused 0
Receiving objects: 100% (1893/1893), 1.05 MiB | 1.34 MiB/s, done.
Resolving deltas: 100% (1369/1369), done.
From https://github.com/zephyrproject-rtos/canopennode
 * [new branch]      master            -> refs/west/master
 * [new branch]      zephyr            -> refs/west/zephyr
 * [new tag]         zephyr-snapshot-1 -> zephyr-snapshot-1
HEAD is now at 1052dae Merge pull request #4 from vestas-wind-systems/mergeup-2021-10-29
HEAD is now at 1052dae Merge pull request #4 from vestas-wind-systems/mergeup-2021-10-29
=== updating civetweb (modules/lib/civetweb):
--- civetweb: initializing
Initialized empty Git repository in /Users/makmorit/opt/ncs_1.8.99/modules/lib/civetweb/.git/
--- civetweb: fetching, need revision 094aeb41bb93e9199d24d665ee43e9e05d6d7b1c
remote: Enumerating objects: 23027, done.
remote: Total 23027 (delta 0), reused 0 (delta 0), pack-reused 23027
Receiving objects: 100% (23027/23027), 26.32 MiB | 5.12 MiB/s, done.
Resolving deltas: 100% (14907/14907), done.
From https://github.com/zephyrproject-rtos/civetweb
 * [new branch]      1.9                 -> refs/west/1.9
 * [new branch]      master              -> refs/west/master
 * [new branch]      wip-ssl-error-queue -> refs/west/wip-ssl-error-queue
 * [new branch]      zephyr              -> refs/west/zephyr
 * [new tag]         v1.1                -> v1.1
 * [new tag]         v1.10               -> v1.10
 * [new tag]         v1.11               -> v1.11
 * [new tag]         v1.2                -> v1.2
 * [new tag]         v1.3                -> v1.3
 * [new tag]         v1.4                -> v1.4
 * [new tag]         v1.5                -> v1.5
 * [new tag]         v1.6                -> v1.6
 * [new tag]         v1.7                -> v1.7
 * [new tag]         v1.8                -> v1.8
 * [new tag]         v1.9                -> v1.9
 * [new tag]         v1.9.1              -> v1.9.1
HEAD is now at 094aeb41 cmake: relax minimum version requirements
HEAD is now at 094aeb41 cmake: relax minimum version requirements
=== updating cmsis (modules/hal/cmsis):
--- cmsis: initializing
Initialized empty Git repository in /Users/makmorit/opt/ncs_1.8.99/modules/hal/cmsis/.git/
--- cmsis: fetching, need revision b0612c97c1401feeb4160add6462c3627fe90fc7
remote: Enumerating objects: 1287, done.
remote: Counting objects: 100% (1287/1287), done.
remote: Compressing objects: 100% (434/434), done.
remote: Total 1287 (delta 896), reused 1218 (delta 846), pack-reused 0
Receiving objects: 100% (1287/1287), 2.78 MiB | 2.00 MiB/s, done.
Resolving deltas: 100% (896/896), done.
From https://github.com/zephyrproject-rtos/cmsis
 * [new branch]      master     -> refs/west/master
HEAD is now at b0612c9 DSP: Integrate CMSIS-DSP 1.9.0 (CMSIS 5.8.0)
HEAD is now at b0612c9 DSP: Integrate CMSIS-DSP 1.9.0 (CMSIS 5.8.0)
=== updating edtt (tools/edtt):
--- edtt: initializing
Initialized empty Git repository in /Users/makmorit/opt/ncs_1.8.99/tools/edtt/.git/
--- edtt: fetching, need revision c94f63865a803b18a2ab9eca70d2a9ab881130f6
remote: Enumerating objects: 970, done.
remote: Counting objects: 100% (970/970), done.
remote: Compressing objects: 100% (390/390), done.
remote: Total 970 (delta 720), reused 826 (delta 576), pack-reused 0
Receiving objects: 100% (970/970), 447.00 KiB | 1.07 MiB/s, done.
Resolving deltas: 100% (720/720), done.
From https://github.com/zephyrproject-rtos/edtt
 * [new branch]      le-audio      -> refs/west/le-audio
 * [new branch]      public_master -> refs/west/public_master
HEAD is now at c94f638 Replaced 'white list' and variations thereof with 'filter accept list'
HEAD is now at c94f638 Replaced 'white list' and variations thereof with 'filter accept list'
=== updating fatfs (modules/fs/fatfs):
--- fatfs: initializing
Initialized empty Git repository in /Users/makmorit/opt/ncs_1.8.99/modules/fs/fatfs/.git/
--- fatfs: fetching, need revision 94fcd6bfb3801ac0a5e12ea2f52187e0a688b90e
remote: Enumerating objects: 151, done.
remote: Counting objects: 100% (42/42), done.
remote: Compressing objects: 100% (29/29), done.
remote: Total 151 (delta 16), reused 25 (delta 13), pack-reused 109
Receiving objects: 100% (151/151), 1.44 MiB | 1.68 MiB/s, done.
Resolving deltas: 100% (72/72), done.
From https://github.com/zephyrproject-rtos/fatfs
 * [new branch]      master       -> refs/west/master
 * [new branch]      v1.14-branch -> refs/west/v1.14-branch
HEAD is now at 94fcd6b fs: Update driver to version 0.14b
HEAD is now at 94fcd6b fs: Update driver to version 0.14b
=== updating hal_nordic (modules/hal/nordic):
--- hal_nordic: initializing
Initialized empty Git repository in /Users/makmorit/opt/ncs_1.8.99/modules/hal/nordic/.git/
--- hal_nordic: fetching, need revision b1db86f188c3c5864985e1bd18a849d53f1c0a2d
remote: Enumerating objects: 4537, done.
remote: Counting objects: 100% (1214/1214), done.
remote: Compressing objects: 100% (820/820), done.
remote: Total 4537 (delta 567), reused 843 (delta 366), pack-reused 3323
Receiving objects: 100% (4537/4537), 5.49 MiB | 2.37 MiB/s, done.
Resolving deltas: 100% (3088/3088), done.
From https://github.com/zephyrproject-rtos/hal_nordic
 * [new branch]      master           -> refs/west/master
 * [new branch]      topic-nrfx-2.0.0 -> refs/west/topic-nrfx-2.0.0
 * [new branch]      v1.14-branch     -> refs/west/v1.14-branch
HEAD is now at b1db86f drivers: nrf_802154: nrf_802154_irq_init negative `prio` ZLI
HEAD is now at b1db86f drivers: nrf_802154: nrf_802154_irq_init negative `prio` ZLI
=== updating hal_st (modules/hal/st):
--- hal_st: initializing
Initialized empty Git repository in /Users/makmorit/opt/ncs_1.8.99/modules/hal/st/.git/
--- hal_st: fetching, need revision 575de9d461aa6f430cf62c58a053675377e700f3
remote: Enumerating objects: 7828, done.
remote: Counting objects: 100% (479/479), done.
remote: Compressing objects: 100% (159/159), done.
remote: Total 7828 (delta 204), reused 475 (delta 204), pack-reused 7349
Receiving objects: 100% (7828/7828), 23.88 MiB | 5.50 MiB/s, done.
Resolving deltas: 100% (6263/6263), done.
From https://github.com/zephyrproject-rtos/hal_st
 * [new branch]      master       -> refs/west/master
 * [new branch]      v1.14-branch -> refs/west/v1.14-branch
HEAD is now at 575de9d sensor/stmemsc: Align stmemsc i/f to v2.00
HEAD is now at 575de9d sensor/stmemsc: Align stmemsc i/f to v2.00
=== updating libmetal (modules/hal/libmetal):
--- libmetal: initializing
Initialized empty Git repository in /Users/makmorit/opt/ncs_1.8.99/modules/hal/libmetal/.git/
--- libmetal: fetching, need revision f237c9d420a51cc43bc37d744e41191ad613f348
remote: Enumerating objects: 683, done.
remote: Counting objects: 100% (246/246), done.
remote: Compressing objects: 100% (174/174), done.
remote: Total 683 (delta 115), reused 128 (delta 72), pack-reused 437
Receiving objects: 100% (683/683), 226.67 KiB | 1.05 MiB/s, done.
Resolving deltas: 100% (337/337), done.
From https://github.com/zephyrproject-rtos/libmetal
 * [new branch]      master       -> refs/west/master
 * [new branch]      v1.14-branch -> refs/west/v1.14-branch
HEAD is now at f237c9d lib: update libmetal to release v2021.10.0
HEAD is now at f237c9d lib: update libmetal to release v2021.10.0
=== updating littlefs (modules/fs/littlefs):
--- littlefs: initializing
Initialized empty Git repository in /Users/makmorit/opt/ncs_1.8.99/modules/fs/littlefs/.git/
--- littlefs: fetching, need revision 33509ed9c3d369cdb9d909cd40c5eea8f64a902c
remote: Enumerating objects: 2492, done.
remote: Counting objects: 100% (288/288), done.
remote: Compressing objects: 100% (126/126), done.
remote: Total 2492 (delta 175), reused 254 (delta 154), pack-reused 2204
Receiving objects: 100% (2492/2492), 1.26 MiB | 1.57 MiB/s, done.
Resolving deltas: 100% (1734/1734), done.
From https://github.com/zephyrproject-rtos/littlefs
 * [new branch]      zephyr          -> refs/west/zephyr
 * [new tag]         littlefs-v2.1.0 -> littlefs-v2.1.0
 * [new tag]         littlefs-v2.1.1 -> littlefs-v2.1.1
 * [new tag]         littlefs-v2.1.2 -> littlefs-v2.1.2
 * [new tag]         littlefs-v2.1.3 -> littlefs-v2.1.3
 * [new tag]         littlefs-v2.1.4 -> littlefs-v2.1.4
 * [new tag]         littlefs-v2.2.0 -> littlefs-v2.2.0
HEAD is now at 33509ed Merge pull request #7 from poojamg/littlefs_rev2.4.1
HEAD is now at 33509ed Merge pull request #7 from poojamg/littlefs_rev2.4.1
=== updating loramac-node (modules/lib/loramac-node):
--- loramac-node: initializing
Initialized empty Git repository in /Users/makmorit/opt/ncs_1.8.99/modules/lib/loramac-node/.git/
--- loramac-node: fetching, need revision 12019623bbad9eb54fe51066847a7cbd4b4eac57
remote: Enumerating objects: 24077, done.
remote: Counting objects: 100% (5184/5184), done.
remote: Compressing objects: 100% (1312/1312), done.
remote: Total 24077 (delta 3393), reused 4847 (delta 3189), pack-reused 18893
Receiving objects: 100% (24077/24077), 23.06 MiB | 4.97 MiB/s, done.
Resolving deltas: 100% (15930/15930), done.
From https://github.com/zephyrproject-rtos/loramac-node
 * [new branch]      zephyr        -> refs/west/zephyr
 * [new branch]      zephyr-v2.6   -> refs/west/zephyr-v2.6
 * [new tag]         4.4.2-rc.4    -> 4.4.2-rc.4
 * [new tag]         V3.4          -> V3.4
 * [new tag]         v2.0          -> v2.0
 * [new tag]         v2.1          -> v2.1
 * [new tag]         v2.2          -> v2.2
 * [new tag]         v2.3.RC1      -> v2.3.RC1
 * [new tag]         v2.3.RC2      -> v2.3.RC2
 * [new tag]         v3.0          -> v3.0
 * [new tag]         v3.1          -> v3.1
 * [new tag]         v3.2          -> v3.2
 * [new tag]         v3.3          -> v3.3
 * [new tag]         v3.4.1        -> v3.4.1
 * [new tag]         v4.0.0        -> v4.0.0
 * [new tag]         v4.1.0        -> v4.1.0
 * [new tag]         v4.2.0        -> v4.2.0
 * [new tag]         v4.3.0        -> v4.3.0
 * [new tag]         v4.3.1        -> v4.3.1
 * [new tag]         v4.3.2        -> v4.3.2
 * [new tag]         v4.4.0        -> v4.4.0
 * [new tag]         v4.4.1        -> v4.4.1
 * [new tag]         v4.4.2        -> v4.4.2
 * [new tag]         v4.4.2-rc.1   -> v4.4.2-rc.1
 * [new tag]         v4.4.2-rc.2   -> v4.4.2-rc.2
 * [new tag]         v4.4.2-rc.3   -> v4.4.2-rc.3
 * [new tag]         v4.4.2-rc.5   -> v4.4.2-rc.5
 * [new tag]         v4.4.2-rc.6   -> v4.4.2-rc.6
 * [new tag]         v4.4.2-rc.7   -> v4.4.2-rc.7
 * [new tag]         v4.4.3        -> v4.4.3
 * [new tag]         v4.4.3_zephyr -> v4.4.3_zephyr
HEAD is now at 12019623 zephyr: radio: sx127x: override buffer read/write functions
HEAD is now at 12019623 zephyr: radio: sx127x: override buffer read/write functions
=== updating lvgl (modules/lib/gui/lvgl):
--- lvgl: initializing
Initialized empty Git repository in /Users/makmorit/opt/ncs_1.8.99/modules/lib/gui/lvgl/.git/
--- lvgl: fetching, need revision 783c1f78c8e39751fe89d0883c8bce7336f55e94
remote: Enumerating objects: 36573, done.
remote: Counting objects: 100% (2645/2645), done.
remote: Compressing objects: 100% (132/132), done.
remote: Total 36573 (delta 2549), reused 2513 (delta 2513), pack-reused 33928
Receiving objects: 100% (36573/36573), 31.14 MiB | 5.97 MiB/s, done.
Resolving deltas: 100% (29555/29555), done.
From https://github.com/zephyrproject-rtos/lvgl
 * [new branch]      master     -> refs/west/master
 * [new branch]      zephyr     -> refs/west/zephyr
HEAD is now at 783c1f78 cmake: added missing file ext to lv_font_dejavu_16_persian_hebrew.c
HEAD is now at 783c1f78 cmake: added missing file ext to lv_font_dejavu_16_persian_hebrew.c
=== updating lz4 (modules/lib/lz4):
--- lz4: initializing
Initialized empty Git repository in /Users/makmorit/opt/ncs_1.8.99/modules/lib/lz4/.git/
--- lz4: fetching, need revision 8e303c264fc21c2116dc612658003a22e933124d
remote: Enumerating objects: 12359, done.
remote: Counting objects: 100% (8/8), done.
remote: Compressing objects: 100% (6/6), done.
remote: Total 12359 (delta 1), reused 3 (delta 1), pack-reused 12351
Receiving objects: 100% (12359/12359), 5.51 MiB | 2.97 MiB/s, done.
Resolving deltas: 100% (8655/8655), done.
From https://github.com/zephyrproject-rtos/lz4
 * [new branch]      Makefile        -> refs/west/Makefile
 * [new branch]      Makefile_export -> refs/west/Makefile_export
 * [new branch]      coverity_scan   -> refs/west/coverity_scan
 * [new branch]      dev             -> refs/west/dev
 * [new branch]      gh-pages        -> refs/west/gh-pages
 * [new branch]      install_ln      -> refs/west/install_ln
 * [new branch]      lz4io           -> refs/west/lz4io
 * [new branch]      release         -> refs/west/release
 * [new branch]      vs2005          -> refs/west/vs2005
 * [new branch]      zephyr          -> refs/west/zephyr
 * [new tag]         lz4-r130        -> lz4-r130
 * [new tag]         r116            -> r116
 * [new tag]         r117            -> r117
 * [new tag]         r118            -> r118
 * [new tag]         r119            -> r119
 * [new tag]         r120            -> r120
 * [new tag]         r121            -> r121
 * [new tag]         r122            -> r122
 * [new tag]         r123            -> r123
 * [new tag]         r124            -> r124
 * [new tag]         r125            -> r125
 * [new tag]         r126            -> r126
 * [new tag]         r127            -> r127
 * [new tag]         r128            -> r128
 * [new tag]         r129            -> r129
 * [new tag]         r130            -> r130
 * [new tag]         r131            -> r131
 * [new tag]         rc129v0         -> rc129v0
 * [new tag]         v1.7.3          -> v1.7.3
 * [new tag]         v1.7.4          -> v1.7.4
 * [new tag]         v1.7.4.2        -> v1.7.4.2
 * [new tag]         v1.7.5          -> v1.7.5
 * [new tag]         v1.8.0          -> v1.8.0
 * [new tag]         v1.8.1          -> v1.8.1
 * [new tag]         v1.8.1.2        -> v1.8.1.2
 * [new tag]         v1.8.2          -> v1.8.2
 * [new tag]         v1.8.3          -> v1.8.3
 * [new tag]         v1.9.0          -> v1.9.0
 * [new tag]         v1.9.1          -> v1.9.1
 * [new tag]         v1.9.2          -> v1.9.2
 * [new tag]         v1.9.3          -> v1.9.3
HEAD is now at 8e303c2 zephyr: make this repo a zephyr module
HEAD is now at 8e303c2 zephyr: make this repo a zephyr module
=== updating mbedtls (modules/crypto/mbedtls):
--- mbedtls: initializing
Initialized empty Git repository in /Users/makmorit/opt/ncs_1.8.99/modules/crypto/mbedtls/.git/
--- mbedtls: fetching, need revision 3e3e58a92de76069730c63e0d524f40fea948a61
remote: Enumerating objects: 108619, done.
remote: Counting objects: 100% (749/749), done.
remote: Compressing objects: 100% (302/302), done.
remote: Total 108619 (delta 429), reused 651 (delta 421), pack-reused 107870
Receiving objects: 100% (108619/108619), 50.85 MiB | 5.87 MiB/s, done.
Resolving deltas: 100% (84053/84053), done.
From https://github.com/zephyrproject-rtos/mbedtls
 * [new branch]      master                    -> refs/west/master
 * [new branch]      mbedtls_move_zephyr_files -> refs/west/mbedtls_move_zephyr_files
 * [new branch]      tls-2.26-branch           -> refs/west/tls-2.26-branch
 * [new branch]      v1.14-branch              -> refs/west/v1.14-branch
 * [new branch]      zephyr                    -> refs/west/zephyr
 * [new tag]         v3.0.0                    -> v3.0.0
HEAD is now at 3e3e58a92 mbedtls: remove static keyword from certain function pointers
HEAD is now at 3e3e58a92 mbedtls: remove static keyword from certain function pointers
=== updating mipi-sys-t (modules/debug/mipi-sys-t):
--- mipi-sys-t: initializing
Initialized empty Git repository in /Users/makmorit/opt/ncs_1.8.99/modules/debug/mipi-sys-t/.git/
--- mipi-sys-t: fetching, need revision 75e671550ac1acb502f315fe4952514dc73f7bfb
remote: Enumerating objects: 178, done.
remote: Counting objects: 100% (178/178), done.
remote: Compressing objects: 100% (129/129), done.
remote: Total 178 (delta 47), reused 158 (delta 30), pack-reused 0
Receiving objects: 100% (178/178), 413.59 KiB | 1.33 MiB/s, done.
Resolving deltas: 100% (47/47), done.
From https://github.com/zephyrproject-rtos/mipi-sys-t
 * [new branch]      zephyr     -> refs/west/zephyr
HEAD is now at 75e6715 zephyr: move platform.h to zephyr tree
HEAD is now at 75e6715 zephyr: move platform.h to zephyr tree
=== updating nanopb (modules/lib/nanopb):
--- nanopb: initializing
Initialized empty Git repository in /Users/makmorit/opt/ncs_1.8.99/modules/lib/nanopb/.git/
--- nanopb: fetching, need revision d148bd26718e4c10414f07a7eb1bd24c62e56c5d
remote: Enumerating objects: 7786, done.
remote: Counting objects: 100% (202/202), done.
remote: Compressing objects: 100% (110/110), done.
remote: Total 7786 (delta 100), reused 184 (delta 88), pack-reused 7584
Receiving objects: 100% (7786/7786), 3.92 MiB | 2.29 MiB/s, done.
Resolving deltas: 100% (5033/5033), done.
From https://github.com/zephyrproject-rtos/nanopb
 * [new branch]      cifuzz_test4           -> refs/west/cifuzz_test4
 * [new branch]      dev_dynamic_nanopb_pb2 -> refs/west/dev_dynamic_nanopb_pb2
 * [new branch]      dev_markdown_docs      -> refs/west/dev_markdown_docs
 * [new branch]      maintenance_0.1        -> refs/west/maintenance_0.1
 * [new branch]      maintenance_0.2        -> refs/west/maintenance_0.2
 * [new branch]      maintenance_0.3        -> refs/west/maintenance_0.3
 * [new branch]      master                 -> refs/west/master
 * [new branch]      zephyr                 -> refs/west/zephyr
 * [new tag]         0.2.9.5                -> 0.2.9.5
 * [new tag]         0.3.6                  -> 0.3.6
 * [new tag]         0.3.7                  -> 0.3.7
 * [new tag]         0.3.8                  -> 0.3.8
 * [new tag]         0.3.9                  -> 0.3.9
 * [new tag]         0.3.9.1                -> 0.3.9.1
 * [new tag]         0.3.9.2                -> 0.3.9.2
 * [new tag]         0.3.9.3                -> 0.3.9.3
 * [new tag]         0.3.9.4                -> 0.3.9.4
 * [new tag]         0.3.9.5                -> 0.3.9.5
 * [new tag]         0.3.9.6                -> 0.3.9.6
 * [new tag]         0.3.9.7                -> 0.3.9.7
 * [new tag]         0.3.9.8                -> 0.3.9.8
 * [new tag]         0.4.0                  -> 0.4.0
 * [new tag]         0.4.1                  -> 0.4.1
 * [new tag]         0.4.2                  -> 0.4.2
 * [new tag]         0.4.3                  -> 0.4.3
 * [new tag]         0.4.4                  -> 0.4.4
 * [new tag]         0.4.5                  -> 0.4.5
 * [new tag]         nanopb-0.1.0           -> nanopb-0.1.0
 * [new tag]         nanopb-0.1.1           -> nanopb-0.1.1
 * [new tag]         nanopb-0.1.2           -> nanopb-0.1.2
 * [new tag]         nanopb-0.1.3           -> nanopb-0.1.3
 * [new tag]         nanopb-0.1.4           -> nanopb-0.1.4
 * [new tag]         nanopb-0.1.5           -> nanopb-0.1.5
 * [new tag]         nanopb-0.1.6           -> nanopb-0.1.6
 * [new tag]         nanopb-0.1.7           -> nanopb-0.1.7
 * [new tag]         nanopb-0.1.8           -> nanopb-0.1.8
 * [new tag]         nanopb-0.1.9           -> nanopb-0.1.9
 * [new tag]         nanopb-0.1.9.1         -> nanopb-0.1.9.1
 * [new tag]         nanopb-0.2.0           -> nanopb-0.2.0
 * [new tag]         nanopb-0.2.1           -> nanopb-0.2.1
 * [new tag]         nanopb-0.2.2           -> nanopb-0.2.2
 * [new tag]         nanopb-0.2.3           -> nanopb-0.2.3
 * [new tag]         nanopb-0.2.4           -> nanopb-0.2.4
 * [new tag]         nanopb-0.2.5           -> nanopb-0.2.5
 * [new tag]         nanopb-0.2.6           -> nanopb-0.2.6
 * [new tag]         nanopb-0.2.7           -> nanopb-0.2.7
 * [new tag]         nanopb-0.2.8           -> nanopb-0.2.8
 * [new tag]         nanopb-0.2.9           -> nanopb-0.2.9
 * [new tag]         nanopb-0.2.9.1         -> nanopb-0.2.9.1
 * [new tag]         nanopb-0.2.9.2         -> nanopb-0.2.9.2
 * [new tag]         nanopb-0.2.9.3         -> nanopb-0.2.9.3
 * [new tag]         nanopb-0.2.9.4         -> nanopb-0.2.9.4
 * [new tag]         nanopb-0.2.9.5         -> nanopb-0.2.9.5
 * [new tag]         nanopb-0.3.0           -> nanopb-0.3.0
 * [new tag]         nanopb-0.3.1           -> nanopb-0.3.1
 * [new tag]         nanopb-0.3.2           -> nanopb-0.3.2
 * [new tag]         nanopb-0.3.3           -> nanopb-0.3.3
 * [new tag]         nanopb-0.3.4           -> nanopb-0.3.4
 * [new tag]         nanopb-0.3.5           -> nanopb-0.3.5
 * [new tag]         nanopb-0.3.6           -> nanopb-0.3.6
 * [new tag]         nanopb-0.3.7           -> nanopb-0.3.7
 * [new tag]         nanopb-0.3.8           -> nanopb-0.3.8
 * [new tag]         nanopb-0.3.9           -> nanopb-0.3.9
 * [new tag]         nanopb-0.3.9.1         -> nanopb-0.3.9.1
 * [new tag]         nanopb-0.3.9.2         -> nanopb-0.3.9.2
 * [new tag]         nanopb-0.3.9.3         -> nanopb-0.3.9.3
 * [new tag]         nanopb-0.3.9.4         -> nanopb-0.3.9.4
 * [new tag]         nanopb-0.3.9.5         -> nanopb-0.3.9.5
 * [new tag]         nanopb-0.3.9.6         -> nanopb-0.3.9.6
 * [new tag]         nanopb-0.3.9.7         -> nanopb-0.3.9.7
 * [new tag]         nanopb-0.3.9.8         -> nanopb-0.3.9.8
 * [new tag]         nanopb-0.4.0           -> nanopb-0.4.0
 * [new tag]         nanopb-0.4.0-dev       -> nanopb-0.4.0-dev
 * [new tag]         nanopb-0.4.1           -> nanopb-0.4.1
 * [new tag]         nanopb-0.4.2           -> nanopb-0.4.2
 * [new tag]         nanopb-0.4.3           -> nanopb-0.4.3
 * [new tag]         nanopb-0.4.4           -> nanopb-0.4.4
 * [new tag]         nanopb-0.4.5           -> nanopb-0.4.5
HEAD is now at d148bd2 Add zephyr module support
HEAD is now at d148bd2 Add zephyr module support
=== updating net-tools (tools/net-tools):
--- net-tools: initializing
Initialized empty Git repository in /Users/makmorit/opt/ncs_1.8.99/tools/net-tools/.git/
--- net-tools: fetching, need revision f49bd1354616fae4093bf36e5eaee43c51a55127
remote: Enumerating objects: 1492, done.
remote: Counting objects: 100% (44/44), done.
remote: Compressing objects: 100% (32/32), done.
remote: Total 1492 (delta 21), reused 21 (delta 12), pack-reused 1448
Receiving objects: 100% (1492/1492), 2.60 MiB | 1.67 MiB/s, done.
Resolving deltas: 100% (519/519), done.
From https://github.com/zephyrproject-rtos/net-tools
 * [new branch]      master     -> refs/west/master
HEAD is now at f49bd13 net-capture: Listen captured traffic and save to pcap file
HEAD is now at f49bd13 net-capture: Listen captured traffic and save to pcap file
=== updating nrf_hw_models (modules/bsim_hw_models/nrf_hw_models):
--- nrf_hw_models: initializing
Initialized empty Git repository in /Users/makmorit/opt/ncs_1.8.99/modules/bsim_hw_models/nrf_hw_models/.git/
--- nrf_hw_models: fetching, need revision b8cea37dbdc8fc58cc14b4e19fa850877a9da520
remote: Enumerating objects: 544, done.
remote: Counting objects: 100% (544/544), done.
remote: Compressing objects: 100% (300/300), done.
remote: Total 544 (delta 287), reused 484 (delta 230), pack-reused 0
Receiving objects: 100% (544/544), 271.04 KiB | 1.05 MiB/s, done.
Resolving deltas: 100% (287/287), done.
From https://github.com/zephyrproject-rtos/nrf_hw_models
 * [new branch]      master     -> refs/west/master
HEAD is now at b8cea37 Added overflow event handling and trigger overflow task
HEAD is now at b8cea37 Added overflow event handling and trigger overflow task
=== updating open-amp (modules/lib/open-amp):
--- open-amp: initializing
Initialized empty Git repository in /Users/makmorit/opt/ncs_1.8.99/modules/lib/open-amp/.git/
--- open-amp: fetching, need revision cfd050ff38a9d028dc211690b2ec35971128e45e
remote: Enumerating objects: 356, done.
remote: Counting objects: 100% (99/99), done.
remote: Compressing objects: 100% (60/60), done.
remote: Total 356 (delta 38), reused 70 (delta 32), pack-reused 257
Receiving objects: 100% (356/356), 1.52 MiB | 1.52 MiB/s, done.
Resolving deltas: 100% (135/135), done.
From https://github.com/zephyrproject-rtos/open-amp
 * [new branch]      master       -> refs/west/master
 * [new branch]      v1.14-branch -> refs/west/v1.14-branch
HEAD is now at cfd050f lib: update open-amp lib to release v2021.10.0
HEAD is now at cfd050f lib: update open-amp lib to release v2021.10.0
=== updating segger (modules/debug/segger):
--- segger: initializing
Initialized empty Git repository in /Users/makmorit/opt/ncs_1.8.99/modules/debug/segger/.git/
--- segger: fetching, need revision 3a52ab222133193802d3c3b4d21730b9b1f1d2f6
remote: Enumerating objects: 192, done.
remote: Counting objects: 100% (50/50), done.
remote: Compressing objects: 100% (35/35), done.
remote: Total 192 (delta 14), reused 40 (delta 13), pack-reused 142
Receiving objects: 100% (192/192), 143.52 KiB | 1.02 MiB/s, done.
Resolving deltas: 100% (85/85), done.
From https://github.com/zephyrproject-rtos/segger
 * [new branch]      master       -> refs/west/master
 * [new branch]      v1.14-branch -> refs/west/v1.14-branch
HEAD is now at 3a52ab2 config: Use zephyr provided options
HEAD is now at 3a52ab2 config: Use zephyr provided options
=== updating tinycbor (modules/lib/tinycbor):
--- tinycbor: initializing
Initialized empty Git repository in /Users/makmorit/opt/ncs_1.8.99/modules/lib/tinycbor/.git/
--- tinycbor: fetching, need revision 40daca97b478989884bffb5226e9ab73ca54b8c4
remote: Enumerating objects: 1807, done.
remote: Total 1807 (delta 0), reused 0 (delta 0), pack-reused 1807
Receiving objects: 100% (1807/1807), 1.15 MiB | 1.38 MiB/s, done.
Resolving deltas: 100% (1143/1143), done.
From https://github.com/zephyrproject-rtos/tinycbor
 * [new branch]      dev          -> refs/west/dev
 * [new branch]      gh-pages     -> refs/west/gh-pages
 * [new branch]      master       -> refs/west/master
 * [new branch]      v1.14-branch -> refs/west/v1.14-branch
 * [new branch]      zephyr       -> refs/west/zephyr
 * [new tag]         v0.1         -> v0.1
 * [new tag]         v0.2         -> v0.2
 * [new tag]         v0.2.1       -> v0.2.1
 * [new tag]         v0.3         -> v0.3
 * [new tag]         v0.3.1       -> v0.3.1
 * [new tag]         v0.3.2       -> v0.3.2
 * [new tag]         v0.4         -> v0.4
 * [new tag]         v0.4.1       -> v0.4.1
 * [new tag]         v0.4.2       -> v0.4.2
 * [new tag]         v0.5-beta1   -> v0.5-beta1
 * [new tag]         v0.5.0       -> v0.5.0
HEAD is now at 40daca9 zephyr: Remove TINYCBOR from interface libraries
HEAD is now at 40daca9 zephyr: Remove TINYCBOR from interface libraries
=== updating tinycrypt (modules/crypto/tinycrypt):
--- tinycrypt: initializing
Initialized empty Git repository in /Users/makmorit/opt/ncs_1.8.99/modules/crypto/tinycrypt/.git/
--- tinycrypt: fetching, need revision 3e9a49d2672ec01435ffbf0d788db6d95ef28de0
remote: Enumerating objects: 46, done.
remote: Counting objects: 100% (46/46), done.
remote: Compressing objects: 100% (30/30), done.
remote: Total 46 (delta 11), reused 46 (delta 11), pack-reused 0
Unpacking objects: 100% (46/46), done.
From https://github.com/zephyrproject-rtos/tinycrypt
 * [new branch]      master     -> refs/west/master
HEAD is now at 3e9a49d cmake: Fix conditional in root CMakeLists.txt
HEAD is now at 3e9a49d cmake: Fix conditional in root CMakeLists.txt
=== updating TraceRecorderSource (modules/debug/TraceRecorder):
--- TraceRecorderSource: initializing
Initialized empty Git repository in /Users/makmorit/opt/ncs_1.8.99/modules/debug/TraceRecorder/.git/
--- TraceRecorderSource: fetching, need revision 36c577727642457b0db7274298a4b96558374832
remote: Enumerating objects: 1301, done.
remote: Counting objects: 100% (1301/1301), done.
remote: Compressing objects: 100% (551/551), done.
remote: Total 1301 (delta 730), reused 1157 (delta 598), pack-reused 0
Receiving objects: 100% (1301/1301), 712.28 KiB | 1.41 MiB/s, done.
Resolving deltas: 100% (730/730), done.
From https://github.com/zephyrproject-rtos/TraceRecorderSource
 * [new branch]      main       -> refs/west/main
 * [new branch]      up2        -> refs/west/up2
 * [new branch]      zephyr     -> refs/west/zephyr
HEAD is now at 36c5777 Merge remote-tracking branch 'upstream/main' into zephyr
HEAD is now at 36c5777 Merge remote-tracking branch 'upstream/main' into zephyr
=== updating tf-m-tests (modules/tee/tf-m/tf-m-tests):
--- tf-m-tests: initializing
Initialized empty Git repository in /Users/makmorit/opt/ncs_1.8.99/modules/tee/tf-m/tf-m-tests/.git/
--- tf-m-tests: fetching, need revision 52814181f0fde6d1422fac204d42cde30c62e40e
remote: Enumerating objects: 2016, done.
remote: Counting objects: 100% (2016/2016), done.
remote: Compressing objects: 100% (670/670), done.
remote: Total 2016 (delta 1368), reused 1980 (delta 1333), pack-reused 0
Receiving objects: 100% (2016/2016), 2.05 MiB | 2.78 MiB/s, done.
Resolving deltas: 100% (1368/1368), done.
From https://github.com/zephyrproject-rtos/tf-m-tests
 * [new branch]      master     -> refs/west/master
HEAD is now at 5281418 Merge pull request #1 from SebastianBoe/merge_tfm-1.5
HEAD is now at 5281418 Merge pull request #1 from SebastianBoe/merge_tfm-1.5
=== updating psa-arch-tests (modules/tee/tf-m/psa-arch-tests):
--- psa-arch-tests: initializing
Initialized empty Git repository in /Users/makmorit/opt/ncs_1.8.99/modules/tee/tf-m/psa-arch-tests/.git/
--- psa-arch-tests: fetching, need revision 0aab24602cbef30f6422e7ef1066a8473073e586
remote: Enumerating objects: 11493, done.
remote: Counting objects: 100% (1400/1400), done.
remote: Compressing objects: 100% (865/865), done.
remote: Total 11493 (delta 847), reused 883 (delta 508), pack-reused 10093
Receiving objects: 100% (11493/11493), 16.37 MiB | 5.38 MiB/s, done.
Resolving deltas: 100% (8396/8396), done.
From https://github.com/zephyrproject-rtos/psa-arch-tests
 * [new branch]      ew_beta0                        -> refs/west/ew_beta0
 * [new branch]      key_derivation                  -> refs/west/key_derivation
 * [new branch]      master                          -> refs/west/master
 * [new branch]      release                         -> refs/west/release
 * [new branch]      release-attestation-1.0-beta0   -> refs/west/release-attestation-1.0-beta0
 * [new branch]      release-crypto-mbedcrypto-1.0.0 -> refs/west/release-crypto-mbedcrypto-1.0.0
 * [new branch]      v0.9_staging                    -> refs/west/v0.9_staging
 * [new tag]         Before_Crypto_1.0               -> Before_Crypto_1.0
 * [new tag]         v18.07_0.6                      -> v18.07_0.6
 * [new tag]         v18.07_TBSA0.6                  -> v18.07_TBSA0.6
 * [new tag]         v18.10_FF0.5                    -> v18.10_FF0.5
 * [new tag]         v19.01_API0.7                   -> v19.01_API0.7
 * [new tag]         v19.02_API0.8                   -> v19.02_API0.8
 * [new tag]         v19.02_EW0_0.8                  -> v19.02_EW0_0.8
 * [new tag]         v19.06_API0.9                   -> v19.06_API0.9
 * [new tag]         v19.08_TBSA0.9                  -> v19.08_TBSA0.9
 * [new tag]         v20.03_API1.0                   -> v20.03_API1.0
 * [new tag]         v20.11_API1.1                   -> v20.11_API1.1
 * [new tag]         v21.07_API1.2_ADAC_ALPHA        -> v21.07_API1.2_ADAC_ALPHA
HEAD is now at 0aab246 Merge pull request #2 from joerchan/fix-wdt-build-issues
HEAD is now at 0aab246 Merge pull request #2 from joerchan/fix-wdt-build-issues
=== updating zscilib (modules/lib/zscilib):
--- zscilib: initializing
Initialized empty Git repository in /Users/makmorit/opt/ncs_1.8.99/modules/lib/zscilib/.git/
--- zscilib: fetching, need revision 12bfe3f0a9fcbfe3edab7eabc9678b6c62875d34
remote: Enumerating objects: 4373, done.
remote: Counting objects: 100% (892/892), done.
remote: Compressing objects: 100% (484/484), done.
remote: Total 4373 (delta 545), reused 583 (delta 374), pack-reused 3481
Receiving objects: 100% (4373/4373), 2.91 MiB | 2.17 MiB/s, done.
Resolving deltas: 100% (3134/3134), done.
From https://github.com/zephyrproject-rtos/zscilib
 * [new branch]      gh-pages   -> refs/west/gh-pages
 * [new branch]      master     -> refs/west/master
 * [new tag]         v0.2.0-rc1 -> v0.2.0-rc1
HEAD is now at 12bfe3f Merge pull request #28 from microbuilder/doccleanup
HEAD is now at 12bfe3f Merge pull request #28 from microbuilder/doccleanup
(ncs_1.8.99) bash-3.2$ PATH=${PATH}:/Applications/CMake.app/Contents/bin
(ncs_1.8.99) bash-3.2$ west zephyr-export
Zephyr (/Users/makmorit/opt/ncs_1.8.99/zephyr/share/zephyr-package/cmake)
has been added to the user package registry in:
~/.cmake/packages/Zephyr

ZephyrUnittest (/Users/makmorit/opt/ncs_1.8.99/zephyr/share/zephyrunittest-package/cmake)
has been added to the user package registry in:
~/.cmake/packages/ZephyrUnittest

(ncs_1.8.99) bash-3.2$
