bash-3.2$ cd ${HOME}/GitHub/connectedhomeip
bash-3.2$ 
bash-3.2$ export PKG_CONFIG_PATH=${PKG_CONFIG_PATH}:/usr/local/Cellar/openssl@1.1/1.1.1k/lib/pkgconfig/
bash-3.2$ source scripts/bootstrap.sh
Submodule 'third_party/p6/p6_sdk/libs/anycloud-ota' (https://github.com/Infineon/anycloud-ota) registered for path 'third_party/p6/p6_sdk/libs/anycloud-ota'
Submodule 'p6/serial-flash' (https://github.com/Infineon/serial-flash) registered for path 'third_party/p6/p6_sdk/libs/serial-flash'
Submodule 'perfetto' (https://github.com/google/perfetto) registered for path 'third_party/perfetto/repo'
Cloning into '/Users/makmorit/GitHub/connectedhomeip/third_party/p6/p6_sdk/libs/anycloud-ota'...
Cloning into '/Users/makmorit/GitHub/connectedhomeip/third_party/p6/p6_sdk/libs/serial-flash'...
Cloning into '/Users/makmorit/GitHub/connectedhomeip/third_party/perfetto/repo'...
Submodule path 'third_party/efr32_sdk/repo': checked out '1f6ff3d05c94003899f3599b2e3ca524c5aa5495'
Submodule path 'third_party/p6/p6_sdk/libs/anycloud-ota': checked out '040f563c5fa34bf64a4ab487b7af35c6e6e9d7c5'
Submodule path 'third_party/p6/p6_sdk/libs/serial-flash': checked out 'db4a5dd646629ac31d669b4ed943d8ab1fa4a9d7'
Submodule path 'third_party/perfetto/repo': checked out '57b59d6e2effdc5d3b9dc8da68fa519d9d37f2e0'
Submodule path 'third_party/pigweed/repo': checked out '79525f59ff502d80346c9cc8e70570786c5fc903'
Submodule path 'third_party/qpg_sdk/repo': checked out '92655e99e9f98bc3ec9188e8951ef614dc3e5691'
Submodule path 'third_party/zap/repo': checked out 'a1ddd5d56c4bd9b7ba52c63f13665d96a11134ce'

  WELCOME TO...

           ░▓░
           ▓█▓
           ▓█▓                                                     ▒█     ▒█
      ▒██▒▒▓██▒███▒                ░▒▓▒░  ░▒▓▒░       ░░▓█▒░ ░█  █████████████░    ░▒█▒░       ░░▒░
       ░▓█████▓██░               ▒█▒░░▒▓██▓▒░░▒█▒   ░█▓▒░░▒████    █▓░    █▓░    ▒█▒░░░▒█▓░   ██▒░░
    ▒█▒░         ░██▒           ░█░     █▓     ░█░ ░▓▒      ░▓█    █▓     █▓    ▒█░░    ░██  ▒▓
    ░▓██▓░     ░██▓█░           ░█      ▓█      █░ ░█░       ██    █▓     █▓    ▓██████████  ▒█
     ░▓███▒   ▒███▒░            ░█      ▓█      █░  ██░    ░███    █▓     █▓    ░█▒░         ▒█
 ░▒████████░ ░███▓▓█▓▓▒         ░█      ▒▒      █░   ░█▓██▓█░▒█    ░▓▓█░  ░▓▓█░   ▒▓▓██▓█░   ▒▓
 ░██▒░  ▒██▒ ▒██░  ░▒█▓
         ░▓░ ░▓░

  BOOTSTRAP! Bootstrap may take a few minutes; please be patient.

Downloading and installing packages into local source directory:

  Setting up CIPD package manager...done (2m7.4s)
  Setting up Python environment.....done (1m47.2s)
  Setting up pw packages............skipped (0.1s)
  Setting up Host tools.............done (0.1s)

Activating environment (setting environment variables):

  Setting environment variables for CIPD package manager...done
  Setting environment variables for Python environment.....done
  Setting environment variables for pw packages............skipped
  Setting environment variables for Host tools.............done

Checking the environment:

20220315 12:24:57 INF Environment passes all checks!

Environment looks good, you are ready to go!

To reactivate this environment in the future, run this in your 
terminal:

  source ./activate.sh

To deactivate this environment, run this:

  deactivate

bash-3.2$ echo $?
0
bash-3.2$ 
bash-3.2$ 
