pi@raspberrypi:~ $ sudo apt-get install hostapd dnsmasq tayga
Reading package lists... Done
Building dependency tree... Done
Reading state information... Done
tayga is already the newest version (0.9.2-8).
The following package was automatically installed and is no longer required:
  libfuse2
Use 'sudo apt autoremove' to remove it.
The following NEW packages will be installed:
  dnsmasq dnsmasq-base hostapd
0 upgraded, 3 newly installed, 0 to remove and 31 not upgraded.
Need to get 1,113 kB of archives.
After this operation, 2,814 kB of additional disk space will be used.
Get:1 http://ftp.jaist.ac.jp/pub/Linux/raspbian-archive/raspbian bullseye/main armhf hostapd armhf 2:2.9.0-21 [665 kB]
Get:2 http://ftp.jaist.ac.jp/pub/Linux/raspbian-archive/raspbian bullseye/main armhf dnsmasq-base armhf 2.85-1 [416 kB]
Get:3 http://ftp.jaist.ac.jp/pub/Linux/raspbian-archive/raspbian bullseye/main armhf dnsmasq all 2.85-1 [32.0 kB]
Fetched 1,113 kB in 3s (438 kB/s) 
Selecting previously unselected package hostapd.
(Reading database ... 123001 files and directories currently installed.)
Preparing to unpack .../hostapd_2%3a2.9.0-21_armhf.deb ...
Unpacking hostapd (2:2.9.0-21) ...
Selecting previously unselected package dnsmasq-base.
Preparing to unpack .../dnsmasq-base_2.85-1_armhf.deb ...
Unpacking dnsmasq-base (2.85-1) ...
Selecting previously unselected package dnsmasq.
Preparing to unpack .../dnsmasq_2.85-1_all.deb ...
Unpacking dnsmasq (2.85-1) ...
Setting up dnsmasq-base (2.85-1) ...
Setting up dnsmasq (2.85-1) ...
Created symlink /etc/systemd/system/multi-user.target.wants/dnsmasq.service → /lib/systemd/system/dnsmasq.service.
Job for dnsmasq.service failed because the control process exited with error code.
See "systemctl status dnsmasq.service" and "journalctl -xe" for details.
invoke-rc.d: initscript dnsmasq, action "start" failed.
● dnsmasq.service - dnsmasq - A lightweight DHCP and caching DNS server
     Loaded: loaded (/lib/systemd/system/dnsmasq.service; enabled; vendor preset: enabled)
     Active: failed (Result: exit-code) since Mon 2022-03-07 01:18:00 GMT; 34ms ago
    Process: 1578 ExecStartPre=/etc/init.d/dnsmasq checkconfig (code=exited, status=0/SUCCESS)
    Process: 1586 ExecStart=/etc/init.d/dnsmasq systemd-exec (code=exited, status=2)
        CPU: 111ms

Mar 07 01:18:00 raspberrypi systemd[1]: Starting dnsmasq - A lightweight DHCP and caching DNS server...
Mar 07 01:18:00 raspberrypi dnsmasq[1586]: dnsmasq: failed to create listening socket for port 53: Address already in use
Mar 07 01:18:00 raspberrypi dnsmasq[1586]: failed to create listening socket for port 53: Address already in use
Mar 07 01:18:00 raspberrypi dnsmasq[1586]: FAILED to start up
Mar 07 01:18:00 raspberrypi systemd[1]: dnsmasq.service: Control process exited, code=exited, status=2/INVALIDARGUMENT
Mar 07 01:18:00 raspberrypi systemd[1]: dnsmasq.service: Failed with result 'exit-code'.
Mar 07 01:18:00 raspberrypi systemd[1]: Failed to start dnsmasq - A lightweight DHCP and caching DNS server.
Setting up hostapd (2:2.9.0-21) ...
Created symlink /etc/systemd/system/multi-user.target.wants/hostapd.service → /lib/systemd/system/hostapd.service.
Job for hostapd.service failed because the control process exited with error code.
See "systemctl status hostapd.service" and "journalctl -xe" for details.
Created symlink /etc/systemd/system/hostapd.service → /dev/null.
Processing triggers for man-db (2.9.4-2) ...
Processing triggers for dbus (1.12.20-2) ...
pi@raspberrypi:~ $ echo $?
0
pi@raspberrypi:~ $ 
