C:\Users\makmo\AppData\Local\F\app-1.1.0\resources\app\preload.js:73 Loading U2F, UAF and FIDO2 Conformance testing API...
C:\Users\makmo\AppData\Local\F\app-1.1.0\resources\app\preload.js:80 Preload complete
C:\Users\makmo\AppData\Local\F\app-1.1.0\resources\app\dependencies\transports\nfcdep.js:282 New reader detected Sony FeliCa Port/PaSoRi 3.0 0
C:\Users\makmo\AppData\Local\F\app-1.1.0\resources\app\dependencies\transports\nfcdep.js:71 Card inserted
C:\Users\makmo\AppData\Local\F\app-1.1.0\resources\app\dependencies\transports\nfcdep.js:77 Selected protocol "2" for reader "Sony FeliCa Port/PaSoRi 3.0 0"
controller.js:576 Detected changes
controller.js:589 Saved changes
controller.js:576 Detected changes
controller.js:589 Saved changes
load.js:166 Loading key...  fido2authr
load.js:166 Loading key...  fido2server
load.js:166 Loading key...  webauthn
controller.js:576 Detected changes
controller.js:589 Saved changes
controller.js:576 Detected changes
controller.js:589 Saved changes
controller.js:576 Detected changes
controller.js:589 Saved changes
controller.js:576 Detected changes
controller.js:589 Saved changes
controller.js:576 Detected changes
controller.js:589 Saved changes
sandbox.js:48 [Deprecation] 'window.webkitStorageInfo' is deprecated. Please use 'navigator.webkitTemporaryStorage' or 'navigator.webkitPersistentStorage' instead.
clone @ sandbox.js:48
exec @ sandbox.js:62
loadTestList @ load.js:242
$.click @ controller.js:318
dispatch @ jquery.min.js:3
q.handle @ jquery.min.js:3
controller.js:331 Test started: P-1

        Send FIDO applet selection command and check that authenticator succeeds.

            For CTAP1(U2F) compatible authenticators check that authenticator returns 0x5532465F5632(U2F_V2) in response.
            For CTAP2 only authenticators check that authenticator returns 0x4649444f5f325f30(FIDO_2_0) in response.

    
C:\Users\makmo\AppData\Local\F\app-1.1.0\resources\app\dependencies\transports\nfcdep.js:218 NFC DATA SENT: 00a4040008a0000006472f000100
C:\Users\makmo\AppData\Local\F\app-1.1.0\resources\app\dependencies\transports\nfcdep.js:223 NFC DATA RECEIVED: 5532465f56329000
C:\Users\makmo\AppData\Local\F\app-1.1.0\resources\app\dependencies\transports\nfcdep.js:191 RECEIVED  SW_NO_ERROR
C:\Users\makmo\AppData\Local\F\app-1.1.0\resources\app\dependencies\transports\nfcdep.js:218 NFC DATA SENT: 00a4040008a0000006472f000100
C:\Users\makmo\AppData\Local\F\app-1.1.0\resources\app\dependencies\transports\nfcdep.js:223 NFC DATA RECEIVED: 5532465f56329000
C:\Users\makmo\AppData\Local\F\app-1.1.0\resources\app\dependencies\transports\nfcdep.js:191 RECEIVED  SW_NO_ERROR
controller.js:331 Test started: P-2

        Send a valid CTAP2 authenticatorMakeCreditential(0x01) message, wrapped in Extended APDU, wait for the response, and check that Authenticator returns CTAP1_ERR_SUCCESS(0x00) error code.

    
C:\Users\makmo\AppData\Local\F\app-1.1.0\resources\app\dependencies\transports\nfcdep.js:102 Selected protocol "2" for reader "Sony FeliCa Port/PaSoRi 3.0 0"
C:\Users\makmo\AppData\Local\F\app-1.1.0\resources\app\dependencies\transports\nfcdep.js:218 NFC DATA SENT: 00a4040008a0000006472f000100
C:\Users\makmo\AppData\Local\F\app-1.1.0\resources\app\dependencies\transports\nfcdep.js:223 NFC DATA RECEIVED: 5532465f56329000
C:\Users\makmo\AppData\Local\F\app-1.1.0\resources\app\dependencies\transports\nfcdep.js:191 RECEIVED  SW_NO_ERROR
C:\Users\makmo\AppData\Local\F\app-1.1.0\resources\app\dependencies\transports\nfcdep.js:218 NFC DATA SENT: 8010000000011901a4015820d3264b492275c287b5f7dd25f4a9231fa4ffb81874651689a1e2ab3fda61f04002a26269646d74797065657874656e642e6d79646e616d657829546865204578616d706c6520436f72706f726174696f6e20776974682066616b6520646f6d61696e2103a462696458205fabea2a7618487239941fd5a96678c43aaf6720603db008684c00684e373f466469636f6e782868747470733a2f2f706963732e61636d652e636f6d2f30302f702f61426a6a6a707150622e706e67646e616d6578227368617264616d616e696572407465616368696e6777617465726d656c6f6e2e766e6b646973706c61794e616d656d536861726461204d616e6965720481a263616c672664747970656a7075626c69632d6b65790000
C:\Users\makmo\AppData\Local\F\app-1.1.0\resources\app\dependencies\transports\nfcdep.js:223 NFC DATA RECEIVED: 00a301667061636b65640258f4d081badda11345c791e39de6312671e3f65e5be2b257968115e7b98966a219bb41000000002b2ecbb459b444fa868da072485d8ae00070bd5ad8dbbf0a4614a6f6423461008b6cdbe9eaf6f2adb896a68d3c31b9dda5d2977bc54fb294335441cb0dae8624550b0c711ebdc61d9f562efb6100
C:\Users\makmo\AppData\Local\F\app-1.1.0\resources\app\dependencies\transports\nfcdep.js:191 RECEIVED  SW_BYTES_REMAINING_00
C:\Users\makmo\AppData\Local\F\app-1.1.0\resources\app\dependencies\transports\nfcdep.js:206 Bytes remaining:  0
C:\Users\makmo\AppData\Local\F\app-1.1.0\resources\app\dependencies\transports\nfcdep.js:218 NFC DATA SENT: 80c0000000
C:\Users\makmo\AppData\Local\F\app-1.1.0\resources\app\dependencies\transports\nfcdep.js:223 NFC DATA RECEIVED: 5f9f0d7589aa75d01c7450c781489fd1f479fd19e1ec0f9f6a8ab4ac02e503a8df9c399b44470fef853d949cdf9da5ec8b93908df3b1a5010203262001215820103a3ba1e2a2bda591dc916c772d2795ecc9f22fd48b69814f7bd032679d7dca22582021f0f45e840d4cb8276092888fc5084b5ce391d7245e1dccbd2d716100
C:\Users\makmo\AppData\Local\F\app-1.1.0\resources\app\dependencies\transports\nfcdep.js:191 RECEIVED  SW_BYTES_REMAINING_00
C:\Users\makmo\AppData\Local\F\app-1.1.0\resources\app\dependencies\transports\nfcdep.js:206 Bytes remaining:  0
C:\Users\makmo\AppData\Local\F\app-1.1.0\resources\app\dependencies\transports\nfcdep.js:218 NFC DATA SENT: 80c0000000
C:\Users\makmo\AppData\Local\F\app-1.1.0\resources\app\dependencies\transports\nfcdep.js:223 NFC DATA RECEIVED: 9b59eb062403a363616c6726637369675848304602210099e49352486ca896903503483b1fe386855365557c746348ef3480c80ff6aec2022100d3dad6d97412b0444147c67fe08d33a76d8fea1b584efd0300bbd06daf67c0b363783563815902433082023f308201e6a003020102020100300906072a8648ce3d0401306100
C:\Users\makmo\AppData\Local\F\app-1.1.0\resources\app\dependencies\transports\nfcdep.js:191 RECEIVED  SW_BYTES_REMAINING_00
C:\Users\makmo\AppData\Local\F\app-1.1.0\resources\app\dependencies\transports\nfcdep.js:206 Bytes remaining:  0
C:\Users\makmo\AppData\Local\F\app-1.1.0\resources\app\dependencies\transports\nfcdep.js:218 NFC DATA SENT: 80c0000000
C:\Users\makmo\AppData\Local\F\app-1.1.0\resources\app\dependencies\transports\nfcdep.js:223 NFC DATA RECEIVED: 7e310b3009060355040613024a50310e300c06035504081305546f6b796f311430120603550407130b5368696e6a756b752d6b7531153013060355040a130c4469766572746120496e632e31173015060355040b130e50726f766973696f6e616c204341311930170603550403131063612e646976657274612e636f2e6a6100
C:\Users\makmo\AppData\Local\F\app-1.1.0\resources\app\dependencies\transports\nfcdep.js:191 RECEIVED  SW_BYTES_REMAINING_00
C:\Users\makmo\AppData\Local\F\app-1.1.0\resources\app\dependencies\transports\nfcdep.js:206 Bytes remaining:  0
C:\Users\makmo\AppData\Local\F\app-1.1.0\resources\app\dependencies\transports\nfcdep.js:218 NFC DATA SENT: 80c0000000
C:\Users\makmo\AppData\Local\F\app-1.1.0\resources\app\dependencies\transports\nfcdep.js:223 NFC DATA RECEIVED: 70301e170d3139303132383032353733305a170d3230303132383032353733305a3076310b3009060355040613024a50310e300c06035504081305546f6b796f31153013060355040a130c4469766572746120496e632e31223020060355040b131941757468656e74696361746f72204174746573746174696f6e311c306100
C:\Users\makmo\AppData\Local\F\app-1.1.0\resources\app\dependencies\transports\nfcdep.js:191 RECEIVED  SW_BYTES_REMAINING_00
C:\Users\makmo\AppData\Local\F\app-1.1.0\resources\app\dependencies\transports\nfcdep.js:206 Bytes remaining:  0
C:\Users\makmo\AppData\Local\F\app-1.1.0\resources\app\dependencies\transports\nfcdep.js:218 NFC DATA SENT: 80c0000000
C:\Users\makmo\AppData\Local\F\app-1.1.0\resources\app\dependencies\transports\nfcdep.js:223 NFC DATA RECEIVED: 1a0603550403131361757468722e646976657274612e636f2e6a703059301306072a8648ce3d020106082a8648ce3d0301070342000490992334d1db6529f3da89524233fbf63ca52502e34191e8a5166f3fcc32f33b30bd98bb856f758505e7814e195765c2df9bbe2b207ae8aa21b2bdfc1b13771fa35e305c300906036100
C:\Users\makmo\AppData\Local\F\app-1.1.0\resources\app\dependencies\transports\nfcdep.js:191 RECEIVED  SW_BYTES_REMAINING_00
C:\Users\makmo\AppData\Local\F\app-1.1.0\resources\app\dependencies\transports\nfcdep.js:206 Bytes remaining:  0
C:\Users\makmo\AppData\Local\F\app-1.1.0\resources\app\dependencies\transports\nfcdep.js:218 NFC DATA SENT: 80c0000000
C:\Users\makmo\AppData\Local\F\app-1.1.0\resources\app\dependencies\transports\nfcdep.js:223 NFC DATA RECEIVED: 551d1304023000300e0603551d0f0101ff0404030205a030130603551d25040c300a06082b06010505070302302a0603551d1104233021820d646976657274612e636f2e6a70821063612e646976657274612e636f2e6a70300906072a8648ce3d04010348003045022064e8ceff9703122b018347bb79833b62631c2b30612f
C:\Users\makmo\AppData\Local\F\app-1.1.0\resources\app\dependencies\transports\nfcdep.js:191 RECEIVED  undefined
C:\Users\makmo\AppData\Local\F\app-1.1.0\resources\app\dependencies\transports\nfcdep.js:206 Bytes remaining:  47
C:\Users\makmo\AppData\Local\F\app-1.1.0\resources\app\dependencies\transports\nfcdep.js:218 NFC DATA SENT: 80c000002f
C:\Users\makmo\AppData\Local\F\app-1.1.0\resources\app\dependencies\transports\nfcdep.js:223 NFC DATA RECEIVED: cbe86fbcd034583c16a1a98c022100fbb630a5efb409897b94d09d6e262685f9498f055a3da8c32759095dbc6ee4fa9000
C:\Users\makmo\AppData\Local\F\app-1.1.0\resources\app\dependencies\transports\nfcdep.js:191 RECEIVED  SW_NO_ERROR
controller.js:331 Test started: P-3

        Send a valid CTAP2 authenticatorMakeCreditential(0x01) message, wrapped in Short APDU, wait for the response, and check that Authenticator returns CTAP1_ERR_SUCCESS(0x00) error code.

    
C:\Users\makmo\AppData\Local\F\app-1.1.0\resources\app\dependencies\transports\nfcdep.js:102 Selected protocol "2" for reader "Sony FeliCa Port/PaSoRi 3.0 0"
C:\Users\makmo\AppData\Local\F\app-1.1.0\resources\app\dependencies\transports\nfcdep.js:218 NFC DATA SENT: 00a4040008a0000006472f000100
C:\Users\makmo\AppData\Local\F\app-1.1.0\resources\app\dependencies\transports\nfcdep.js:223 NFC DATA RECEIVED: 5532465f56329000
C:\Users\makmo\AppData\Local\F\app-1.1.0\resources\app\dependencies\transports\nfcdep.js:191 RECEIVED  SW_NO_ERROR
C:\Users\makmo\AppData\Local\F\app-1.1.0\resources\app\dependencies\transports\nfcdep.js:218 NFC DATA SENT: 90100000f001a40158200fb4cf3af1caa0a1c2f44c5601449827732b922c157ff3ef63f1bd8c6ab5fe5602a26269646c6c65677364656174682e686e646e616d657829546865204578616d706c6520436f72706f726174696f6e20776974682066616b6520646f6d61696e2103a4626964582035eb7ccf868ac7b61f8a83da36d12ed349ae675fc9c970984ed2cab35eb506896469636f6e782868747470733a2f2f706963732e61636d652e636f6d2f30302f702f61426a6a6a707150622e706e67646e616d65781c746f6e612e64616e64726964676540636c6f73657368616d652e69716b646973706c61794e616d656e546f6e
C:\Users\makmo\AppData\Local\F\app-1.1.0\resources\app\dependencies\transports\nfcdep.js:223 NFC DATA RECEIVED: 9000
C:\Users\makmo\AppData\Local\F\app-1.1.0\resources\app\dependencies\transports\nfcdep.js:191 RECEIVED  SW_NO_ERROR
C:\Users\makmo\AppData\Local\F\app-1.1.0\resources\app\dependencies\transports\nfcdep.js:218 NFC DATA SENT: 8010000023612044616e6472696467650481a263616c672664747970656a7075626c69632d6b657900
C:\Users\makmo\AppData\Local\F\app-1.1.0\resources\app\dependencies\transports\nfcdep.js:223 NFC DATA RECEIVED: 00a301667061636b65640258f4f35b46fd801b0eab3fa233a0dcdd5e03367afe1b19c364aa96aa9d966c5629ad41000000002b2ecbb459b444fa868da072485d8ae00070bd5a50c7b72db33a4a865b17c1513b1dbedc426061aa8ef81793c1a284645021c04c9fabce0467923bba8767805f72fc53aac52e78e2ddcab5216100
C:\Users\makmo\AppData\Local\F\app-1.1.0\resources\app\dependencies\transports\nfcdep.js:191 RECEIVED  SW_BYTES_REMAINING_00
C:\Users\makmo\AppData\Local\F\app-1.1.0\resources\app\dependencies\transports\nfcdep.js:206 Bytes remaining:  0
C:\Users\makmo\AppData\Local\F\app-1.1.0\resources\app\dependencies\transports\nfcdep.js:218 NFC DATA SENT: 80c0000000
C:\Users\makmo\AppData\Local\F\app-1.1.0\resources\app\dependencies\transports\nfcdep.js:223 NFC DATA RECEIVED: 6259487ea8468258d08827b31ee277fa3145560b86847941818c7e1f09dbfe9efd5f241e88870e1884c9036065c9d888e90eaf4b04a3a5010203262001215820208f73a3cf7a3a255aad6e9020f706ba6b343c02d72202ca3e8e38a4f609d4092258203e73c255df57fb825db3c22f221679a19f68c0f7a503cc4586acbd6100
C:\Users\makmo\AppData\Local\F\app-1.1.0\resources\app\dependencies\transports\nfcdep.js:191 RECEIVED  SW_BYTES_REMAINING_00
C:\Users\makmo\AppData\Local\F\app-1.1.0\resources\app\dependencies\transports\nfcdep.js:206 Bytes remaining:  0
C:\Users\makmo\AppData\Local\F\app-1.1.0\resources\app\dependencies\transports\nfcdep.js:218 NFC DATA SENT: 80c0000000
C:\Users\makmo\AppData\Local\F\app-1.1.0\resources\app\dependencies\transports\nfcdep.js:223 NFC DATA RECEIVED: 1813f3ebad03a363616c67266373696758473045022100b8f0fef92ae5f518ccf3ffb1c8a68cadee80c2a8b3ccf34652430b38b3f41edf02207f5cb2c15877e9663ffa687ba9bd243196b01dbe243240f69db8445c4227522863783563815902433082023f308201e6a003020102020100300906072a8648ce3d0401307e6100
C:\Users\makmo\AppData\Local\F\app-1.1.0\resources\app\dependencies\transports\nfcdep.js:191 RECEIVED  SW_BYTES_REMAINING_00
C:\Users\makmo\AppData\Local\F\app-1.1.0\resources\app\dependencies\transports\nfcdep.js:206 Bytes remaining:  0
C:\Users\makmo\AppData\Local\F\app-1.1.0\resources\app\dependencies\transports\nfcdep.js:218 NFC DATA SENT: 80c0000000
C:\Users\makmo\AppData\Local\F\app-1.1.0\resources\app\dependencies\transports\nfcdep.js:223 NFC DATA RECEIVED: 310b3009060355040613024a50310e300c06035504081305546f6b796f311430120603550407130b5368696e6a756b752d6b7531153013060355040a130c4469766572746120496e632e31173015060355040b130e50726f766973696f6e616c204341311930170603550403131063612e646976657274612e636f2e6a706100
C:\Users\makmo\AppData\Local\F\app-1.1.0\resources\app\dependencies\transports\nfcdep.js:191 RECEIVED  SW_BYTES_REMAINING_00
C:\Users\makmo\AppData\Local\F\app-1.1.0\resources\app\dependencies\transports\nfcdep.js:206 Bytes remaining:  0
C:\Users\makmo\AppData\Local\F\app-1.1.0\resources\app\dependencies\transports\nfcdep.js:218 NFC DATA SENT: 80c0000000
C:\Users\makmo\AppData\Local\F\app-1.1.0\resources\app\dependencies\transports\nfcdep.js:223 NFC DATA RECEIVED: 301e170d3139303132383032353733305a170d3230303132383032353733305a3076310b3009060355040613024a50310e300c06035504081305546f6b796f31153013060355040a130c4469766572746120496e632e31223020060355040b131941757468656e74696361746f72204174746573746174696f6e311c301a6100
C:\Users\makmo\AppData\Local\F\app-1.1.0\resources\app\dependencies\transports\nfcdep.js:191 RECEIVED  SW_BYTES_REMAINING_00
C:\Users\makmo\AppData\Local\F\app-1.1.0\resources\app\dependencies\transports\nfcdep.js:206 Bytes remaining:  0
C:\Users\makmo\AppData\Local\F\app-1.1.0\resources\app\dependencies\transports\nfcdep.js:218 NFC DATA SENT: 80c0000000
C:\Users\makmo\AppData\Local\F\app-1.1.0\resources\app\dependencies\transports\nfcdep.js:223 NFC DATA RECEIVED: 0603550403131361757468722e646976657274612e636f2e6a703059301306072a8648ce3d020106082a8648ce3d0301070342000490992334d1db6529f3da89524233fbf63ca52502e34191e8a5166f3fcc32f33b30bd98bb856f758505e7814e195765c2df9bbe2b207ae8aa21b2bdfc1b13771fa35e305c30090603556100
C:\Users\makmo\AppData\Local\F\app-1.1.0\resources\app\dependencies\transports\nfcdep.js:191 RECEIVED  SW_BYTES_REMAINING_00
C:\Users\makmo\AppData\Local\F\app-1.1.0\resources\app\dependencies\transports\nfcdep.js:206 Bytes remaining:  0
C:\Users\makmo\AppData\Local\F\app-1.1.0\resources\app\dependencies\transports\nfcdep.js:218 NFC DATA SENT: 80c0000000
C:\Users\makmo\AppData\Local\F\app-1.1.0\resources\app\dependencies\transports\nfcdep.js:223 NFC DATA RECEIVED: 1d1304023000300e0603551d0f0101ff0404030205a030130603551d25040c300a06082b06010505070302302a0603551d1104233021820d646976657274612e636f2e6a70821063612e646976657274612e636f2e6a70300906072a8648ce3d04010348003045022064e8ceff9703122b018347bb79833b62631c2b30cb612e
C:\Users\makmo\AppData\Local\F\app-1.1.0\resources\app\dependencies\transports\nfcdep.js:191 RECEIVED  undefined
C:\Users\makmo\AppData\Local\F\app-1.1.0\resources\app\dependencies\transports\nfcdep.js:206 Bytes remaining:  46
C:\Users\makmo\AppData\Local\F\app-1.1.0\resources\app\dependencies\transports\nfcdep.js:218 NFC DATA SENT: 80c000002e
C:\Users\makmo\AppData\Local\F\app-1.1.0\resources\app\dependencies\transports\nfcdep.js:223 NFC DATA RECEIVED: e86fbcd034583c16a1a98c022100fbb630a5efb409897b94d09d6e262685f9498f055a3da8c32759095dbc6ee4fa9000
C:\Users\makmo\AppData\Local\F\app-1.1.0\resources\app\dependencies\transports\nfcdep.js:191 RECEIVED  SW_NO_ERROR
controller.js:331 Test started: P-4

        Send a valid CTAP2 authenticatorMakeCreditential(0x01) message, wrapped in Short APDU with mixed sizes, wait for the response, and check that Authenticator returns CTAP1_ERR_SUCCESS(0x00) error code.

    
C:\Users\makmo\AppData\Local\F\app-1.1.0\resources\app\dependencies\transports\nfcdep.js:102 Selected protocol "2" for reader "Sony FeliCa Port/PaSoRi 3.0 0"
C:\Users\makmo\AppData\Local\F\app-1.1.0\resources\app\dependencies\transports\nfcdep.js:218 NFC DATA SENT: 00a4040008a0000006472f000100
C:\Users\makmo\AppData\Local\F\app-1.1.0\resources\app\dependencies\transports\nfcdep.js:223 NFC DATA RECEIVED: 5532465f56329000
C:\Users\makmo\AppData\Local\F\app-1.1.0\resources\app\dependencies\transports\nfcdep.js:191 RECEIVED  SW_NO_ERROR
C:\Users\makmo\AppData\Local\F\app-1.1.0\resources\app\dependencies\transports\nfcdep.js:218 NFC DATA SENT: 90100000f001a4015820b454aebc7b2107bfd3b856a93cc3ed2d69d081ad4374c43a1c824029c9eb581302a26269646e6166666f726467756964652e6965646e616d657829546865204578616d706c6520436f72706f726174696f6e20776974682066616b6520646f6d61696e2103a462696458202fb0585530b9f369cdda3dbfe7f57de61c2f1dc56fdf64c760ef6a28456130626469636f6e782868747470733a2f2f706963732e61636d652e636f6d2f30302f702f61426a6a6a707150622e706e67646e616d657819706572656772696e74756b407368616d656d75726b792e6b776b646973706c61794e616d656c50657265
C:\Users\makmo\AppData\Local\F\app-1.1.0\resources\app\dependencies\transports\nfcdep.js:223 NFC DATA RECEIVED: 9000
C:\Users\makmo\AppData\Local\F\app-1.1.0\resources\app\dependencies\transports\nfcdep.js:191 RECEIVED  SW_NO_ERROR
C:\Users\makmo\AppData\Local\F\app-1.1.0\resources\app\dependencies\transports\nfcdep.js:218 NFC DATA SENT: 80100000206772696e2054756b0481a263616c672664747970656a7075626c69632d6b657900
C:\Users\makmo\AppData\Local\F\app-1.1.0\resources\app\dependencies\transports\nfcdep.js:223 NFC DATA RECEIVED: 00a301667061636b65640258f4f5eed26a012e4282e0b7f3059cfced1b15bd16c034ff32ff1de9bf8f011a1ebf41000000002b2ecbb459b444fa868da072485d8ae00070bd5ad528ae82da6f4a416f644fad63748b8ced91142a67a0d49345cdb8e279994ad6cf0eaee32a84edd633fd94cc35cf54a05ecded305b7e0a5d6100
C:\Users\makmo\AppData\Local\F\app-1.1.0\resources\app\dependencies\transports\nfcdep.js:191 RECEIVED  SW_BYTES_REMAINING_00
C:\Users\makmo\AppData\Local\F\app-1.1.0\resources\app\dependencies\transports\nfcdep.js:206 Bytes remaining:  0
C:\Users\makmo\AppData\Local\F\app-1.1.0\resources\app\dependencies\transports\nfcdep.js:218 NFC DATA SENT: 80c0000000
C:\Users\makmo\AppData\Local\F\app-1.1.0\resources\app\dependencies\transports\nfcdep.js:223 NFC DATA RECEIVED: 1a0559b6c1419346cbad32107d3fabdbb272b413972de0adc3731037754f3805876ed4c5e6bd4d991a06e16dbcee5a74b9534fd98a12a50102032620012158204434633379059f6fe14285ba171a248b836a7edc8eb17f2f8a6da7df941459e42258203a730295796b67ddd1d2c1ee39ada851113659b8005e76d165f8746100
C:\Users\makmo\AppData\Local\F\app-1.1.0\resources\app\dependencies\transports\nfcdep.js:191 RECEIVED  SW_BYTES_REMAINING_00
C:\Users\makmo\AppData\Local\F\app-1.1.0\resources\app\dependencies\transports\nfcdep.js:206 Bytes remaining:  0
C:\Users\makmo\AppData\Local\F\app-1.1.0\resources\app\dependencies\transports\nfcdep.js:218 NFC DATA SENT: 80c0000000
C:\Users\makmo\AppData\Local\F\app-1.1.0\resources\app\dependencies\transports\nfcdep.js:223 NFC DATA RECEIVED: 47a83e4f3f03a363616c67266373696758473045022050493f51ff83135240b8db3b247525e32c24c9e9b6c59a3388db3bda93cd18ac022100e00f88cabc9508b51c8fac04dfae8b3b160cbc1c900385beb23233c4b4760f1463783563815902433082023f308201e6a003020102020100300906072a8648ce3d0401307e6100
C:\Users\makmo\AppData\Local\F\app-1.1.0\resources\app\dependencies\transports\nfcdep.js:191 RECEIVED  SW_BYTES_REMAINING_00
C:\Users\makmo\AppData\Local\F\app-1.1.0\resources\app\dependencies\transports\nfcdep.js:206 Bytes remaining:  0
C:\Users\makmo\AppData\Local\F\app-1.1.0\resources\app\dependencies\transports\nfcdep.js:218 NFC DATA SENT: 80c0000000
C:\Users\makmo\AppData\Local\F\app-1.1.0\resources\app\dependencies\transports\nfcdep.js:223 NFC DATA RECEIVED: 310b3009060355040613024a50310e300c06035504081305546f6b796f311430120603550407130b5368696e6a756b752d6b7531153013060355040a130c4469766572746120496e632e31173015060355040b130e50726f766973696f6e616c204341311930170603550403131063612e646976657274612e636f2e6a706100
C:\Users\makmo\AppData\Local\F\app-1.1.0\resources\app\dependencies\transports\nfcdep.js:191 RECEIVED  SW_BYTES_REMAINING_00
C:\Users\makmo\AppData\Local\F\app-1.1.0\resources\app\dependencies\transports\nfcdep.js:206 Bytes remaining:  0
C:\Users\makmo\AppData\Local\F\app-1.1.0\resources\app\dependencies\transports\nfcdep.js:218 NFC DATA SENT: 80c0000000
C:\Users\makmo\AppData\Local\F\app-1.1.0\resources\app\dependencies\transports\nfcdep.js:223 NFC DATA RECEIVED: 301e170d3139303132383032353733305a170d3230303132383032353733305a3076310b3009060355040613024a50310e300c06035504081305546f6b796f31153013060355040a130c4469766572746120496e632e31223020060355040b131941757468656e74696361746f72204174746573746174696f6e311c301a6100
C:\Users\makmo\AppData\Local\F\app-1.1.0\resources\app\dependencies\transports\nfcdep.js:191 RECEIVED  SW_BYTES_REMAINING_00
C:\Users\makmo\AppData\Local\F\app-1.1.0\resources\app\dependencies\transports\nfcdep.js:206 Bytes remaining:  0
C:\Users\makmo\AppData\Local\F\app-1.1.0\resources\app\dependencies\transports\nfcdep.js:218 NFC DATA SENT: 80c0000000
C:\Users\makmo\AppData\Local\F\app-1.1.0\resources\app\dependencies\transports\nfcdep.js:223 NFC DATA RECEIVED: 0603550403131361757468722e646976657274612e636f2e6a703059301306072a8648ce3d020106082a8648ce3d0301070342000490992334d1db6529f3da89524233fbf63ca52502e34191e8a5166f3fcc32f33b30bd98bb856f758505e7814e195765c2df9bbe2b207ae8aa21b2bdfc1b13771fa35e305c30090603556100
C:\Users\makmo\AppData\Local\F\app-1.1.0\resources\app\dependencies\transports\nfcdep.js:191 RECEIVED  SW_BYTES_REMAINING_00
C:\Users\makmo\AppData\Local\F\app-1.1.0\resources\app\dependencies\transports\nfcdep.js:206 Bytes remaining:  0
C:\Users\makmo\AppData\Local\F\app-1.1.0\resources\app\dependencies\transports\nfcdep.js:218 NFC DATA SENT: 80c0000000
C:\Users\makmo\AppData\Local\F\app-1.1.0\resources\app\dependencies\transports\nfcdep.js:223 NFC DATA RECEIVED: 1d1304023000300e0603551d0f0101ff0404030205a030130603551d25040c300a06082b06010505070302302a0603551d1104233021820d646976657274612e636f2e6a70821063612e646976657274612e636f2e6a70300906072a8648ce3d04010348003045022064e8ceff9703122b018347bb79833b62631c2b30cb612e
C:\Users\makmo\AppData\Local\F\app-1.1.0\resources\app\dependencies\transports\nfcdep.js:191 RECEIVED  undefined
C:\Users\makmo\AppData\Local\F\app-1.1.0\resources\app\dependencies\transports\nfcdep.js:206 Bytes remaining:  46
C:\Users\makmo\AppData\Local\F\app-1.1.0\resources\app\dependencies\transports\nfcdep.js:218 NFC DATA SENT: 80c000002e
C:\Users\makmo\AppData\Local\F\app-1.1.0\resources\app\dependencies\transports\nfcdep.js:223 NFC DATA RECEIVED: e86fbcd034583c16a1a98c022100fbb630a5efb409897b94d09d6e262685f9498f055a3da8c32759095dbc6ee4fa9000
C:\Users\makmo\AppData\Local\F\app-1.1.0\resources\app\dependencies\transports\nfcdep.js:191 RECEIVED  SW_NO_ERROR
controller.js:331 Test started: F-1

        Send CTAP2 getInfo(0x04) with invalid INS, wrapped in Short APDU, and check that authenticator returns APDU error SW_INS_NOT_SUPPORTED(0x6D00)

    
C:\Users\makmo\AppData\Local\F\app-1.1.0\resources\app\dependencies\transports\nfcdep.js:102 Selected protocol "2" for reader "Sony FeliCa Port/PaSoRi 3.0 0"
C:\Users\makmo\AppData\Local\F\app-1.1.0\resources\app\dependencies\transports\nfcdep.js:218 NFC DATA SENT: 00a4040008a0000006472f000100
C:\Users\makmo\AppData\Local\F\app-1.1.0\resources\app\dependencies\transports\nfcdep.js:223 NFC DATA RECEIVED: 5532465f56329000
C:\Users\makmo\AppData\Local\F\app-1.1.0\resources\app\dependencies\transports\nfcdep.js:191 RECEIVED  SW_NO_ERROR
C:\Users\makmo\AppData\Local\F\app-1.1.0\resources\app\dependencies\transports\nfcdep.js:218 NFC DATA SENT: 80750000010400
C:\Users\makmo\AppData\Local\F\app-1.1.0\resources\app\dependencies\transports\nfcdep.js:223 NFC DATA RECEIVED: 6d00
C:\Users\makmo\AppData\Local\F\app-1.1.0\resources\app\dependencies\transports\nfcdep.js:191 RECEIVED  SW_INS_NOT_SUPPORTED
controller.js:331 Test started: F-2

        Send CTAP2 getInfo(0x04) with invalid INS, wrapped in Extended APDU, and check that authenticator returns APDU error SW_INS_NOT_SUPPORTED(0x6D00)

    
C:\Users\makmo\AppData\Local\F\app-1.1.0\resources\app\dependencies\transports\nfcdep.js:102 Selected protocol "2" for reader "Sony FeliCa Port/PaSoRi 3.0 0"
C:\Users\makmo\AppData\Local\F\app-1.1.0\resources\app\dependencies\transports\nfcdep.js:218 NFC DATA SENT: 00a4040008a0000006472f000100
C:\Users\makmo\AppData\Local\F\app-1.1.0\resources\app\dependencies\transports\nfcdep.js:223 NFC DATA RECEIVED: 5532465f56329000
C:\Users\makmo\AppData\Local\F\app-1.1.0\resources\app\dependencies\transports\nfcdep.js:191 RECEIVED  SW_NO_ERROR
C:\Users\makmo\AppData\Local\F\app-1.1.0\resources\app\dependencies\transports\nfcdep.js:218 NFC DATA SENT: 80750000000001040000
C:\Users\makmo\AppData\Local\F\app-1.1.0\resources\app\dependencies\transports\nfcdep.js:223 NFC DATA RECEIVED: 6d00
C:\Users\makmo\AppData\Local\F\app-1.1.0\resources\app\dependencies\transports\nfcdep.js:191 RECEIVED  SW_INS_NOT_SUPPORTED
controller.js:331 Test started: F-3

        Send CTAP2 getInfo(0x04) wrapped in Short APDU with invalid Lc, and check that authenticator returns APDU error SW_WRONG_LENGTH(0x6700)

    
C:\Users\makmo\AppData\Local\F\app-1.1.0\resources\app\dependencies\transports\nfcdep.js:102 Selected protocol "2" for reader "Sony FeliCa Port/PaSoRi 3.0 0"
C:\Users\makmo\AppData\Local\F\app-1.1.0\resources\app\dependencies\transports\nfcdep.js:218 NFC DATA SENT: 00a4040008a0000006472f000100
C:\Users\makmo\AppData\Local\F\app-1.1.0\resources\app\dependencies\transports\nfcdep.js:223 NFC DATA RECEIVED: 5532465f56329000
C:\Users\makmo\AppData\Local\F\app-1.1.0\resources\app\dependencies\transports\nfcdep.js:191 RECEIVED  SW_NO_ERROR
C:\Users\makmo\AppData\Local\F\app-1.1.0\resources\app\dependencies\transports\nfcdep.js:218 NFC DATA SENT: 80100000ff0400
C:\Users\makmo\AppData\Local\F\app-1.1.0\resources\app\dependencies\transports\nfcdep.js:223 NFC DATA RECEIVED: 6700
C:\Users\makmo\AppData\Local\F\app-1.1.0\resources\app\dependencies\transports\nfcdep.js:191 RECEIVED  SW_WRONG_LENGTH
controller.js:331 Test started: F-4

        Send CTAP2 getInfo(0x04) wrapped in Extended APDU with invalid Lc, and check that authenticator returns APDU error SW_WRONG_LENGTH(0x6700)

    
C:\Users\makmo\AppData\Local\F\app-1.1.0\resources\app\dependencies\transports\nfcdep.js:102 Selected protocol "2" for reader "Sony FeliCa Port/PaSoRi 3.0 0"
C:\Users\makmo\AppData\Local\F\app-1.1.0\resources\app\dependencies\transports\nfcdep.js:218 NFC DATA SENT: 00a4040008a0000006472f000100
C:\Users\makmo\AppData\Local\F\app-1.1.0\resources\app\dependencies\transports\nfcdep.js:223 NFC DATA RECEIVED: 5532465f56329000
C:\Users\makmo\AppData\Local\F\app-1.1.0\resources\app\dependencies\transports\nfcdep.js:191 RECEIVED  SW_NO_ERROR
C:\Users\makmo\AppData\Local\F\app-1.1.0\resources\app\dependencies\transports\nfcdep.js:218 NFC DATA SENT: 801000000000ff040000
C:\Users\makmo\AppData\Local\F\app-1.1.0\resources\app\dependencies\transports\nfcdep.js:223 NFC DATA RECEIVED: 6700
C:\Users\makmo\AppData\Local\F\app-1.1.0\resources\app\dependencies\transports\nfcdep.js:191 RECEIVED  SW_WRONG_LENGTH
C:\Users\makmo\AppData\Local\F\app-1.1.0\resources\app\dependencies\transports\nfcdep.js:102 Selected protocol "2" for reader "Sony FeliCa Port/PaSoRi 3.0 0"
